{
  "stats": {
    "suites": 2,
    "tests": 6,
    "passes": 6,
    "pending": 0,
    "failures": 0,
    "start": "2017-08-23T10:57:12.201Z",
    "end": "2017-08-23T10:57:30.434Z",
    "duration": 18233,
    "testsRegistered": 6,
    "passPercent": 100,
    "pendingPercent": 0,
    "other": 0,
    "hasOther": false,
    "skipped": 0,
    "hasSkipped": false,
    "passPercentClass": "success",
    "pendingPercentClass": "danger"
  },
  "suites": {
    "title": "",
    "suites": [
      {
        "title": "Verification of Actions functions on Test Automation Example Page",
        "suites": [
          {
            "title": "Verification of sendkeys ",
            "suites": [],
            "tests": [
              {
                "title": "Given User opens TAF Example Page",
                "fullTitle": "Verification of Actions functions on Test Automation Example Page Verification of sendkeys  Given User opens TAF Example Page",
                "timedOut": false,
                "duration": 15325,
                "state": "passed",
                "speed": "slow",
                "pass": true,
                "fail": false,
                "pending": false,
                "code": "iterator(this, subject, done);",
                "err": {},
                "isRoot": false,
                "uuid": "5544acf3-a44f-47d2-88e0-3691b640abed",
                "parentUUID": "0f7a6aae-7b78-4991-919d-01bfcebcb4aa",
                "isHook": false,
                "skipped": false
              },
              {
                "title": "Then  User uses send keys method on Text box",
                "fullTitle": "Verification of Actions functions on Test Automation Example Page Verification of sendkeys  Then  User uses send keys method on Text box",
                "timedOut": false,
                "duration": 503,
                "state": "passed",
                "speed": "slow",
                "pass": true,
                "fail": false,
                "pending": false,
                "code": "iterator(this, subject, done);",
                "err": {},
                "isRoot": false,
                "uuid": "ac796135-e1fb-45ac-a8fb-7a0aba5c277f",
                "parentUUID": "0f7a6aae-7b78-4991-919d-01bfcebcb4aa",
                "isHook": false,
                "skipped": false
              },
              {
                "title": "Then  User selects Options radio button",
                "fullTitle": "Verification of Actions functions on Test Automation Example Page Verification of sendkeys  Then  User selects Options radio button",
                "timedOut": false,
                "duration": 361,
                "state": "passed",
                "speed": "slow",
                "pass": true,
                "fail": false,
                "pending": false,
                "code": "iterator(this, subject, done);",
                "err": {},
                "isRoot": false,
                "uuid": "dcb8f15c-f639-4cb8-9970-60d0b704b05d",
                "parentUUID": "0f7a6aae-7b78-4991-919d-01bfcebcb4aa",
                "isHook": false,
                "skipped": false
              },
              {
                "title": "Then  User selects options from select menu",
                "fullTitle": "Verification of Actions functions on Test Automation Example Page Verification of sendkeys  Then  User selects options from select menu",
                "timedOut": false,
                "duration": 424,
                "state": "passed",
                "speed": "slow",
                "pass": true,
                "fail": false,
                "pending": false,
                "code": "iterator(this, subject, done);",
                "err": {},
                "isRoot": false,
                "uuid": "02c91885-7ef3-4451-bacc-6d4ad87e56af",
                "parentUUID": "0f7a6aae-7b78-4991-919d-01bfcebcb4aa",
                "isHook": false,
                "skipped": false
              },
              {
                "title": "Then  User select Mutual Funds and ETFs checkbox",
                "fullTitle": "Verification of Actions functions on Test Automation Example Page Verification of sendkeys  Then  User select Mutual Funds and ETFs checkbox",
                "timedOut": false,
                "duration": 536,
                "state": "passed",
                "speed": "slow",
                "pass": true,
                "fail": false,
                "pending": false,
                "code": "iterator(this, subject, done);",
                "err": {},
                "isRoot": false,
                "uuid": "7bb1c4aa-7a96-49e5-ac1a-db5324406cdc",
                "parentUUID": "0f7a6aae-7b78-4991-919d-01bfcebcb4aa",
                "isHook": false,
                "skipped": false
              },
              {
                "title": "Then  User uncheck ETFs checkbox",
                "fullTitle": "Verification of Actions functions on Test Automation Example Page Verification of sendkeys  Then  User uncheck ETFs checkbox",
                "timedOut": false,
                "duration": 330,
                "state": "passed",
                "speed": "slow",
                "pass": true,
                "fail": false,
                "pending": false,
                "code": "iterator(this, subject, done);",
                "err": {},
                "isRoot": false,
                "uuid": "d6717e35-830e-4120-983c-7cf9c33a05dd",
                "parentUUID": "0f7a6aae-7b78-4991-919d-01bfcebcb4aa",
                "isHook": false,
                "skipped": false
              }
            ],
            "pending": [],
            "root": false,
            "_timeout": 50000,
            "file": "\\example\\test.js",
            "uuid": "0f7a6aae-7b78-4991-919d-01bfcebcb4aa",
            "beforeHooks": [],
            "afterHooks": [],
            "fullFile": "D:\\TAF\\256\\mochaautomation\\example\\test.js",
            "passes": [
              {
                "title": "Given User opens TAF Example Page",
                "fullTitle": "Verification of Actions functions on Test Automation Example Page Verification of sendkeys  Given User opens TAF Example Page",
                "timedOut": false,
                "duration": 15325,
                "state": "passed",
                "speed": "slow",
                "pass": true,
                "fail": false,
                "pending": false,
                "code": "iterator(this, subject, done);",
                "err": {},
                "isRoot": false,
                "uuid": "5544acf3-a44f-47d2-88e0-3691b640abed",
                "parentUUID": "0f7a6aae-7b78-4991-919d-01bfcebcb4aa",
                "isHook": false,
                "skipped": false
              },
              {
                "title": "Then  User uses send keys method on Text box",
                "fullTitle": "Verification of Actions functions on Test Automation Example Page Verification of sendkeys  Then  User uses send keys method on Text box",
                "timedOut": false,
                "duration": 503,
                "state": "passed",
                "speed": "slow",
                "pass": true,
                "fail": false,
                "pending": false,
                "code": "iterator(this, subject, done);",
                "err": {},
                "isRoot": false,
                "uuid": "ac796135-e1fb-45ac-a8fb-7a0aba5c277f",
                "parentUUID": "0f7a6aae-7b78-4991-919d-01bfcebcb4aa",
                "isHook": false,
                "skipped": false
              },
              {
                "title": "Then  User selects Options radio button",
                "fullTitle": "Verification of Actions functions on Test Automation Example Page Verification of sendkeys  Then  User selects Options radio button",
                "timedOut": false,
                "duration": 361,
                "state": "passed",
                "speed": "slow",
                "pass": true,
                "fail": false,
                "pending": false,
                "code": "iterator(this, subject, done);",
                "err": {},
                "isRoot": false,
                "uuid": "dcb8f15c-f639-4cb8-9970-60d0b704b05d",
                "parentUUID": "0f7a6aae-7b78-4991-919d-01bfcebcb4aa",
                "isHook": false,
                "skipped": false
              },
              {
                "title": "Then  User selects options from select menu",
                "fullTitle": "Verification of Actions functions on Test Automation Example Page Verification of sendkeys  Then  User selects options from select menu",
                "timedOut": false,
                "duration": 424,
                "state": "passed",
                "speed": "slow",
                "pass": true,
                "fail": false,
                "pending": false,
                "code": "iterator(this, subject, done);",
                "err": {},
                "isRoot": false,
                "uuid": "02c91885-7ef3-4451-bacc-6d4ad87e56af",
                "parentUUID": "0f7a6aae-7b78-4991-919d-01bfcebcb4aa",
                "isHook": false,
                "skipped": false
              },
              {
                "title": "Then  User select Mutual Funds and ETFs checkbox",
                "fullTitle": "Verification of Actions functions on Test Automation Example Page Verification of sendkeys  Then  User select Mutual Funds and ETFs checkbox",
                "timedOut": false,
                "duration": 536,
                "state": "passed",
                "speed": "slow",
                "pass": true,
                "fail": false,
                "pending": false,
                "code": "iterator(this, subject, done);",
                "err": {},
                "isRoot": false,
                "uuid": "7bb1c4aa-7a96-49e5-ac1a-db5324406cdc",
                "parentUUID": "0f7a6aae-7b78-4991-919d-01bfcebcb4aa",
                "isHook": false,
                "skipped": false
              },
              {
                "title": "Then  User uncheck ETFs checkbox",
                "fullTitle": "Verification of Actions functions on Test Automation Example Page Verification of sendkeys  Then  User uncheck ETFs checkbox",
                "timedOut": false,
                "duration": 330,
                "state": "passed",
                "speed": "slow",
                "pass": true,
                "fail": false,
                "pending": false,
                "code": "iterator(this, subject, done);",
                "err": {},
                "isRoot": false,
                "uuid": "d6717e35-830e-4120-983c-7cf9c33a05dd",
                "parentUUID": "0f7a6aae-7b78-4991-919d-01bfcebcb4aa",
                "isHook": false,
                "skipped": false
              }
            ],
            "failures": [],
            "skipped": [],
            "hasBeforeHooks": false,
            "hasAfterHooks": false,
            "hasTests": true,
            "hasSuites": false,
            "totalTests": 6,
            "totalPasses": 6,
            "totalFailures": 0,
            "totalPending": 0,
            "totalSkipped": 0,
            "hasPasses": true,
            "hasFailures": false,
            "hasPending": false,
            "hasSkipped": false,
            "duration": 17479,
            "rootEmpty": false
          }
        ],
        "tests": [],
        "pending": [],
        "root": false,
        "_timeout": 50000,
        "file": "\\example\\test.js",
        "uuid": "95e02163-e1c7-4b69-b9f4-701775580fa3",
        "beforeHooks": [
          {
            "title": "\"before all\" hook",
            "fullTitle": "Verification of Actions functions on Test Automation Example Page \"before all\" hook",
            "timedOut": false,
            "duration": 409,
            "pass": false,
            "fail": false,
            "pending": false,
            "code": "log.info('Start of the automation test Execution');\n       \n  driver = new webdriver.Builder().usingServer().withCapabilities({'browserName': gBrowser}).build();\n\ndriver.manage().timeouts().implicitlyWait(10000);\ndone();",
            "err": {},
            "isRoot": false,
            "uuid": "1fd55ecb-72a7-47a0-b151-7370860bc867",
            "parentUUID": "95e02163-e1c7-4b69-b9f4-701775580fa3",
            "isHook": true,
            "skipped": false
          }
        ],
        "afterHooks": [
          {
            "title": "\"after all\" hook",
            "fullTitle": "Verification of Actions functions on Test Automation Example Page \"after all\" hook",
            "timedOut": false,
            "duration": 317,
            "pass": false,
            "fail": false,
            "pending": false,
            "code": "log.info('End of the automation test Execution');\ndriver.quit().then(done);",
            "err": {},
            "isRoot": false,
            "uuid": "99850179-1a71-44c9-aaee-7a24b18b937b",
            "parentUUID": "95e02163-e1c7-4b69-b9f4-701775580fa3",
            "isHook": true,
            "skipped": false
          },
          {
            "title": "\"after each\" hook",
            "fullTitle": "Verification of Actions functions on Test Automation Example Page \"after each\" hook",
            "timedOut": false,
            "duration": 0,
            "pass": false,
            "fail": false,
            "pending": false,
            "code": "takeScreenshotOnFailure(this.currentTest);",
            "err": {},
            "isRoot": false,
            "uuid": "d6db0d2a-0d94-4b47-957f-22f59c144596",
            "parentUUID": "95e02163-e1c7-4b69-b9f4-701775580fa3",
            "isHook": true,
            "skipped": false
          }
        ],
        "fullFile": "D:\\TAF\\256\\mochaautomation\\example\\test.js",
        "passes": [],
        "failures": [],
        "skipped": [],
        "hasBeforeHooks": true,
        "hasAfterHooks": true,
        "hasTests": false,
        "hasSuites": true,
        "totalTests": 0,
        "totalPasses": 0,
        "totalFailures": 0,
        "totalPending": 0,
        "totalSkipped": 0,
        "hasPasses": false,
        "hasFailures": false,
        "hasPending": false,
        "hasSkipped": false,
        "duration": 0,
        "rootEmpty": false
      }
    ],
    "tests": [],
    "pending": [],
    "root": true,
    "_timeout": 50000,
    "uuid": "23e9dfc0-4cd7-41b4-8cc4-5dfaeb0265a0",
    "beforeHooks": [],
    "afterHooks": [],
    "fullFile": "",
    "file": "",
    "passes": [],
    "failures": [],
    "skipped": [],
    "hasBeforeHooks": false,
    "hasAfterHooks": false,
    "hasTests": false,
    "hasSuites": true,
    "totalTests": 0,
    "totalPasses": 0,
    "totalFailures": 0,
    "totalPending": 0,
    "totalSkipped": 0,
    "hasPasses": false,
    "hasFailures": false,
    "hasPending": false,
    "hasSkipped": false,
    "duration": 0,
    "rootEmpty": true
  },
  "allTests": [
    {
      "title": "Given User opens TAF Example Page",
      "fullTitle": "Verification of sendkeys  Given User opens TAF Example Page",
      "timedOut": false,
      "duration": 15325,
      "state": "passed",
      "speed": "slow",
      "pass": true,
      "fail": false,
      "pending": false,
      "code": "iterator(this, subject, done);",
      "err": {},
      "isRoot": false,
      "uuid": "5544acf3-a44f-47d2-88e0-3691b640abed",
      "parentUUID": "0f7a6aae-7b78-4991-919d-01bfcebcb4aa",
      "isHook": false,
      "skipped": false
    },
    {
      "title": "Then  User uses send keys method on Text box",
      "fullTitle": "Verification of sendkeys  Then  User uses send keys method on Text box",
      "timedOut": false,
      "duration": 503,
      "state": "passed",
      "speed": "slow",
      "pass": true,
      "fail": false,
      "pending": false,
      "code": "iterator(this, subject, done);",
      "err": {},
      "isRoot": false,
      "uuid": "ac796135-e1fb-45ac-a8fb-7a0aba5c277f",
      "parentUUID": "0f7a6aae-7b78-4991-919d-01bfcebcb4aa",
      "isHook": false,
      "skipped": false
    },
    {
      "title": "Then  User selects Options radio button",
      "fullTitle": "Verification of sendkeys  Then  User selects Options radio button",
      "timedOut": false,
      "duration": 361,
      "state": "passed",
      "speed": "slow",
      "pass": true,
      "fail": false,
      "pending": false,
      "code": "iterator(this, subject, done);",
      "err": {},
      "isRoot": false,
      "uuid": "dcb8f15c-f639-4cb8-9970-60d0b704b05d",
      "parentUUID": "0f7a6aae-7b78-4991-919d-01bfcebcb4aa",
      "isHook": false,
      "skipped": false
    },
    {
      "title": "Then  User selects options from select menu",
      "fullTitle": "Verification of sendkeys  Then  User selects options from select menu",
      "timedOut": false,
      "duration": 424,
      "state": "passed",
      "speed": "slow",
      "pass": true,
      "fail": false,
      "pending": false,
      "code": "iterator(this, subject, done);",
      "err": {},
      "isRoot": false,
      "uuid": "02c91885-7ef3-4451-bacc-6d4ad87e56af",
      "parentUUID": "0f7a6aae-7b78-4991-919d-01bfcebcb4aa",
      "isHook": false,
      "skipped": false
    },
    {
      "title": "Then  User select Mutual Funds and ETFs checkbox",
      "fullTitle": "Verification of sendkeys  Then  User select Mutual Funds and ETFs checkbox",
      "timedOut": false,
      "duration": 536,
      "state": "passed",
      "speed": "slow",
      "pass": true,
      "fail": false,
      "pending": false,
      "code": "iterator(this, subject, done);",
      "err": {},
      "isRoot": false,
      "uuid": "7bb1c4aa-7a96-49e5-ac1a-db5324406cdc",
      "parentUUID": "0f7a6aae-7b78-4991-919d-01bfcebcb4aa",
      "isHook": false,
      "skipped": false
    },
    {
      "title": "Then  User uncheck ETFs checkbox",
      "fullTitle": "Verification of sendkeys  Then  User uncheck ETFs checkbox",
      "timedOut": false,
      "duration": 330,
      "state": "passed",
      "speed": "slow",
      "pass": true,
      "fail": false,
      "pending": false,
      "code": "iterator(this, subject, done);",
      "err": {},
      "isRoot": false,
      "uuid": "d6717e35-830e-4120-983c-7cf9c33a05dd",
      "parentUUID": "0f7a6aae-7b78-4991-919d-01bfcebcb4aa",
      "isHook": false,
      "skipped": false
    }
  ],
  "allPending": [],
  "allPasses": [
    {
      "title": "Given User opens TAF Example Page",
      "fullTitle": "Verification of sendkeys  Given User opens TAF Example Page",
      "timedOut": false,
      "duration": 15325,
      "state": "passed",
      "speed": "slow",
      "pass": true,
      "fail": false,
      "pending": false,
      "code": "iterator(this, subject, done);",
      "err": {},
      "isRoot": false,
      "uuid": "5544acf3-a44f-47d2-88e0-3691b640abed",
      "parentUUID": "0f7a6aae-7b78-4991-919d-01bfcebcb4aa",
      "isHook": false,
      "skipped": false
    },
    {
      "title": "Then  User uses send keys method on Text box",
      "fullTitle": "Verification of sendkeys  Then  User uses send keys method on Text box",
      "timedOut": false,
      "duration": 503,
      "state": "passed",
      "speed": "slow",
      "pass": true,
      "fail": false,
      "pending": false,
      "code": "iterator(this, subject, done);",
      "err": {},
      "isRoot": false,
      "uuid": "ac796135-e1fb-45ac-a8fb-7a0aba5c277f",
      "parentUUID": "0f7a6aae-7b78-4991-919d-01bfcebcb4aa",
      "isHook": false,
      "skipped": false
    },
    {
      "title": "Then  User selects Options radio button",
      "fullTitle": "Verification of sendkeys  Then  User selects Options radio button",
      "timedOut": false,
      "duration": 361,
      "state": "passed",
      "speed": "slow",
      "pass": true,
      "fail": false,
      "pending": false,
      "code": "iterator(this, subject, done);",
      "err": {},
      "isRoot": false,
      "uuid": "dcb8f15c-f639-4cb8-9970-60d0b704b05d",
      "parentUUID": "0f7a6aae-7b78-4991-919d-01bfcebcb4aa",
      "isHook": false,
      "skipped": false
    },
    {
      "title": "Then  User selects options from select menu",
      "fullTitle": "Verification of sendkeys  Then  User selects options from select menu",
      "timedOut": false,
      "duration": 424,
      "state": "passed",
      "speed": "slow",
      "pass": true,
      "fail": false,
      "pending": false,
      "code": "iterator(this, subject, done);",
      "err": {},
      "isRoot": false,
      "uuid": "02c91885-7ef3-4451-bacc-6d4ad87e56af",
      "parentUUID": "0f7a6aae-7b78-4991-919d-01bfcebcb4aa",
      "isHook": false,
      "skipped": false
    },
    {
      "title": "Then  User select Mutual Funds and ETFs checkbox",
      "fullTitle": "Verification of sendkeys  Then  User select Mutual Funds and ETFs checkbox",
      "timedOut": false,
      "duration": 536,
      "state": "passed",
      "speed": "slow",
      "pass": true,
      "fail": false,
      "pending": false,
      "code": "iterator(this, subject, done);",
      "err": {},
      "isRoot": false,
      "uuid": "7bb1c4aa-7a96-49e5-ac1a-db5324406cdc",
      "parentUUID": "0f7a6aae-7b78-4991-919d-01bfcebcb4aa",
      "isHook": false,
      "skipped": false
    },
    {
      "title": "Then  User uncheck ETFs checkbox",
      "fullTitle": "Verification of sendkeys  Then  User uncheck ETFs checkbox",
      "timedOut": false,
      "duration": 330,
      "state": "passed",
      "speed": "slow",
      "pass": true,
      "fail": false,
      "pending": false,
      "code": "iterator(this, subject, done);",
      "err": {},
      "isRoot": false,
      "uuid": "d6717e35-830e-4120-983c-7cf9c33a05dd",
      "parentUUID": "0f7a6aae-7b78-4991-919d-01bfcebcb4aa",
      "isHook": false,
      "skipped": false
    }
  ],
  "allFailures": [],
  "copyrightYear": 2017
}