{
  "stats": {
    "suites": 2,
    "tests": 9,
    "passes": 9,
    "pending": 0,
    "failures": 0,
    "start": "2017-08-23T12:53:37.196Z",
    "end": "2017-08-23T12:54:17.943Z",
    "duration": 40747,
    "testsRegistered": 9,
    "passPercent": 100,
    "pendingPercent": 0,
    "other": 0,
    "hasOther": false,
    "skipped": 0,
    "hasSkipped": false,
    "passPercentClass": "success",
    "pendingPercentClass": "danger"
  },
  "suites": {
    "title": "",
    "suites": [
      {
        "title": "Verification of Actions functions on Test Automation Example Page",
        "suites": [
          {
            "title": "Verification of Action Functions ",
            "suites": [],
            "tests": [
              {
                "title": "Given User is on TAF Example Page",
                "fullTitle": "Verification of Actions functions on Test Automation Example Page Verification of Action Functions  Given User is on TAF Example Page",
                "timedOut": false,
                "duration": 16749,
                "state": "passed",
                "speed": "slow",
                "pass": true,
                "fail": false,
                "pending": false,
                "code": "iterator(this, subject, done);",
                "err": {},
                "isRoot": false,
                "uuid": "4361f07b-1dca-4595-8ceb-3d710d49eafa",
                "parentUUID": "e86eb664-57fd-4891-8636-f83cd42dc3b5",
                "isHook": false,
                "skipped": false
              },
              {
                "title": "When  The hidden text is visible",
                "fullTitle": "Verification of Actions functions on Test Automation Example Page Verification of Action Functions  When  The hidden text is visible",
                "timedOut": false,
                "duration": 10041,
                "state": "passed",
                "speed": "slow",
                "pass": true,
                "fail": false,
                "pending": false,
                "code": "iterator(this, subject, done);",
                "err": {},
                "isRoot": false,
                "uuid": "2df1ca88-4c18-4e27-9827-6ef2ffb620ae",
                "parentUUID": "e86eb664-57fd-4891-8636-f83cd42dc3b5",
                "isHook": false,
                "skipped": false
              },
              {
                "title": "Then  User enter text in Text box",
                "fullTitle": "Verification of Actions functions on Test Automation Example Page Verification of Action Functions  Then  User enter text in Text box",
                "timedOut": false,
                "duration": 403,
                "state": "passed",
                "speed": "slow",
                "pass": true,
                "fail": false,
                "pending": false,
                "code": "iterator(this, subject, done);",
                "err": {},
                "isRoot": false,
                "uuid": "10fc56d3-881a-480e-a095-9de1d680ba2c",
                "parentUUID": "e86eb664-57fd-4891-8636-f83cd42dc3b5",
                "isHook": false,
                "skipped": false
              },
              {
                "title": "Then  User selects options from select menu",
                "fullTitle": "Verification of Actions functions on Test Automation Example Page Verification of Action Functions  Then  User selects options from select menu",
                "timedOut": false,
                "duration": 413,
                "state": "passed",
                "speed": "slow",
                "pass": true,
                "fail": false,
                "pending": false,
                "code": "iterator(this, subject, done);",
                "err": {},
                "isRoot": false,
                "uuid": "cef74c8d-989e-4b31-bd90-050767ed4ee0",
                "parentUUID": "e86eb664-57fd-4891-8636-f83cd42dc3b5",
                "isHook": false,
                "skipped": false
              },
              {
                "title": "Then  User select Mutual Funds and ETFs checkbox",
                "fullTitle": "Verification of Actions functions on Test Automation Example Page Verification of Action Functions  Then  User select Mutual Funds and ETFs checkbox",
                "timedOut": false,
                "duration": 488,
                "state": "passed",
                "speed": "slow",
                "pass": true,
                "fail": false,
                "pending": false,
                "code": "iterator(this, subject, done);",
                "err": {},
                "isRoot": false,
                "uuid": "ec5b229d-5dae-4bf1-a333-a0526b319e7d",
                "parentUUID": "e86eb664-57fd-4891-8636-f83cd42dc3b5",
                "isHook": false,
                "skipped": false
              },
              {
                "title": "Then  User uncheck ETFs checkbox",
                "fullTitle": "Verification of Actions functions on Test Automation Example Page Verification of Action Functions  Then  User uncheck ETFs checkbox",
                "timedOut": false,
                "duration": 308,
                "state": "passed",
                "speed": "slow",
                "pass": true,
                "fail": false,
                "pending": false,
                "code": "iterator(this, subject, done);",
                "err": {},
                "isRoot": false,
                "uuid": "0ca654c4-9f49-4096-983b-cd012d48d836",
                "parentUUID": "e86eb664-57fd-4891-8636-f83cd42dc3b5",
                "isHook": false,
                "skipped": false
              },
              {
                "title": "Then  User selects Options radio button",
                "fullTitle": "Verification of Actions functions on Test Automation Example Page Verification of Action Functions  Then  User selects Options radio button",
                "timedOut": false,
                "duration": 350,
                "state": "passed",
                "speed": "slow",
                "pass": true,
                "fail": false,
                "pending": false,
                "code": "iterator(this, subject, done);",
                "err": {},
                "isRoot": false,
                "uuid": "ea580cae-5a97-479a-b9dd-9d697883789f",
                "parentUUID": "e86eb664-57fd-4891-8636-f83cd42dc3b5",
                "isHook": false,
                "skipped": false
              },
              {
                "title": "Then  User performs mouseover on hover text",
                "fullTitle": "Verification of Actions functions on Test Automation Example Page Verification of Action Functions  Then  User performs mouseover on hover text",
                "timedOut": false,
                "duration": 309,
                "state": "passed",
                "speed": "slow",
                "pass": true,
                "fail": false,
                "pending": false,
                "code": "iterator(this, subject, done);",
                "err": {},
                "isRoot": false,
                "uuid": "4a05f9c6-4af6-4f6b-b6e7-e4872def9176",
                "parentUUID": "e86eb664-57fd-4891-8636-f83cd42dc3b5",
                "isHook": false,
                "skipped": false
              },
              {
                "title": "Then  User clicks on link to open new window",
                "fullTitle": "Verification of Actions functions on Test Automation Example Page Verification of Action Functions  Then  User clicks on link to open new window",
                "timedOut": false,
                "duration": 10940,
                "state": "passed",
                "speed": "slow",
                "pass": true,
                "fail": false,
                "pending": false,
                "code": "iterator(this, subject, done);",
                "err": {},
                "isRoot": false,
                "uuid": "c8125364-6c9c-4e84-8280-c1e9eb5ce522",
                "parentUUID": "e86eb664-57fd-4891-8636-f83cd42dc3b5",
                "isHook": false,
                "skipped": false
              }
            ],
            "pending": [],
            "root": false,
            "_timeout": 50000,
            "file": "\\example\\test.js",
            "uuid": "e86eb664-57fd-4891-8636-f83cd42dc3b5",
            "beforeHooks": [],
            "afterHooks": [],
            "fullFile": "D:\\TAF\\256\\mochaautomation\\example\\test.js",
            "passes": [
              {
                "title": "Given User is on TAF Example Page",
                "fullTitle": "Verification of Actions functions on Test Automation Example Page Verification of Action Functions  Given User is on TAF Example Page",
                "timedOut": false,
                "duration": 16749,
                "state": "passed",
                "speed": "slow",
                "pass": true,
                "fail": false,
                "pending": false,
                "code": "iterator(this, subject, done);",
                "err": {},
                "isRoot": false,
                "uuid": "4361f07b-1dca-4595-8ceb-3d710d49eafa",
                "parentUUID": "e86eb664-57fd-4891-8636-f83cd42dc3b5",
                "isHook": false,
                "skipped": false
              },
              {
                "title": "When  The hidden text is visible",
                "fullTitle": "Verification of Actions functions on Test Automation Example Page Verification of Action Functions  When  The hidden text is visible",
                "timedOut": false,
                "duration": 10041,
                "state": "passed",
                "speed": "slow",
                "pass": true,
                "fail": false,
                "pending": false,
                "code": "iterator(this, subject, done);",
                "err": {},
                "isRoot": false,
                "uuid": "2df1ca88-4c18-4e27-9827-6ef2ffb620ae",
                "parentUUID": "e86eb664-57fd-4891-8636-f83cd42dc3b5",
                "isHook": false,
                "skipped": false
              },
              {
                "title": "Then  User enter text in Text box",
                "fullTitle": "Verification of Actions functions on Test Automation Example Page Verification of Action Functions  Then  User enter text in Text box",
                "timedOut": false,
                "duration": 403,
                "state": "passed",
                "speed": "slow",
                "pass": true,
                "fail": false,
                "pending": false,
                "code": "iterator(this, subject, done);",
                "err": {},
                "isRoot": false,
                "uuid": "10fc56d3-881a-480e-a095-9de1d680ba2c",
                "parentUUID": "e86eb664-57fd-4891-8636-f83cd42dc3b5",
                "isHook": false,
                "skipped": false
              },
              {
                "title": "Then  User selects options from select menu",
                "fullTitle": "Verification of Actions functions on Test Automation Example Page Verification of Action Functions  Then  User selects options from select menu",
                "timedOut": false,
                "duration": 413,
                "state": "passed",
                "speed": "slow",
                "pass": true,
                "fail": false,
                "pending": false,
                "code": "iterator(this, subject, done);",
                "err": {},
                "isRoot": false,
                "uuid": "cef74c8d-989e-4b31-bd90-050767ed4ee0",
                "parentUUID": "e86eb664-57fd-4891-8636-f83cd42dc3b5",
                "isHook": false,
                "skipped": false
              },
              {
                "title": "Then  User select Mutual Funds and ETFs checkbox",
                "fullTitle": "Verification of Actions functions on Test Automation Example Page Verification of Action Functions  Then  User select Mutual Funds and ETFs checkbox",
                "timedOut": false,
                "duration": 488,
                "state": "passed",
                "speed": "slow",
                "pass": true,
                "fail": false,
                "pending": false,
                "code": "iterator(this, subject, done);",
                "err": {},
                "isRoot": false,
                "uuid": "ec5b229d-5dae-4bf1-a333-a0526b319e7d",
                "parentUUID": "e86eb664-57fd-4891-8636-f83cd42dc3b5",
                "isHook": false,
                "skipped": false
              },
              {
                "title": "Then  User uncheck ETFs checkbox",
                "fullTitle": "Verification of Actions functions on Test Automation Example Page Verification of Action Functions  Then  User uncheck ETFs checkbox",
                "timedOut": false,
                "duration": 308,
                "state": "passed",
                "speed": "slow",
                "pass": true,
                "fail": false,
                "pending": false,
                "code": "iterator(this, subject, done);",
                "err": {},
                "isRoot": false,
                "uuid": "0ca654c4-9f49-4096-983b-cd012d48d836",
                "parentUUID": "e86eb664-57fd-4891-8636-f83cd42dc3b5",
                "isHook": false,
                "skipped": false
              },
              {
                "title": "Then  User selects Options radio button",
                "fullTitle": "Verification of Actions functions on Test Automation Example Page Verification of Action Functions  Then  User selects Options radio button",
                "timedOut": false,
                "duration": 350,
                "state": "passed",
                "speed": "slow",
                "pass": true,
                "fail": false,
                "pending": false,
                "code": "iterator(this, subject, done);",
                "err": {},
                "isRoot": false,
                "uuid": "ea580cae-5a97-479a-b9dd-9d697883789f",
                "parentUUID": "e86eb664-57fd-4891-8636-f83cd42dc3b5",
                "isHook": false,
                "skipped": false
              },
              {
                "title": "Then  User performs mouseover on hover text",
                "fullTitle": "Verification of Actions functions on Test Automation Example Page Verification of Action Functions  Then  User performs mouseover on hover text",
                "timedOut": false,
                "duration": 309,
                "state": "passed",
                "speed": "slow",
                "pass": true,
                "fail": false,
                "pending": false,
                "code": "iterator(this, subject, done);",
                "err": {},
                "isRoot": false,
                "uuid": "4a05f9c6-4af6-4f6b-b6e7-e4872def9176",
                "parentUUID": "e86eb664-57fd-4891-8636-f83cd42dc3b5",
                "isHook": false,
                "skipped": false
              },
              {
                "title": "Then  User clicks on link to open new window",
                "fullTitle": "Verification of Actions functions on Test Automation Example Page Verification of Action Functions  Then  User clicks on link to open new window",
                "timedOut": false,
                "duration": 10940,
                "state": "passed",
                "speed": "slow",
                "pass": true,
                "fail": false,
                "pending": false,
                "code": "iterator(this, subject, done);",
                "err": {},
                "isRoot": false,
                "uuid": "c8125364-6c9c-4e84-8280-c1e9eb5ce522",
                "parentUUID": "e86eb664-57fd-4891-8636-f83cd42dc3b5",
                "isHook": false,
                "skipped": false
              }
            ],
            "failures": [],
            "skipped": [],
            "hasBeforeHooks": false,
            "hasAfterHooks": false,
            "hasTests": true,
            "hasSuites": false,
            "totalTests": 9,
            "totalPasses": 9,
            "totalFailures": 0,
            "totalPending": 0,
            "totalSkipped": 0,
            "hasPasses": true,
            "hasFailures": false,
            "hasPending": false,
            "hasSkipped": false,
            "duration": 40001,
            "rootEmpty": false
          }
        ],
        "tests": [],
        "pending": [],
        "root": false,
        "_timeout": 50000,
        "file": "\\example\\test.js",
        "uuid": "a6d2f30d-b838-4ee5-9e95-44ad844301ed",
        "beforeHooks": [
          {
            "title": "\"before all\" hook",
            "fullTitle": "Verification of Actions functions on Test Automation Example Page \"before all\" hook",
            "timedOut": false,
            "duration": 407,
            "pass": false,
            "fail": false,
            "pending": false,
            "code": "log.info('Start of the automation test Execution');\n       \n  driver = new webdriver.Builder().usingServer().withCapabilities({'browserName': gBrowser}).build();\n\ndriver.manage().timeouts().implicitlyWait(10000);\ndone();",
            "err": {},
            "isRoot": false,
            "uuid": "c04dbf8a-1403-4792-b5ef-b172acb75c1f",
            "parentUUID": "a6d2f30d-b838-4ee5-9e95-44ad844301ed",
            "isHook": true,
            "skipped": false
          }
        ],
        "afterHooks": [
          {
            "title": "\"after all\" hook",
            "fullTitle": "Verification of Actions functions on Test Automation Example Page \"after all\" hook",
            "timedOut": false,
            "duration": 299,
            "pass": false,
            "fail": false,
            "pending": false,
            "code": "log.info('End of the automation test Execution');\ndriver.quit().then(done);",
            "err": {},
            "isRoot": false,
            "uuid": "344d8657-e6b9-4885-a614-6d3c9f340ac3",
            "parentUUID": "a6d2f30d-b838-4ee5-9e95-44ad844301ed",
            "isHook": true,
            "skipped": false
          },
          {
            "title": "\"after each\" hook",
            "fullTitle": "Verification of Actions functions on Test Automation Example Page \"after each\" hook",
            "timedOut": false,
            "duration": 0,
            "pass": false,
            "fail": false,
            "pending": false,
            "code": "takeScreenshotOnFailure(this.currentTest);",
            "err": {},
            "isRoot": false,
            "uuid": "293db123-341d-4a57-8d03-cb476be2d4d5",
            "parentUUID": "a6d2f30d-b838-4ee5-9e95-44ad844301ed",
            "isHook": true,
            "skipped": false
          }
        ],
        "fullFile": "D:\\TAF\\256\\mochaautomation\\example\\test.js",
        "passes": [],
        "failures": [],
        "skipped": [],
        "hasBeforeHooks": true,
        "hasAfterHooks": true,
        "hasTests": false,
        "hasSuites": true,
        "totalTests": 0,
        "totalPasses": 0,
        "totalFailures": 0,
        "totalPending": 0,
        "totalSkipped": 0,
        "hasPasses": false,
        "hasFailures": false,
        "hasPending": false,
        "hasSkipped": false,
        "duration": 0,
        "rootEmpty": false
      }
    ],
    "tests": [],
    "pending": [],
    "root": true,
    "_timeout": 50000,
    "uuid": "75e3193b-5f14-4ad7-8f5a-a8d91b0e7521",
    "beforeHooks": [],
    "afterHooks": [],
    "fullFile": "",
    "file": "",
    "passes": [],
    "failures": [],
    "skipped": [],
    "hasBeforeHooks": false,
    "hasAfterHooks": false,
    "hasTests": false,
    "hasSuites": true,
    "totalTests": 0,
    "totalPasses": 0,
    "totalFailures": 0,
    "totalPending": 0,
    "totalSkipped": 0,
    "hasPasses": false,
    "hasFailures": false,
    "hasPending": false,
    "hasSkipped": false,
    "duration": 0,
    "rootEmpty": true
  },
  "allTests": [
    {
      "title": "Given User is on TAF Example Page",
      "fullTitle": "Verification of Action Functions  Given User is on TAF Example Page",
      "timedOut": false,
      "duration": 16749,
      "state": "passed",
      "speed": "slow",
      "pass": true,
      "fail": false,
      "pending": false,
      "code": "iterator(this, subject, done);",
      "err": {},
      "isRoot": false,
      "uuid": "4361f07b-1dca-4595-8ceb-3d710d49eafa",
      "parentUUID": "e86eb664-57fd-4891-8636-f83cd42dc3b5",
      "isHook": false,
      "skipped": false
    },
    {
      "title": "When  The hidden text is visible",
      "fullTitle": "Verification of Action Functions  When  The hidden text is visible",
      "timedOut": false,
      "duration": 10041,
      "state": "passed",
      "speed": "slow",
      "pass": true,
      "fail": false,
      "pending": false,
      "code": "iterator(this, subject, done);",
      "err": {},
      "isRoot": false,
      "uuid": "2df1ca88-4c18-4e27-9827-6ef2ffb620ae",
      "parentUUID": "e86eb664-57fd-4891-8636-f83cd42dc3b5",
      "isHook": false,
      "skipped": false
    },
    {
      "title": "Then  User enter text in Text box",
      "fullTitle": "Verification of Action Functions  Then  User enter text in Text box",
      "timedOut": false,
      "duration": 403,
      "state": "passed",
      "speed": "slow",
      "pass": true,
      "fail": false,
      "pending": false,
      "code": "iterator(this, subject, done);",
      "err": {},
      "isRoot": false,
      "uuid": "10fc56d3-881a-480e-a095-9de1d680ba2c",
      "parentUUID": "e86eb664-57fd-4891-8636-f83cd42dc3b5",
      "isHook": false,
      "skipped": false
    },
    {
      "title": "Then  User selects options from select menu",
      "fullTitle": "Verification of Action Functions  Then  User selects options from select menu",
      "timedOut": false,
      "duration": 413,
      "state": "passed",
      "speed": "slow",
      "pass": true,
      "fail": false,
      "pending": false,
      "code": "iterator(this, subject, done);",
      "err": {},
      "isRoot": false,
      "uuid": "cef74c8d-989e-4b31-bd90-050767ed4ee0",
      "parentUUID": "e86eb664-57fd-4891-8636-f83cd42dc3b5",
      "isHook": false,
      "skipped": false
    },
    {
      "title": "Then  User select Mutual Funds and ETFs checkbox",
      "fullTitle": "Verification of Action Functions  Then  User select Mutual Funds and ETFs checkbox",
      "timedOut": false,
      "duration": 488,
      "state": "passed",
      "speed": "slow",
      "pass": true,
      "fail": false,
      "pending": false,
      "code": "iterator(this, subject, done);",
      "err": {},
      "isRoot": false,
      "uuid": "ec5b229d-5dae-4bf1-a333-a0526b319e7d",
      "parentUUID": "e86eb664-57fd-4891-8636-f83cd42dc3b5",
      "isHook": false,
      "skipped": false
    },
    {
      "title": "Then  User uncheck ETFs checkbox",
      "fullTitle": "Verification of Action Functions  Then  User uncheck ETFs checkbox",
      "timedOut": false,
      "duration": 308,
      "state": "passed",
      "speed": "slow",
      "pass": true,
      "fail": false,
      "pending": false,
      "code": "iterator(this, subject, done);",
      "err": {},
      "isRoot": false,
      "uuid": "0ca654c4-9f49-4096-983b-cd012d48d836",
      "parentUUID": "e86eb664-57fd-4891-8636-f83cd42dc3b5",
      "isHook": false,
      "skipped": false
    },
    {
      "title": "Then  User selects Options radio button",
      "fullTitle": "Verification of Action Functions  Then  User selects Options radio button",
      "timedOut": false,
      "duration": 350,
      "state": "passed",
      "speed": "slow",
      "pass": true,
      "fail": false,
      "pending": false,
      "code": "iterator(this, subject, done);",
      "err": {},
      "isRoot": false,
      "uuid": "ea580cae-5a97-479a-b9dd-9d697883789f",
      "parentUUID": "e86eb664-57fd-4891-8636-f83cd42dc3b5",
      "isHook": false,
      "skipped": false
    },
    {
      "title": "Then  User performs mouseover on hover text",
      "fullTitle": "Verification of Action Functions  Then  User performs mouseover on hover text",
      "timedOut": false,
      "duration": 309,
      "state": "passed",
      "speed": "slow",
      "pass": true,
      "fail": false,
      "pending": false,
      "code": "iterator(this, subject, done);",
      "err": {},
      "isRoot": false,
      "uuid": "4a05f9c6-4af6-4f6b-b6e7-e4872def9176",
      "parentUUID": "e86eb664-57fd-4891-8636-f83cd42dc3b5",
      "isHook": false,
      "skipped": false
    },
    {
      "title": "Then  User clicks on link to open new window",
      "fullTitle": "Verification of Action Functions  Then  User clicks on link to open new window",
      "timedOut": false,
      "duration": 10940,
      "state": "passed",
      "speed": "slow",
      "pass": true,
      "fail": false,
      "pending": false,
      "code": "iterator(this, subject, done);",
      "err": {},
      "isRoot": false,
      "uuid": "c8125364-6c9c-4e84-8280-c1e9eb5ce522",
      "parentUUID": "e86eb664-57fd-4891-8636-f83cd42dc3b5",
      "isHook": false,
      "skipped": false
    }
  ],
  "allPending": [],
  "allPasses": [
    {
      "title": "Given User is on TAF Example Page",
      "fullTitle": "Verification of Action Functions  Given User is on TAF Example Page",
      "timedOut": false,
      "duration": 16749,
      "state": "passed",
      "speed": "slow",
      "pass": true,
      "fail": false,
      "pending": false,
      "code": "iterator(this, subject, done);",
      "err": {},
      "isRoot": false,
      "uuid": "4361f07b-1dca-4595-8ceb-3d710d49eafa",
      "parentUUID": "e86eb664-57fd-4891-8636-f83cd42dc3b5",
      "isHook": false,
      "skipped": false
    },
    {
      "title": "When  The hidden text is visible",
      "fullTitle": "Verification of Action Functions  When  The hidden text is visible",
      "timedOut": false,
      "duration": 10041,
      "state": "passed",
      "speed": "slow",
      "pass": true,
      "fail": false,
      "pending": false,
      "code": "iterator(this, subject, done);",
      "err": {},
      "isRoot": false,
      "uuid": "2df1ca88-4c18-4e27-9827-6ef2ffb620ae",
      "parentUUID": "e86eb664-57fd-4891-8636-f83cd42dc3b5",
      "isHook": false,
      "skipped": false
    },
    {
      "title": "Then  User enter text in Text box",
      "fullTitle": "Verification of Action Functions  Then  User enter text in Text box",
      "timedOut": false,
      "duration": 403,
      "state": "passed",
      "speed": "slow",
      "pass": true,
      "fail": false,
      "pending": false,
      "code": "iterator(this, subject, done);",
      "err": {},
      "isRoot": false,
      "uuid": "10fc56d3-881a-480e-a095-9de1d680ba2c",
      "parentUUID": "e86eb664-57fd-4891-8636-f83cd42dc3b5",
      "isHook": false,
      "skipped": false
    },
    {
      "title": "Then  User selects options from select menu",
      "fullTitle": "Verification of Action Functions  Then  User selects options from select menu",
      "timedOut": false,
      "duration": 413,
      "state": "passed",
      "speed": "slow",
      "pass": true,
      "fail": false,
      "pending": false,
      "code": "iterator(this, subject, done);",
      "err": {},
      "isRoot": false,
      "uuid": "cef74c8d-989e-4b31-bd90-050767ed4ee0",
      "parentUUID": "e86eb664-57fd-4891-8636-f83cd42dc3b5",
      "isHook": false,
      "skipped": false
    },
    {
      "title": "Then  User select Mutual Funds and ETFs checkbox",
      "fullTitle": "Verification of Action Functions  Then  User select Mutual Funds and ETFs checkbox",
      "timedOut": false,
      "duration": 488,
      "state": "passed",
      "speed": "slow",
      "pass": true,
      "fail": false,
      "pending": false,
      "code": "iterator(this, subject, done);",
      "err": {},
      "isRoot": false,
      "uuid": "ec5b229d-5dae-4bf1-a333-a0526b319e7d",
      "parentUUID": "e86eb664-57fd-4891-8636-f83cd42dc3b5",
      "isHook": false,
      "skipped": false
    },
    {
      "title": "Then  User uncheck ETFs checkbox",
      "fullTitle": "Verification of Action Functions  Then  User uncheck ETFs checkbox",
      "timedOut": false,
      "duration": 308,
      "state": "passed",
      "speed": "slow",
      "pass": true,
      "fail": false,
      "pending": false,
      "code": "iterator(this, subject, done);",
      "err": {},
      "isRoot": false,
      "uuid": "0ca654c4-9f49-4096-983b-cd012d48d836",
      "parentUUID": "e86eb664-57fd-4891-8636-f83cd42dc3b5",
      "isHook": false,
      "skipped": false
    },
    {
      "title": "Then  User selects Options radio button",
      "fullTitle": "Verification of Action Functions  Then  User selects Options radio button",
      "timedOut": false,
      "duration": 350,
      "state": "passed",
      "speed": "slow",
      "pass": true,
      "fail": false,
      "pending": false,
      "code": "iterator(this, subject, done);",
      "err": {},
      "isRoot": false,
      "uuid": "ea580cae-5a97-479a-b9dd-9d697883789f",
      "parentUUID": "e86eb664-57fd-4891-8636-f83cd42dc3b5",
      "isHook": false,
      "skipped": false
    },
    {
      "title": "Then  User performs mouseover on hover text",
      "fullTitle": "Verification of Action Functions  Then  User performs mouseover on hover text",
      "timedOut": false,
      "duration": 309,
      "state": "passed",
      "speed": "slow",
      "pass": true,
      "fail": false,
      "pending": false,
      "code": "iterator(this, subject, done);",
      "err": {},
      "isRoot": false,
      "uuid": "4a05f9c6-4af6-4f6b-b6e7-e4872def9176",
      "parentUUID": "e86eb664-57fd-4891-8636-f83cd42dc3b5",
      "isHook": false,
      "skipped": false
    },
    {
      "title": "Then  User clicks on link to open new window",
      "fullTitle": "Verification of Action Functions  Then  User clicks on link to open new window",
      "timedOut": false,
      "duration": 10940,
      "state": "passed",
      "speed": "slow",
      "pass": true,
      "fail": false,
      "pending": false,
      "code": "iterator(this, subject, done);",
      "err": {},
      "isRoot": false,
      "uuid": "c8125364-6c9c-4e84-8280-c1e9eb5ce522",
      "parentUUID": "e86eb664-57fd-4891-8636-f83cd42dc3b5",
      "isHook": false,
      "skipped": false
    }
  ],
  "allFailures": [],
  "copyrightYear": 2017
}