{
  "stats": {
    "suites": 2,
    "tests": 12,
    "passes": 12,
    "pending": 0,
    "failures": 0,
    "start": "2017-08-25T10:36:22.451Z",
    "end": "2017-08-25T10:37:20.597Z",
    "duration": 58146,
    "testsRegistered": 12,
    "passPercent": 100,
    "pendingPercent": 0,
    "other": 0,
    "hasOther": false,
    "skipped": 0,
    "hasSkipped": false,
    "passPercentClass": "success",
    "pendingPercentClass": "danger"
  },
  "suites": {
    "title": "",
    "suites": [
      {
        "title": "Verification of Actions functions on Test Automation Example Page",
        "suites": [
          {
            "title": "Verification of Action Functions ",
            "suites": [],
            "tests": [
              {
                "title": "Given User is on TAF Example Page",
                "fullTitle": "Verification of Actions functions on Test Automation Example Page Verification of Action Functions  Given User is on TAF Example Page",
                "timedOut": false,
                "duration": 43056,
                "state": "passed",
                "speed": "slow",
                "pass": true,
                "fail": false,
                "pending": false,
                "code": "iterator(this, subject, done);",
                "err": {},
                "isRoot": false,
                "uuid": "ea2638dc-1e85-4f2c-874e-9fbc88e4c1b5",
                "parentUUID": "031da640-7a8a-4c1a-99b3-c5d8ae726fb6",
                "isHook": false,
                "skipped": false
              },
              {
                "title": "When The hidden text is visible",
                "fullTitle": "Verification of Actions functions on Test Automation Example Page Verification of Action Functions  When The hidden text is visible",
                "timedOut": false,
                "duration": 10040,
                "state": "passed",
                "speed": "slow",
                "pass": true,
                "fail": false,
                "pending": false,
                "code": "iterator(this, subject, done);",
                "err": {},
                "isRoot": false,
                "uuid": "5c5b3d1f-98aa-4234-aed1-ab139e15e358",
                "parentUUID": "031da640-7a8a-4c1a-99b3-c5d8ae726fb6",
                "isHook": false,
                "skipped": false
              },
              {
                "title": "Then User enter text in Text box",
                "fullTitle": "Verification of Actions functions on Test Automation Example Page Verification of Action Functions  Then User enter text in Text box",
                "timedOut": false,
                "duration": 401,
                "state": "passed",
                "speed": "slow",
                "pass": true,
                "fail": false,
                "pending": false,
                "code": "iterator(this, subject, done);",
                "err": {},
                "isRoot": false,
                "uuid": "7aa7b0b3-b121-4332-a103-92999618f619",
                "parentUUID": "031da640-7a8a-4c1a-99b3-c5d8ae726fb6",
                "isHook": false,
                "skipped": false
              },
              {
                "title": "Then User selects options from select menu",
                "fullTitle": "Verification of Actions functions on Test Automation Example Page Verification of Action Functions  Then User selects options from select menu",
                "timedOut": false,
                "duration": 440,
                "state": "passed",
                "speed": "slow",
                "pass": true,
                "fail": false,
                "pending": false,
                "code": "iterator(this, subject, done);",
                "err": {},
                "isRoot": false,
                "uuid": "07319674-63dd-4206-9dcf-a1dfc38794e7",
                "parentUUID": "031da640-7a8a-4c1a-99b3-c5d8ae726fb6",
                "isHook": false,
                "skipped": false
              },
              {
                "title": "Then User select Mutual Funds and ETFs checkbox",
                "fullTitle": "Verification of Actions functions on Test Automation Example Page Verification of Action Functions  Then User select Mutual Funds and ETFs checkbox",
                "timedOut": false,
                "duration": 533,
                "state": "passed",
                "speed": "slow",
                "pass": true,
                "fail": false,
                "pending": false,
                "code": "iterator(this, subject, done);",
                "err": {},
                "isRoot": false,
                "uuid": "9740ea35-e6d8-4a01-ad3c-fd7e6836a99a",
                "parentUUID": "031da640-7a8a-4c1a-99b3-c5d8ae726fb6",
                "isHook": false,
                "skipped": false
              },
              {
                "title": "Then User uncheck ETFs checkbox",
                "fullTitle": "Verification of Actions functions on Test Automation Example Page Verification of Action Functions  Then User uncheck ETFs checkbox",
                "timedOut": false,
                "duration": 352,
                "state": "passed",
                "speed": "slow",
                "pass": true,
                "fail": false,
                "pending": false,
                "code": "iterator(this, subject, done);",
                "err": {},
                "isRoot": false,
                "uuid": "e0bf2a3f-2ff5-4a42-913f-6f8917820831",
                "parentUUID": "031da640-7a8a-4c1a-99b3-c5d8ae726fb6",
                "isHook": false,
                "skipped": false
              },
              {
                "title": "Then User selects Options radio button",
                "fullTitle": "Verification of Actions functions on Test Automation Example Page Verification of Action Functions  Then User selects Options radio button",
                "timedOut": false,
                "duration": 357,
                "state": "passed",
                "speed": "slow",
                "pass": true,
                "fail": false,
                "pending": false,
                "code": "iterator(this, subject, done);",
                "err": {},
                "isRoot": false,
                "uuid": "9a2292a8-383b-455d-a5be-5ecdc3482d71",
                "parentUUID": "031da640-7a8a-4c1a-99b3-c5d8ae726fb6",
                "isHook": false,
                "skipped": false
              },
              {
                "title": "Then User performs mouseover on hover text",
                "fullTitle": "Verification of Actions functions on Test Automation Example Page Verification of Action Functions  Then User performs mouseover on hover text",
                "timedOut": false,
                "duration": 322,
                "state": "passed",
                "speed": "slow",
                "pass": true,
                "fail": false,
                "pending": false,
                "code": "iterator(this, subject, done);",
                "err": {},
                "isRoot": false,
                "uuid": "438ee858-a82b-429d-8a7d-e35f66932c01",
                "parentUUID": "031da640-7a8a-4c1a-99b3-c5d8ae726fb6",
                "isHook": false,
                "skipped": false
              },
              {
                "title": "Then User scrolls the page to bottom",
                "fullTitle": "Verification of Actions functions on Test Automation Example Page Verification of Action Functions  Then User scrolls the page to bottom",
                "timedOut": false,
                "duration": 290,
                "state": "passed",
                "speed": "slow",
                "pass": true,
                "fail": false,
                "pending": false,
                "code": "iterator(this, subject, done);",
                "err": {},
                "isRoot": false,
                "uuid": "87807dbe-82dd-4c66-8a22-ac71c1f5e33e",
                "parentUUID": "031da640-7a8a-4c1a-99b3-c5d8ae726fb6",
                "isHook": false,
                "skipped": false
              },
              {
                "title": "Then User enters text in the text box inside iframe",
                "fullTitle": "Verification of Actions functions on Test Automation Example Page Verification of Action Functions  Then User enters text in the text box inside iframe",
                "timedOut": false,
                "duration": 562,
                "state": "passed",
                "speed": "slow",
                "pass": true,
                "fail": false,
                "pending": false,
                "code": "iterator(this, subject, done);",
                "err": {},
                "isRoot": false,
                "uuid": "06df2fe0-3b20-4048-b881-0e62abf8c284",
                "parentUUID": "031da640-7a8a-4c1a-99b3-c5d8ae726fb6",
                "isHook": false,
                "skipped": false
              },
              {
                "title": "Then User switch to top frame and selects ETFs and Mutual Funds",
                "fullTitle": "Verification of Actions functions on Test Automation Example Page Verification of Action Functions  Then User switch to top frame and selects ETFs and Mutual Funds",
                "timedOut": false,
                "duration": 304,
                "state": "passed",
                "speed": "slow",
                "pass": true,
                "fail": false,
                "pending": false,
                "code": "iterator(this, subject, done);",
                "err": {},
                "isRoot": false,
                "uuid": "8c0e91ad-9407-48f4-b927-fc05b9a85a9c",
                "parentUUID": "031da640-7a8a-4c1a-99b3-c5d8ae726fb6",
                "isHook": false,
                "skipped": false
              },
              {
                "title": "Then User clicks on link to open new window",
                "fullTitle": "Verification of Actions functions on Test Automation Example Page Verification of Action Functions  Then User clicks on link to open new window",
                "timedOut": false,
                "duration": 679,
                "state": "passed",
                "speed": "slow",
                "pass": true,
                "fail": false,
                "pending": false,
                "code": "iterator(this, subject, done);",
                "err": {},
                "isRoot": false,
                "uuid": "05ad6340-bb09-400f-a767-8db5bcd9b126",
                "parentUUID": "031da640-7a8a-4c1a-99b3-c5d8ae726fb6",
                "isHook": false,
                "skipped": false
              }
            ],
            "pending": [],
            "root": false,
            "_timeout": 50000,
            "file": "\\example\\test.js",
            "uuid": "031da640-7a8a-4c1a-99b3-c5d8ae726fb6",
            "beforeHooks": [],
            "afterHooks": [],
            "fullFile": "D:\\TAF\\256\\mochaautomation\\example\\test.js",
            "passes": [
              {
                "title": "Given User is on TAF Example Page",
                "fullTitle": "Verification of Actions functions on Test Automation Example Page Verification of Action Functions  Given User is on TAF Example Page",
                "timedOut": false,
                "duration": 43056,
                "state": "passed",
                "speed": "slow",
                "pass": true,
                "fail": false,
                "pending": false,
                "code": "iterator(this, subject, done);",
                "err": {},
                "isRoot": false,
                "uuid": "ea2638dc-1e85-4f2c-874e-9fbc88e4c1b5",
                "parentUUID": "031da640-7a8a-4c1a-99b3-c5d8ae726fb6",
                "isHook": false,
                "skipped": false
              },
              {
                "title": "When The hidden text is visible",
                "fullTitle": "Verification of Actions functions on Test Automation Example Page Verification of Action Functions  When The hidden text is visible",
                "timedOut": false,
                "duration": 10040,
                "state": "passed",
                "speed": "slow",
                "pass": true,
                "fail": false,
                "pending": false,
                "code": "iterator(this, subject, done);",
                "err": {},
                "isRoot": false,
                "uuid": "5c5b3d1f-98aa-4234-aed1-ab139e15e358",
                "parentUUID": "031da640-7a8a-4c1a-99b3-c5d8ae726fb6",
                "isHook": false,
                "skipped": false
              },
              {
                "title": "Then User enter text in Text box",
                "fullTitle": "Verification of Actions functions on Test Automation Example Page Verification of Action Functions  Then User enter text in Text box",
                "timedOut": false,
                "duration": 401,
                "state": "passed",
                "speed": "slow",
                "pass": true,
                "fail": false,
                "pending": false,
                "code": "iterator(this, subject, done);",
                "err": {},
                "isRoot": false,
                "uuid": "7aa7b0b3-b121-4332-a103-92999618f619",
                "parentUUID": "031da640-7a8a-4c1a-99b3-c5d8ae726fb6",
                "isHook": false,
                "skipped": false
              },
              {
                "title": "Then User selects options from select menu",
                "fullTitle": "Verification of Actions functions on Test Automation Example Page Verification of Action Functions  Then User selects options from select menu",
                "timedOut": false,
                "duration": 440,
                "state": "passed",
                "speed": "slow",
                "pass": true,
                "fail": false,
                "pending": false,
                "code": "iterator(this, subject, done);",
                "err": {},
                "isRoot": false,
                "uuid": "07319674-63dd-4206-9dcf-a1dfc38794e7",
                "parentUUID": "031da640-7a8a-4c1a-99b3-c5d8ae726fb6",
                "isHook": false,
                "skipped": false
              },
              {
                "title": "Then User select Mutual Funds and ETFs checkbox",
                "fullTitle": "Verification of Actions functions on Test Automation Example Page Verification of Action Functions  Then User select Mutual Funds and ETFs checkbox",
                "timedOut": false,
                "duration": 533,
                "state": "passed",
                "speed": "slow",
                "pass": true,
                "fail": false,
                "pending": false,
                "code": "iterator(this, subject, done);",
                "err": {},
                "isRoot": false,
                "uuid": "9740ea35-e6d8-4a01-ad3c-fd7e6836a99a",
                "parentUUID": "031da640-7a8a-4c1a-99b3-c5d8ae726fb6",
                "isHook": false,
                "skipped": false
              },
              {
                "title": "Then User uncheck ETFs checkbox",
                "fullTitle": "Verification of Actions functions on Test Automation Example Page Verification of Action Functions  Then User uncheck ETFs checkbox",
                "timedOut": false,
                "duration": 352,
                "state": "passed",
                "speed": "slow",
                "pass": true,
                "fail": false,
                "pending": false,
                "code": "iterator(this, subject, done);",
                "err": {},
                "isRoot": false,
                "uuid": "e0bf2a3f-2ff5-4a42-913f-6f8917820831",
                "parentUUID": "031da640-7a8a-4c1a-99b3-c5d8ae726fb6",
                "isHook": false,
                "skipped": false
              },
              {
                "title": "Then User selects Options radio button",
                "fullTitle": "Verification of Actions functions on Test Automation Example Page Verification of Action Functions  Then User selects Options radio button",
                "timedOut": false,
                "duration": 357,
                "state": "passed",
                "speed": "slow",
                "pass": true,
                "fail": false,
                "pending": false,
                "code": "iterator(this, subject, done);",
                "err": {},
                "isRoot": false,
                "uuid": "9a2292a8-383b-455d-a5be-5ecdc3482d71",
                "parentUUID": "031da640-7a8a-4c1a-99b3-c5d8ae726fb6",
                "isHook": false,
                "skipped": false
              },
              {
                "title": "Then User performs mouseover on hover text",
                "fullTitle": "Verification of Actions functions on Test Automation Example Page Verification of Action Functions  Then User performs mouseover on hover text",
                "timedOut": false,
                "duration": 322,
                "state": "passed",
                "speed": "slow",
                "pass": true,
                "fail": false,
                "pending": false,
                "code": "iterator(this, subject, done);",
                "err": {},
                "isRoot": false,
                "uuid": "438ee858-a82b-429d-8a7d-e35f66932c01",
                "parentUUID": "031da640-7a8a-4c1a-99b3-c5d8ae726fb6",
                "isHook": false,
                "skipped": false
              },
              {
                "title": "Then User scrolls the page to bottom",
                "fullTitle": "Verification of Actions functions on Test Automation Example Page Verification of Action Functions  Then User scrolls the page to bottom",
                "timedOut": false,
                "duration": 290,
                "state": "passed",
                "speed": "slow",
                "pass": true,
                "fail": false,
                "pending": false,
                "code": "iterator(this, subject, done);",
                "err": {},
                "isRoot": false,
                "uuid": "87807dbe-82dd-4c66-8a22-ac71c1f5e33e",
                "parentUUID": "031da640-7a8a-4c1a-99b3-c5d8ae726fb6",
                "isHook": false,
                "skipped": false
              },
              {
                "title": "Then User enters text in the text box inside iframe",
                "fullTitle": "Verification of Actions functions on Test Automation Example Page Verification of Action Functions  Then User enters text in the text box inside iframe",
                "timedOut": false,
                "duration": 562,
                "state": "passed",
                "speed": "slow",
                "pass": true,
                "fail": false,
                "pending": false,
                "code": "iterator(this, subject, done);",
                "err": {},
                "isRoot": false,
                "uuid": "06df2fe0-3b20-4048-b881-0e62abf8c284",
                "parentUUID": "031da640-7a8a-4c1a-99b3-c5d8ae726fb6",
                "isHook": false,
                "skipped": false
              },
              {
                "title": "Then User switch to top frame and selects ETFs and Mutual Funds",
                "fullTitle": "Verification of Actions functions on Test Automation Example Page Verification of Action Functions  Then User switch to top frame and selects ETFs and Mutual Funds",
                "timedOut": false,
                "duration": 304,
                "state": "passed",
                "speed": "slow",
                "pass": true,
                "fail": false,
                "pending": false,
                "code": "iterator(this, subject, done);",
                "err": {},
                "isRoot": false,
                "uuid": "8c0e91ad-9407-48f4-b927-fc05b9a85a9c",
                "parentUUID": "031da640-7a8a-4c1a-99b3-c5d8ae726fb6",
                "isHook": false,
                "skipped": false
              },
              {
                "title": "Then User clicks on link to open new window",
                "fullTitle": "Verification of Actions functions on Test Automation Example Page Verification of Action Functions  Then User clicks on link to open new window",
                "timedOut": false,
                "duration": 679,
                "state": "passed",
                "speed": "slow",
                "pass": true,
                "fail": false,
                "pending": false,
                "code": "iterator(this, subject, done);",
                "err": {},
                "isRoot": false,
                "uuid": "05ad6340-bb09-400f-a767-8db5bcd9b126",
                "parentUUID": "031da640-7a8a-4c1a-99b3-c5d8ae726fb6",
                "isHook": false,
                "skipped": false
              }
            ],
            "failures": [],
            "skipped": [],
            "hasBeforeHooks": false,
            "hasAfterHooks": false,
            "hasTests": true,
            "hasSuites": false,
            "totalTests": 12,
            "totalPasses": 12,
            "totalFailures": 0,
            "totalPending": 0,
            "totalSkipped": 0,
            "hasPasses": true,
            "hasFailures": false,
            "hasPending": false,
            "hasSkipped": false,
            "duration": 57336,
            "rootEmpty": false
          }
        ],
        "tests": [],
        "pending": [],
        "root": false,
        "_timeout": 50000,
        "file": "\\example\\test.js",
        "uuid": "6a691664-02a3-46ab-87a9-9afbb9063e8d",
        "beforeHooks": [
          {
            "title": "\"before all\" hook",
            "fullTitle": "Verification of Actions functions on Test Automation Example Page \"before all\" hook",
            "timedOut": false,
            "duration": 429,
            "pass": false,
            "fail": false,
            "pending": false,
            "code": "log.info('Start of the automation test Execution');\n       \n  driver = new webdriver.Builder().usingServer().withCapabilities({'browserName': gBrowser}).build();\n\ndriver.manage().timeouts().implicitlyWait(10000);\ndone();",
            "err": {},
            "isRoot": false,
            "uuid": "17b84660-e13d-4b03-bf0d-182b9754549e",
            "parentUUID": "6a691664-02a3-46ab-87a9-9afbb9063e8d",
            "isHook": true,
            "skipped": false
          }
        ],
        "afterHooks": [
          {
            "title": "\"after all\" hook",
            "fullTitle": "Verification of Actions functions on Test Automation Example Page \"after all\" hook",
            "timedOut": false,
            "duration": 338,
            "pass": false,
            "fail": false,
            "pending": false,
            "code": "log.info('End of the automation test Execution');\ndriver.quit().then(done);",
            "err": {},
            "isRoot": false,
            "uuid": "68b91e1a-b850-4730-84b8-8e1ab9877438",
            "parentUUID": "6a691664-02a3-46ab-87a9-9afbb9063e8d",
            "isHook": true,
            "skipped": false
          },
          {
            "title": "\"after each\" hook",
            "fullTitle": "Verification of Actions functions on Test Automation Example Page \"after each\" hook",
            "timedOut": false,
            "duration": 1,
            "pass": false,
            "fail": false,
            "pending": false,
            "code": "takeScreenshotOnFailure(this.currentTest);",
            "err": {},
            "isRoot": false,
            "uuid": "d64f4c46-a5e4-4724-b697-178da200f3ef",
            "parentUUID": "6a691664-02a3-46ab-87a9-9afbb9063e8d",
            "isHook": true,
            "skipped": false
          }
        ],
        "fullFile": "D:\\TAF\\256\\mochaautomation\\example\\test.js",
        "passes": [],
        "failures": [],
        "skipped": [],
        "hasBeforeHooks": true,
        "hasAfterHooks": true,
        "hasTests": false,
        "hasSuites": true,
        "totalTests": 0,
        "totalPasses": 0,
        "totalFailures": 0,
        "totalPending": 0,
        "totalSkipped": 0,
        "hasPasses": false,
        "hasFailures": false,
        "hasPending": false,
        "hasSkipped": false,
        "duration": 0,
        "rootEmpty": false
      }
    ],
    "tests": [],
    "pending": [],
    "root": true,
    "_timeout": 50000,
    "uuid": "6ad3ae21-4c8e-4b20-a193-06583ad4aab4",
    "beforeHooks": [],
    "afterHooks": [],
    "fullFile": "",
    "file": "",
    "passes": [],
    "failures": [],
    "skipped": [],
    "hasBeforeHooks": false,
    "hasAfterHooks": false,
    "hasTests": false,
    "hasSuites": true,
    "totalTests": 0,
    "totalPasses": 0,
    "totalFailures": 0,
    "totalPending": 0,
    "totalSkipped": 0,
    "hasPasses": false,
    "hasFailures": false,
    "hasPending": false,
    "hasSkipped": false,
    "duration": 0,
    "rootEmpty": true
  },
  "allTests": [
    {
      "title": "Given User is on TAF Example Page",
      "fullTitle": "Verification of Action Functions  Given User is on TAF Example Page",
      "timedOut": false,
      "duration": 43056,
      "state": "passed",
      "speed": "slow",
      "pass": true,
      "fail": false,
      "pending": false,
      "code": "iterator(this, subject, done);",
      "err": {},
      "isRoot": false,
      "uuid": "ea2638dc-1e85-4f2c-874e-9fbc88e4c1b5",
      "parentUUID": "031da640-7a8a-4c1a-99b3-c5d8ae726fb6",
      "isHook": false,
      "skipped": false
    },
    {
      "title": "When The hidden text is visible",
      "fullTitle": "Verification of Action Functions  When The hidden text is visible",
      "timedOut": false,
      "duration": 10040,
      "state": "passed",
      "speed": "slow",
      "pass": true,
      "fail": false,
      "pending": false,
      "code": "iterator(this, subject, done);",
      "err": {},
      "isRoot": false,
      "uuid": "5c5b3d1f-98aa-4234-aed1-ab139e15e358",
      "parentUUID": "031da640-7a8a-4c1a-99b3-c5d8ae726fb6",
      "isHook": false,
      "skipped": false
    },
    {
      "title": "Then User enter text in Text box",
      "fullTitle": "Verification of Action Functions  Then User enter text in Text box",
      "timedOut": false,
      "duration": 401,
      "state": "passed",
      "speed": "slow",
      "pass": true,
      "fail": false,
      "pending": false,
      "code": "iterator(this, subject, done);",
      "err": {},
      "isRoot": false,
      "uuid": "7aa7b0b3-b121-4332-a103-92999618f619",
      "parentUUID": "031da640-7a8a-4c1a-99b3-c5d8ae726fb6",
      "isHook": false,
      "skipped": false
    },
    {
      "title": "Then User selects options from select menu",
      "fullTitle": "Verification of Action Functions  Then User selects options from select menu",
      "timedOut": false,
      "duration": 440,
      "state": "passed",
      "speed": "slow",
      "pass": true,
      "fail": false,
      "pending": false,
      "code": "iterator(this, subject, done);",
      "err": {},
      "isRoot": false,
      "uuid": "07319674-63dd-4206-9dcf-a1dfc38794e7",
      "parentUUID": "031da640-7a8a-4c1a-99b3-c5d8ae726fb6",
      "isHook": false,
      "skipped": false
    },
    {
      "title": "Then User select Mutual Funds and ETFs checkbox",
      "fullTitle": "Verification of Action Functions  Then User select Mutual Funds and ETFs checkbox",
      "timedOut": false,
      "duration": 533,
      "state": "passed",
      "speed": "slow",
      "pass": true,
      "fail": false,
      "pending": false,
      "code": "iterator(this, subject, done);",
      "err": {},
      "isRoot": false,
      "uuid": "9740ea35-e6d8-4a01-ad3c-fd7e6836a99a",
      "parentUUID": "031da640-7a8a-4c1a-99b3-c5d8ae726fb6",
      "isHook": false,
      "skipped": false
    },
    {
      "title": "Then User uncheck ETFs checkbox",
      "fullTitle": "Verification of Action Functions  Then User uncheck ETFs checkbox",
      "timedOut": false,
      "duration": 352,
      "state": "passed",
      "speed": "slow",
      "pass": true,
      "fail": false,
      "pending": false,
      "code": "iterator(this, subject, done);",
      "err": {},
      "isRoot": false,
      "uuid": "e0bf2a3f-2ff5-4a42-913f-6f8917820831",
      "parentUUID": "031da640-7a8a-4c1a-99b3-c5d8ae726fb6",
      "isHook": false,
      "skipped": false
    },
    {
      "title": "Then User selects Options radio button",
      "fullTitle": "Verification of Action Functions  Then User selects Options radio button",
      "timedOut": false,
      "duration": 357,
      "state": "passed",
      "speed": "slow",
      "pass": true,
      "fail": false,
      "pending": false,
      "code": "iterator(this, subject, done);",
      "err": {},
      "isRoot": false,
      "uuid": "9a2292a8-383b-455d-a5be-5ecdc3482d71",
      "parentUUID": "031da640-7a8a-4c1a-99b3-c5d8ae726fb6",
      "isHook": false,
      "skipped": false
    },
    {
      "title": "Then User performs mouseover on hover text",
      "fullTitle": "Verification of Action Functions  Then User performs mouseover on hover text",
      "timedOut": false,
      "duration": 322,
      "state": "passed",
      "speed": "slow",
      "pass": true,
      "fail": false,
      "pending": false,
      "code": "iterator(this, subject, done);",
      "err": {},
      "isRoot": false,
      "uuid": "438ee858-a82b-429d-8a7d-e35f66932c01",
      "parentUUID": "031da640-7a8a-4c1a-99b3-c5d8ae726fb6",
      "isHook": false,
      "skipped": false
    },
    {
      "title": "Then User scrolls the page to bottom",
      "fullTitle": "Verification of Action Functions  Then User scrolls the page to bottom",
      "timedOut": false,
      "duration": 290,
      "state": "passed",
      "speed": "slow",
      "pass": true,
      "fail": false,
      "pending": false,
      "code": "iterator(this, subject, done);",
      "err": {},
      "isRoot": false,
      "uuid": "87807dbe-82dd-4c66-8a22-ac71c1f5e33e",
      "parentUUID": "031da640-7a8a-4c1a-99b3-c5d8ae726fb6",
      "isHook": false,
      "skipped": false
    },
    {
      "title": "Then User enters text in the text box inside iframe",
      "fullTitle": "Verification of Action Functions  Then User enters text in the text box inside iframe",
      "timedOut": false,
      "duration": 562,
      "state": "passed",
      "speed": "slow",
      "pass": true,
      "fail": false,
      "pending": false,
      "code": "iterator(this, subject, done);",
      "err": {},
      "isRoot": false,
      "uuid": "06df2fe0-3b20-4048-b881-0e62abf8c284",
      "parentUUID": "031da640-7a8a-4c1a-99b3-c5d8ae726fb6",
      "isHook": false,
      "skipped": false
    },
    {
      "title": "Then User switch to top frame and selects ETFs and Mutual Funds",
      "fullTitle": "Verification of Action Functions  Then User switch to top frame and selects ETFs and Mutual Funds",
      "timedOut": false,
      "duration": 304,
      "state": "passed",
      "speed": "slow",
      "pass": true,
      "fail": false,
      "pending": false,
      "code": "iterator(this, subject, done);",
      "err": {},
      "isRoot": false,
      "uuid": "8c0e91ad-9407-48f4-b927-fc05b9a85a9c",
      "parentUUID": "031da640-7a8a-4c1a-99b3-c5d8ae726fb6",
      "isHook": false,
      "skipped": false
    },
    {
      "title": "Then User clicks on link to open new window",
      "fullTitle": "Verification of Action Functions  Then User clicks on link to open new window",
      "timedOut": false,
      "duration": 679,
      "state": "passed",
      "speed": "slow",
      "pass": true,
      "fail": false,
      "pending": false,
      "code": "iterator(this, subject, done);",
      "err": {},
      "isRoot": false,
      "uuid": "05ad6340-bb09-400f-a767-8db5bcd9b126",
      "parentUUID": "031da640-7a8a-4c1a-99b3-c5d8ae726fb6",
      "isHook": false,
      "skipped": false
    }
  ],
  "allPending": [],
  "allPasses": [
    {
      "title": "Given User is on TAF Example Page",
      "fullTitle": "Verification of Action Functions  Given User is on TAF Example Page",
      "timedOut": false,
      "duration": 43056,
      "state": "passed",
      "speed": "slow",
      "pass": true,
      "fail": false,
      "pending": false,
      "code": "iterator(this, subject, done);",
      "err": {},
      "isRoot": false,
      "uuid": "ea2638dc-1e85-4f2c-874e-9fbc88e4c1b5",
      "parentUUID": "031da640-7a8a-4c1a-99b3-c5d8ae726fb6",
      "isHook": false,
      "skipped": false
    },
    {
      "title": "When The hidden text is visible",
      "fullTitle": "Verification of Action Functions  When The hidden text is visible",
      "timedOut": false,
      "duration": 10040,
      "state": "passed",
      "speed": "slow",
      "pass": true,
      "fail": false,
      "pending": false,
      "code": "iterator(this, subject, done);",
      "err": {},
      "isRoot": false,
      "uuid": "5c5b3d1f-98aa-4234-aed1-ab139e15e358",
      "parentUUID": "031da640-7a8a-4c1a-99b3-c5d8ae726fb6",
      "isHook": false,
      "skipped": false
    },
    {
      "title": "Then User enter text in Text box",
      "fullTitle": "Verification of Action Functions  Then User enter text in Text box",
      "timedOut": false,
      "duration": 401,
      "state": "passed",
      "speed": "slow",
      "pass": true,
      "fail": false,
      "pending": false,
      "code": "iterator(this, subject, done);",
      "err": {},
      "isRoot": false,
      "uuid": "7aa7b0b3-b121-4332-a103-92999618f619",
      "parentUUID": "031da640-7a8a-4c1a-99b3-c5d8ae726fb6",
      "isHook": false,
      "skipped": false
    },
    {
      "title": "Then User selects options from select menu",
      "fullTitle": "Verification of Action Functions  Then User selects options from select menu",
      "timedOut": false,
      "duration": 440,
      "state": "passed",
      "speed": "slow",
      "pass": true,
      "fail": false,
      "pending": false,
      "code": "iterator(this, subject, done);",
      "err": {},
      "isRoot": false,
      "uuid": "07319674-63dd-4206-9dcf-a1dfc38794e7",
      "parentUUID": "031da640-7a8a-4c1a-99b3-c5d8ae726fb6",
      "isHook": false,
      "skipped": false
    },
    {
      "title": "Then User select Mutual Funds and ETFs checkbox",
      "fullTitle": "Verification of Action Functions  Then User select Mutual Funds and ETFs checkbox",
      "timedOut": false,
      "duration": 533,
      "state": "passed",
      "speed": "slow",
      "pass": true,
      "fail": false,
      "pending": false,
      "code": "iterator(this, subject, done);",
      "err": {},
      "isRoot": false,
      "uuid": "9740ea35-e6d8-4a01-ad3c-fd7e6836a99a",
      "parentUUID": "031da640-7a8a-4c1a-99b3-c5d8ae726fb6",
      "isHook": false,
      "skipped": false
    },
    {
      "title": "Then User uncheck ETFs checkbox",
      "fullTitle": "Verification of Action Functions  Then User uncheck ETFs checkbox",
      "timedOut": false,
      "duration": 352,
      "state": "passed",
      "speed": "slow",
      "pass": true,
      "fail": false,
      "pending": false,
      "code": "iterator(this, subject, done);",
      "err": {},
      "isRoot": false,
      "uuid": "e0bf2a3f-2ff5-4a42-913f-6f8917820831",
      "parentUUID": "031da640-7a8a-4c1a-99b3-c5d8ae726fb6",
      "isHook": false,
      "skipped": false
    },
    {
      "title": "Then User selects Options radio button",
      "fullTitle": "Verification of Action Functions  Then User selects Options radio button",
      "timedOut": false,
      "duration": 357,
      "state": "passed",
      "speed": "slow",
      "pass": true,
      "fail": false,
      "pending": false,
      "code": "iterator(this, subject, done);",
      "err": {},
      "isRoot": false,
      "uuid": "9a2292a8-383b-455d-a5be-5ecdc3482d71",
      "parentUUID": "031da640-7a8a-4c1a-99b3-c5d8ae726fb6",
      "isHook": false,
      "skipped": false
    },
    {
      "title": "Then User performs mouseover on hover text",
      "fullTitle": "Verification of Action Functions  Then User performs mouseover on hover text",
      "timedOut": false,
      "duration": 322,
      "state": "passed",
      "speed": "slow",
      "pass": true,
      "fail": false,
      "pending": false,
      "code": "iterator(this, subject, done);",
      "err": {},
      "isRoot": false,
      "uuid": "438ee858-a82b-429d-8a7d-e35f66932c01",
      "parentUUID": "031da640-7a8a-4c1a-99b3-c5d8ae726fb6",
      "isHook": false,
      "skipped": false
    },
    {
      "title": "Then User scrolls the page to bottom",
      "fullTitle": "Verification of Action Functions  Then User scrolls the page to bottom",
      "timedOut": false,
      "duration": 290,
      "state": "passed",
      "speed": "slow",
      "pass": true,
      "fail": false,
      "pending": false,
      "code": "iterator(this, subject, done);",
      "err": {},
      "isRoot": false,
      "uuid": "87807dbe-82dd-4c66-8a22-ac71c1f5e33e",
      "parentUUID": "031da640-7a8a-4c1a-99b3-c5d8ae726fb6",
      "isHook": false,
      "skipped": false
    },
    {
      "title": "Then User enters text in the text box inside iframe",
      "fullTitle": "Verification of Action Functions  Then User enters text in the text box inside iframe",
      "timedOut": false,
      "duration": 562,
      "state": "passed",
      "speed": "slow",
      "pass": true,
      "fail": false,
      "pending": false,
      "code": "iterator(this, subject, done);",
      "err": {},
      "isRoot": false,
      "uuid": "06df2fe0-3b20-4048-b881-0e62abf8c284",
      "parentUUID": "031da640-7a8a-4c1a-99b3-c5d8ae726fb6",
      "isHook": false,
      "skipped": false
    },
    {
      "title": "Then User switch to top frame and selects ETFs and Mutual Funds",
      "fullTitle": "Verification of Action Functions  Then User switch to top frame and selects ETFs and Mutual Funds",
      "timedOut": false,
      "duration": 304,
      "state": "passed",
      "speed": "slow",
      "pass": true,
      "fail": false,
      "pending": false,
      "code": "iterator(this, subject, done);",
      "err": {},
      "isRoot": false,
      "uuid": "8c0e91ad-9407-48f4-b927-fc05b9a85a9c",
      "parentUUID": "031da640-7a8a-4c1a-99b3-c5d8ae726fb6",
      "isHook": false,
      "skipped": false
    },
    {
      "title": "Then User clicks on link to open new window",
      "fullTitle": "Verification of Action Functions  Then User clicks on link to open new window",
      "timedOut": false,
      "duration": 679,
      "state": "passed",
      "speed": "slow",
      "pass": true,
      "fail": false,
      "pending": false,
      "code": "iterator(this, subject, done);",
      "err": {},
      "isRoot": false,
      "uuid": "05ad6340-bb09-400f-a767-8db5bcd9b126",
      "parentUUID": "031da640-7a8a-4c1a-99b3-c5d8ae726fb6",
      "isHook": false,
      "skipped": false
    }
  ],
  "allFailures": [],
  "copyrightYear": 2017
}