{
  "stats": {
    "suites": 2,
    "tests": 6,
    "passes": 6,
    "pending": 0,
    "failures": 0,
    "start": "2017-08-23T10:54:35.794Z",
    "end": "2017-08-23T10:54:55.185Z",
    "duration": 19391,
    "testsRegistered": 6,
    "passPercent": 100,
    "pendingPercent": 0,
    "other": 0,
    "hasOther": false,
    "skipped": 0,
    "hasSkipped": false,
    "passPercentClass": "success",
    "pendingPercentClass": "danger"
  },
  "suites": {
    "title": "",
    "suites": [
      {
        "title": "Verification of Actions functions on Test Automation Example Page",
        "suites": [
          {
            "title": "Verification of sendkeys ",
            "suites": [],
            "tests": [
              {
                "title": "Given User opens TAF Example Page",
                "fullTitle": "Verification of Actions functions on Test Automation Example Page Verification of sendkeys  Given User opens TAF Example Page",
                "timedOut": false,
                "duration": 16486,
                "state": "passed",
                "speed": "slow",
                "pass": true,
                "fail": false,
                "pending": false,
                "code": "iterator(this, subject, done);",
                "err": {},
                "isRoot": false,
                "uuid": "faadd5ae-997c-4024-81f4-4b4d588c24a3",
                "parentUUID": "9a2a4966-c9ef-4e65-8f33-c84aa180f967",
                "isHook": false,
                "skipped": false
              },
              {
                "title": "Then  User uses send keys method on Text box",
                "fullTitle": "Verification of Actions functions on Test Automation Example Page Verification of sendkeys  Then  User uses send keys method on Text box",
                "timedOut": false,
                "duration": 567,
                "state": "passed",
                "speed": "slow",
                "pass": true,
                "fail": false,
                "pending": false,
                "code": "iterator(this, subject, done);",
                "err": {},
                "isRoot": false,
                "uuid": "3f4331ea-2a81-4ccc-aee7-eafcc8738991",
                "parentUUID": "9a2a4966-c9ef-4e65-8f33-c84aa180f967",
                "isHook": false,
                "skipped": false
              },
              {
                "title": "Then  User selects options from select menu",
                "fullTitle": "Verification of Actions functions on Test Automation Example Page Verification of sendkeys  Then  User selects options from select menu",
                "timedOut": false,
                "duration": 407,
                "state": "passed",
                "speed": "slow",
                "pass": true,
                "fail": false,
                "pending": false,
                "code": "iterator(this, subject, done);",
                "err": {},
                "isRoot": false,
                "uuid": "2aa9c6a0-c396-4fca-8d51-ec8bad32da26",
                "parentUUID": "9a2a4966-c9ef-4e65-8f33-c84aa180f967",
                "isHook": false,
                "skipped": false
              },
              {
                "title": "Then  User select Mutual Funds and ETFs checkbox",
                "fullTitle": "Verification of Actions functions on Test Automation Example Page Verification of sendkeys  Then  User select Mutual Funds and ETFs checkbox",
                "timedOut": false,
                "duration": 504,
                "state": "passed",
                "speed": "slow",
                "pass": true,
                "fail": false,
                "pending": false,
                "code": "iterator(this, subject, done);",
                "err": {},
                "isRoot": false,
                "uuid": "62931272-d9ff-4fb4-91cc-29cce9ed5f18",
                "parentUUID": "9a2a4966-c9ef-4e65-8f33-c84aa180f967",
                "isHook": false,
                "skipped": false
              },
              {
                "title": "Then  User selects Options radio button",
                "fullTitle": "Verification of Actions functions on Test Automation Example Page Verification of sendkeys  Then  User selects Options radio button",
                "timedOut": false,
                "duration": 328,
                "state": "passed",
                "speed": "slow",
                "pass": true,
                "fail": false,
                "pending": false,
                "code": "iterator(this, subject, done);",
                "err": {},
                "isRoot": false,
                "uuid": "150b00d9-a567-4b4b-98cf-de6e4c3796d4",
                "parentUUID": "9a2a4966-c9ef-4e65-8f33-c84aa180f967",
                "isHook": false,
                "skipped": false
              },
              {
                "title": "Then  User uncheck ETFs checkbox",
                "fullTitle": "Verification of Actions functions on Test Automation Example Page Verification of sendkeys  Then  User uncheck ETFs checkbox",
                "timedOut": false,
                "duration": 319,
                "state": "passed",
                "speed": "slow",
                "pass": true,
                "fail": false,
                "pending": false,
                "code": "iterator(this, subject, done);",
                "err": {},
                "isRoot": false,
                "uuid": "6382e67c-6a04-4e4a-a595-ebdb2259a563",
                "parentUUID": "9a2a4966-c9ef-4e65-8f33-c84aa180f967",
                "isHook": false,
                "skipped": false
              }
            ],
            "pending": [],
            "root": false,
            "_timeout": 50000,
            "file": "\\example\\test.js",
            "uuid": "9a2a4966-c9ef-4e65-8f33-c84aa180f967",
            "beforeHooks": [],
            "afterHooks": [],
            "fullFile": "D:\\TAF\\256\\mochaautomation\\example\\test.js",
            "passes": [
              {
                "title": "Given User opens TAF Example Page",
                "fullTitle": "Verification of Actions functions on Test Automation Example Page Verification of sendkeys  Given User opens TAF Example Page",
                "timedOut": false,
                "duration": 16486,
                "state": "passed",
                "speed": "slow",
                "pass": true,
                "fail": false,
                "pending": false,
                "code": "iterator(this, subject, done);",
                "err": {},
                "isRoot": false,
                "uuid": "faadd5ae-997c-4024-81f4-4b4d588c24a3",
                "parentUUID": "9a2a4966-c9ef-4e65-8f33-c84aa180f967",
                "isHook": false,
                "skipped": false
              },
              {
                "title": "Then  User uses send keys method on Text box",
                "fullTitle": "Verification of Actions functions on Test Automation Example Page Verification of sendkeys  Then  User uses send keys method on Text box",
                "timedOut": false,
                "duration": 567,
                "state": "passed",
                "speed": "slow",
                "pass": true,
                "fail": false,
                "pending": false,
                "code": "iterator(this, subject, done);",
                "err": {},
                "isRoot": false,
                "uuid": "3f4331ea-2a81-4ccc-aee7-eafcc8738991",
                "parentUUID": "9a2a4966-c9ef-4e65-8f33-c84aa180f967",
                "isHook": false,
                "skipped": false
              },
              {
                "title": "Then  User selects options from select menu",
                "fullTitle": "Verification of Actions functions on Test Automation Example Page Verification of sendkeys  Then  User selects options from select menu",
                "timedOut": false,
                "duration": 407,
                "state": "passed",
                "speed": "slow",
                "pass": true,
                "fail": false,
                "pending": false,
                "code": "iterator(this, subject, done);",
                "err": {},
                "isRoot": false,
                "uuid": "2aa9c6a0-c396-4fca-8d51-ec8bad32da26",
                "parentUUID": "9a2a4966-c9ef-4e65-8f33-c84aa180f967",
                "isHook": false,
                "skipped": false
              },
              {
                "title": "Then  User select Mutual Funds and ETFs checkbox",
                "fullTitle": "Verification of Actions functions on Test Automation Example Page Verification of sendkeys  Then  User select Mutual Funds and ETFs checkbox",
                "timedOut": false,
                "duration": 504,
                "state": "passed",
                "speed": "slow",
                "pass": true,
                "fail": false,
                "pending": false,
                "code": "iterator(this, subject, done);",
                "err": {},
                "isRoot": false,
                "uuid": "62931272-d9ff-4fb4-91cc-29cce9ed5f18",
                "parentUUID": "9a2a4966-c9ef-4e65-8f33-c84aa180f967",
                "isHook": false,
                "skipped": false
              },
              {
                "title": "Then  User selects Options radio button",
                "fullTitle": "Verification of Actions functions on Test Automation Example Page Verification of sendkeys  Then  User selects Options radio button",
                "timedOut": false,
                "duration": 328,
                "state": "passed",
                "speed": "slow",
                "pass": true,
                "fail": false,
                "pending": false,
                "code": "iterator(this, subject, done);",
                "err": {},
                "isRoot": false,
                "uuid": "150b00d9-a567-4b4b-98cf-de6e4c3796d4",
                "parentUUID": "9a2a4966-c9ef-4e65-8f33-c84aa180f967",
                "isHook": false,
                "skipped": false
              },
              {
                "title": "Then  User uncheck ETFs checkbox",
                "fullTitle": "Verification of Actions functions on Test Automation Example Page Verification of sendkeys  Then  User uncheck ETFs checkbox",
                "timedOut": false,
                "duration": 319,
                "state": "passed",
                "speed": "slow",
                "pass": true,
                "fail": false,
                "pending": false,
                "code": "iterator(this, subject, done);",
                "err": {},
                "isRoot": false,
                "uuid": "6382e67c-6a04-4e4a-a595-ebdb2259a563",
                "parentUUID": "9a2a4966-c9ef-4e65-8f33-c84aa180f967",
                "isHook": false,
                "skipped": false
              }
            ],
            "failures": [],
            "skipped": [],
            "hasBeforeHooks": false,
            "hasAfterHooks": false,
            "hasTests": true,
            "hasSuites": false,
            "totalTests": 6,
            "totalPasses": 6,
            "totalFailures": 0,
            "totalPending": 0,
            "totalSkipped": 0,
            "hasPasses": true,
            "hasFailures": false,
            "hasPending": false,
            "hasSkipped": false,
            "duration": 18611,
            "rootEmpty": false
          }
        ],
        "tests": [],
        "pending": [],
        "root": false,
        "_timeout": 50000,
        "file": "\\example\\test.js",
        "uuid": "288fcc2a-677a-4e4a-9fe7-e2e0abc290cd",
        "beforeHooks": [
          {
            "title": "\"before all\" hook",
            "fullTitle": "Verification of Actions functions on Test Automation Example Page \"before all\" hook",
            "timedOut": false,
            "duration": 419,
            "pass": false,
            "fail": false,
            "pending": false,
            "code": "log.info('Start of the automation test Execution');\n       \n  driver = new webdriver.Builder().usingServer().withCapabilities({'browserName': gBrowser}).build();\n\ndriver.manage().timeouts().implicitlyWait(10000);\ndone();",
            "err": {},
            "isRoot": false,
            "uuid": "679dbace-8191-4dd1-91a0-2536047a0480",
            "parentUUID": "288fcc2a-677a-4e4a-9fe7-e2e0abc290cd",
            "isHook": true,
            "skipped": false
          }
        ],
        "afterHooks": [
          {
            "title": "\"after all\" hook",
            "fullTitle": "Verification of Actions functions on Test Automation Example Page \"after all\" hook",
            "timedOut": false,
            "duration": 331,
            "pass": false,
            "fail": false,
            "pending": false,
            "code": "log.info('End of the automation test Execution');\ndriver.quit().then(done);",
            "err": {},
            "isRoot": false,
            "uuid": "6fc5635f-5cdb-4f33-8afa-b636627e95c6",
            "parentUUID": "288fcc2a-677a-4e4a-9fe7-e2e0abc290cd",
            "isHook": true,
            "skipped": false
          },
          {
            "title": "\"after each\" hook",
            "fullTitle": "Verification of Actions functions on Test Automation Example Page \"after each\" hook",
            "timedOut": false,
            "duration": 1,
            "pass": false,
            "fail": false,
            "pending": false,
            "code": "takeScreenshotOnFailure(this.currentTest);",
            "err": {},
            "isRoot": false,
            "uuid": "429197e6-25d5-448e-a269-69fca1522af7",
            "parentUUID": "288fcc2a-677a-4e4a-9fe7-e2e0abc290cd",
            "isHook": true,
            "skipped": false
          }
        ],
        "fullFile": "D:\\TAF\\256\\mochaautomation\\example\\test.js",
        "passes": [],
        "failures": [],
        "skipped": [],
        "hasBeforeHooks": true,
        "hasAfterHooks": true,
        "hasTests": false,
        "hasSuites": true,
        "totalTests": 0,
        "totalPasses": 0,
        "totalFailures": 0,
        "totalPending": 0,
        "totalSkipped": 0,
        "hasPasses": false,
        "hasFailures": false,
        "hasPending": false,
        "hasSkipped": false,
        "duration": 0,
        "rootEmpty": false
      }
    ],
    "tests": [],
    "pending": [],
    "root": true,
    "_timeout": 50000,
    "uuid": "2e558068-7b04-4337-a46f-af951f979e9d",
    "beforeHooks": [],
    "afterHooks": [],
    "fullFile": "",
    "file": "",
    "passes": [],
    "failures": [],
    "skipped": [],
    "hasBeforeHooks": false,
    "hasAfterHooks": false,
    "hasTests": false,
    "hasSuites": true,
    "totalTests": 0,
    "totalPasses": 0,
    "totalFailures": 0,
    "totalPending": 0,
    "totalSkipped": 0,
    "hasPasses": false,
    "hasFailures": false,
    "hasPending": false,
    "hasSkipped": false,
    "duration": 0,
    "rootEmpty": true
  },
  "allTests": [
    {
      "title": "Given User opens TAF Example Page",
      "fullTitle": "Verification of sendkeys  Given User opens TAF Example Page",
      "timedOut": false,
      "duration": 16486,
      "state": "passed",
      "speed": "slow",
      "pass": true,
      "fail": false,
      "pending": false,
      "code": "iterator(this, subject, done);",
      "err": {},
      "isRoot": false,
      "uuid": "faadd5ae-997c-4024-81f4-4b4d588c24a3",
      "parentUUID": "9a2a4966-c9ef-4e65-8f33-c84aa180f967",
      "isHook": false,
      "skipped": false
    },
    {
      "title": "Then  User uses send keys method on Text box",
      "fullTitle": "Verification of sendkeys  Then  User uses send keys method on Text box",
      "timedOut": false,
      "duration": 567,
      "state": "passed",
      "speed": "slow",
      "pass": true,
      "fail": false,
      "pending": false,
      "code": "iterator(this, subject, done);",
      "err": {},
      "isRoot": false,
      "uuid": "3f4331ea-2a81-4ccc-aee7-eafcc8738991",
      "parentUUID": "9a2a4966-c9ef-4e65-8f33-c84aa180f967",
      "isHook": false,
      "skipped": false
    },
    {
      "title": "Then  User selects options from select menu",
      "fullTitle": "Verification of sendkeys  Then  User selects options from select menu",
      "timedOut": false,
      "duration": 407,
      "state": "passed",
      "speed": "slow",
      "pass": true,
      "fail": false,
      "pending": false,
      "code": "iterator(this, subject, done);",
      "err": {},
      "isRoot": false,
      "uuid": "2aa9c6a0-c396-4fca-8d51-ec8bad32da26",
      "parentUUID": "9a2a4966-c9ef-4e65-8f33-c84aa180f967",
      "isHook": false,
      "skipped": false
    },
    {
      "title": "Then  User select Mutual Funds and ETFs checkbox",
      "fullTitle": "Verification of sendkeys  Then  User select Mutual Funds and ETFs checkbox",
      "timedOut": false,
      "duration": 504,
      "state": "passed",
      "speed": "slow",
      "pass": true,
      "fail": false,
      "pending": false,
      "code": "iterator(this, subject, done);",
      "err": {},
      "isRoot": false,
      "uuid": "62931272-d9ff-4fb4-91cc-29cce9ed5f18",
      "parentUUID": "9a2a4966-c9ef-4e65-8f33-c84aa180f967",
      "isHook": false,
      "skipped": false
    },
    {
      "title": "Then  User selects Options radio button",
      "fullTitle": "Verification of sendkeys  Then  User selects Options radio button",
      "timedOut": false,
      "duration": 328,
      "state": "passed",
      "speed": "slow",
      "pass": true,
      "fail": false,
      "pending": false,
      "code": "iterator(this, subject, done);",
      "err": {},
      "isRoot": false,
      "uuid": "150b00d9-a567-4b4b-98cf-de6e4c3796d4",
      "parentUUID": "9a2a4966-c9ef-4e65-8f33-c84aa180f967",
      "isHook": false,
      "skipped": false
    },
    {
      "title": "Then  User uncheck ETFs checkbox",
      "fullTitle": "Verification of sendkeys  Then  User uncheck ETFs checkbox",
      "timedOut": false,
      "duration": 319,
      "state": "passed",
      "speed": "slow",
      "pass": true,
      "fail": false,
      "pending": false,
      "code": "iterator(this, subject, done);",
      "err": {},
      "isRoot": false,
      "uuid": "6382e67c-6a04-4e4a-a595-ebdb2259a563",
      "parentUUID": "9a2a4966-c9ef-4e65-8f33-c84aa180f967",
      "isHook": false,
      "skipped": false
    }
  ],
  "allPending": [],
  "allPasses": [
    {
      "title": "Given User opens TAF Example Page",
      "fullTitle": "Verification of sendkeys  Given User opens TAF Example Page",
      "timedOut": false,
      "duration": 16486,
      "state": "passed",
      "speed": "slow",
      "pass": true,
      "fail": false,
      "pending": false,
      "code": "iterator(this, subject, done);",
      "err": {},
      "isRoot": false,
      "uuid": "faadd5ae-997c-4024-81f4-4b4d588c24a3",
      "parentUUID": "9a2a4966-c9ef-4e65-8f33-c84aa180f967",
      "isHook": false,
      "skipped": false
    },
    {
      "title": "Then  User uses send keys method on Text box",
      "fullTitle": "Verification of sendkeys  Then  User uses send keys method on Text box",
      "timedOut": false,
      "duration": 567,
      "state": "passed",
      "speed": "slow",
      "pass": true,
      "fail": false,
      "pending": false,
      "code": "iterator(this, subject, done);",
      "err": {},
      "isRoot": false,
      "uuid": "3f4331ea-2a81-4ccc-aee7-eafcc8738991",
      "parentUUID": "9a2a4966-c9ef-4e65-8f33-c84aa180f967",
      "isHook": false,
      "skipped": false
    },
    {
      "title": "Then  User selects options from select menu",
      "fullTitle": "Verification of sendkeys  Then  User selects options from select menu",
      "timedOut": false,
      "duration": 407,
      "state": "passed",
      "speed": "slow",
      "pass": true,
      "fail": false,
      "pending": false,
      "code": "iterator(this, subject, done);",
      "err": {},
      "isRoot": false,
      "uuid": "2aa9c6a0-c396-4fca-8d51-ec8bad32da26",
      "parentUUID": "9a2a4966-c9ef-4e65-8f33-c84aa180f967",
      "isHook": false,
      "skipped": false
    },
    {
      "title": "Then  User select Mutual Funds and ETFs checkbox",
      "fullTitle": "Verification of sendkeys  Then  User select Mutual Funds and ETFs checkbox",
      "timedOut": false,
      "duration": 504,
      "state": "passed",
      "speed": "slow",
      "pass": true,
      "fail": false,
      "pending": false,
      "code": "iterator(this, subject, done);",
      "err": {},
      "isRoot": false,
      "uuid": "62931272-d9ff-4fb4-91cc-29cce9ed5f18",
      "parentUUID": "9a2a4966-c9ef-4e65-8f33-c84aa180f967",
      "isHook": false,
      "skipped": false
    },
    {
      "title": "Then  User selects Options radio button",
      "fullTitle": "Verification of sendkeys  Then  User selects Options radio button",
      "timedOut": false,
      "duration": 328,
      "state": "passed",
      "speed": "slow",
      "pass": true,
      "fail": false,
      "pending": false,
      "code": "iterator(this, subject, done);",
      "err": {},
      "isRoot": false,
      "uuid": "150b00d9-a567-4b4b-98cf-de6e4c3796d4",
      "parentUUID": "9a2a4966-c9ef-4e65-8f33-c84aa180f967",
      "isHook": false,
      "skipped": false
    },
    {
      "title": "Then  User uncheck ETFs checkbox",
      "fullTitle": "Verification of sendkeys  Then  User uncheck ETFs checkbox",
      "timedOut": false,
      "duration": 319,
      "state": "passed",
      "speed": "slow",
      "pass": true,
      "fail": false,
      "pending": false,
      "code": "iterator(this, subject, done);",
      "err": {},
      "isRoot": false,
      "uuid": "6382e67c-6a04-4e4a-a595-ebdb2259a563",
      "parentUUID": "9a2a4966-c9ef-4e65-8f33-c84aa180f967",
      "isHook": false,
      "skipped": false
    }
  ],
  "allFailures": [],
  "copyrightYear": 2017
}