{
  "stats": {
    "suites": 2,
    "tests": 10,
    "passes": 10,
    "pending": 0,
    "failures": 0,
    "start": "2017-08-24T12:05:14.467Z",
    "end": "2017-08-24T12:05:42.649Z",
    "duration": 28182,
    "testsRegistered": 10,
    "passPercent": 100,
    "pendingPercent": 0,
    "other": 0,
    "hasOther": false,
    "skipped": 0,
    "hasSkipped": false,
    "passPercentClass": "success",
    "pendingPercentClass": "danger"
  },
  "suites": {
    "title": "",
    "suites": [
      {
        "title": "Verification of Actions functions on Test Automation Example Page",
        "suites": [
          {
            "title": "Verification of Action Functions ",
            "suites": [],
            "tests": [
              {
                "title": "Given User is on TAF Example Page",
                "fullTitle": "Verification of Actions functions on Test Automation Example Page Verification of Action Functions  Given User is on TAF Example Page",
                "timedOut": false,
                "duration": 14595,
                "state": "passed",
                "speed": "slow",
                "pass": true,
                "fail": false,
                "pending": false,
                "code": "iterator(this, subject, done);",
                "err": {},
                "isRoot": false,
                "uuid": "658cea51-288c-488a-91f0-29265ba9da23",
                "parentUUID": "c185eb1c-0bf4-4a81-b892-c1f8d9a93982",
                "isHook": false,
                "skipped": false
              },
              {
                "title": "When The hidden text is visible",
                "fullTitle": "Verification of Actions functions on Test Automation Example Page Verification of Action Functions  When The hidden text is visible",
                "timedOut": false,
                "duration": 9679,
                "state": "passed",
                "speed": "slow",
                "pass": true,
                "fail": false,
                "pending": false,
                "code": "iterator(this, subject, done);",
                "err": {},
                "isRoot": false,
                "uuid": "c7fa1461-7265-4e5c-bbb6-e60d8fbfe5e6",
                "parentUUID": "c185eb1c-0bf4-4a81-b892-c1f8d9a93982",
                "isHook": false,
                "skipped": false
              },
              {
                "title": "Then User enter text in Text box",
                "fullTitle": "Verification of Actions functions on Test Automation Example Page Verification of Action Functions  Then User enter text in Text box",
                "timedOut": false,
                "duration": 415,
                "state": "passed",
                "speed": "slow",
                "pass": true,
                "fail": false,
                "pending": false,
                "code": "iterator(this, subject, done);",
                "err": {},
                "isRoot": false,
                "uuid": "2b39d602-3595-4e5c-9b17-012d0f7cd257",
                "parentUUID": "c185eb1c-0bf4-4a81-b892-c1f8d9a93982",
                "isHook": false,
                "skipped": false
              },
              {
                "title": "Then User selects options from select menu",
                "fullTitle": "Verification of Actions functions on Test Automation Example Page Verification of Action Functions  Then User selects options from select menu",
                "timedOut": false,
                "duration": 410,
                "state": "passed",
                "speed": "slow",
                "pass": true,
                "fail": false,
                "pending": false,
                "code": "iterator(this, subject, done);",
                "err": {},
                "isRoot": false,
                "uuid": "f3b6eb36-e77a-4d69-8d0e-bd1e1b2a7865",
                "parentUUID": "c185eb1c-0bf4-4a81-b892-c1f8d9a93982",
                "isHook": false,
                "skipped": false
              },
              {
                "title": "Then User select Mutual Funds and ETFs checkbox",
                "fullTitle": "Verification of Actions functions on Test Automation Example Page Verification of Action Functions  Then User select Mutual Funds and ETFs checkbox",
                "timedOut": false,
                "duration": 504,
                "state": "passed",
                "speed": "slow",
                "pass": true,
                "fail": false,
                "pending": false,
                "code": "iterator(this, subject, done);",
                "err": {},
                "isRoot": false,
                "uuid": "5df3a3b3-e2ae-4eaa-ae8e-fa6b26e39247",
                "parentUUID": "c185eb1c-0bf4-4a81-b892-c1f8d9a93982",
                "isHook": false,
                "skipped": false
              },
              {
                "title": "Then User uncheck ETFs checkbox",
                "fullTitle": "Verification of Actions functions on Test Automation Example Page Verification of Action Functions  Then User uncheck ETFs checkbox",
                "timedOut": false,
                "duration": 325,
                "state": "passed",
                "speed": "slow",
                "pass": true,
                "fail": false,
                "pending": false,
                "code": "iterator(this, subject, done);",
                "err": {},
                "isRoot": false,
                "uuid": "57326ee1-f8c0-4cc8-a4a9-0f22c9811f03",
                "parentUUID": "c185eb1c-0bf4-4a81-b892-c1f8d9a93982",
                "isHook": false,
                "skipped": false
              },
              {
                "title": "Then User selects Options radio button",
                "fullTitle": "Verification of Actions functions on Test Automation Example Page Verification of Action Functions  Then User selects Options radio button",
                "timedOut": false,
                "duration": 342,
                "state": "passed",
                "speed": "slow",
                "pass": true,
                "fail": false,
                "pending": false,
                "code": "iterator(this, subject, done);",
                "err": {},
                "isRoot": false,
                "uuid": "e7b5dd3a-367a-4b48-b1d2-5973c5c6aaa0",
                "parentUUID": "c185eb1c-0bf4-4a81-b892-c1f8d9a93982",
                "isHook": false,
                "skipped": false
              },
              {
                "title": "Then User performs mouseover on hover text",
                "fullTitle": "Verification of Actions functions on Test Automation Example Page Verification of Action Functions  Then User performs mouseover on hover text",
                "timedOut": false,
                "duration": 319,
                "state": "passed",
                "speed": "slow",
                "pass": true,
                "fail": false,
                "pending": false,
                "code": "iterator(this, subject, done);",
                "err": {},
                "isRoot": false,
                "uuid": "3eb23dd3-6517-40c7-874c-36d669a343ec",
                "parentUUID": "c185eb1c-0bf4-4a81-b892-c1f8d9a93982",
                "isHook": false,
                "skipped": false
              },
              {
                "title": "Then User scrolls the page to bottom",
                "fullTitle": "Verification of Actions functions on Test Automation Example Page Verification of Action Functions  Then User scrolls the page to bottom",
                "timedOut": false,
                "duration": 286,
                "state": "passed",
                "speed": "slow",
                "pass": true,
                "fail": false,
                "pending": false,
                "code": "iterator(this, subject, done);",
                "err": {},
                "isRoot": false,
                "uuid": "2a61798f-153a-40b4-830b-19d866401592",
                "parentUUID": "c185eb1c-0bf4-4a81-b892-c1f8d9a93982",
                "isHook": false,
                "skipped": false
              },
              {
                "title": "Then User enters text in the text box inside iframe",
                "fullTitle": "Verification of Actions functions on Test Automation Example Page Verification of Action Functions  Then User enters text in the text box inside iframe",
                "timedOut": false,
                "duration": 525,
                "state": "passed",
                "speed": "slow",
                "pass": true,
                "fail": false,
                "pending": false,
                "code": "iterator(this, subject, done);",
                "err": {},
                "isRoot": false,
                "uuid": "a14704d6-c40f-4284-b78f-53b86e511d04",
                "parentUUID": "c185eb1c-0bf4-4a81-b892-c1f8d9a93982",
                "isHook": false,
                "skipped": false
              }
            ],
            "pending": [],
            "root": false,
            "_timeout": 50000,
            "file": "\\example\\test.js",
            "uuid": "c185eb1c-0bf4-4a81-b892-c1f8d9a93982",
            "beforeHooks": [],
            "afterHooks": [],
            "fullFile": "D:\\TAF\\256\\mochaautomation\\example\\test.js",
            "passes": [
              {
                "title": "Given User is on TAF Example Page",
                "fullTitle": "Verification of Actions functions on Test Automation Example Page Verification of Action Functions  Given User is on TAF Example Page",
                "timedOut": false,
                "duration": 14595,
                "state": "passed",
                "speed": "slow",
                "pass": true,
                "fail": false,
                "pending": false,
                "code": "iterator(this, subject, done);",
                "err": {},
                "isRoot": false,
                "uuid": "658cea51-288c-488a-91f0-29265ba9da23",
                "parentUUID": "c185eb1c-0bf4-4a81-b892-c1f8d9a93982",
                "isHook": false,
                "skipped": false
              },
              {
                "title": "When The hidden text is visible",
                "fullTitle": "Verification of Actions functions on Test Automation Example Page Verification of Action Functions  When The hidden text is visible",
                "timedOut": false,
                "duration": 9679,
                "state": "passed",
                "speed": "slow",
                "pass": true,
                "fail": false,
                "pending": false,
                "code": "iterator(this, subject, done);",
                "err": {},
                "isRoot": false,
                "uuid": "c7fa1461-7265-4e5c-bbb6-e60d8fbfe5e6",
                "parentUUID": "c185eb1c-0bf4-4a81-b892-c1f8d9a93982",
                "isHook": false,
                "skipped": false
              },
              {
                "title": "Then User enter text in Text box",
                "fullTitle": "Verification of Actions functions on Test Automation Example Page Verification of Action Functions  Then User enter text in Text box",
                "timedOut": false,
                "duration": 415,
                "state": "passed",
                "speed": "slow",
                "pass": true,
                "fail": false,
                "pending": false,
                "code": "iterator(this, subject, done);",
                "err": {},
                "isRoot": false,
                "uuid": "2b39d602-3595-4e5c-9b17-012d0f7cd257",
                "parentUUID": "c185eb1c-0bf4-4a81-b892-c1f8d9a93982",
                "isHook": false,
                "skipped": false
              },
              {
                "title": "Then User selects options from select menu",
                "fullTitle": "Verification of Actions functions on Test Automation Example Page Verification of Action Functions  Then User selects options from select menu",
                "timedOut": false,
                "duration": 410,
                "state": "passed",
                "speed": "slow",
                "pass": true,
                "fail": false,
                "pending": false,
                "code": "iterator(this, subject, done);",
                "err": {},
                "isRoot": false,
                "uuid": "f3b6eb36-e77a-4d69-8d0e-bd1e1b2a7865",
                "parentUUID": "c185eb1c-0bf4-4a81-b892-c1f8d9a93982",
                "isHook": false,
                "skipped": false
              },
              {
                "title": "Then User select Mutual Funds and ETFs checkbox",
                "fullTitle": "Verification of Actions functions on Test Automation Example Page Verification of Action Functions  Then User select Mutual Funds and ETFs checkbox",
                "timedOut": false,
                "duration": 504,
                "state": "passed",
                "speed": "slow",
                "pass": true,
                "fail": false,
                "pending": false,
                "code": "iterator(this, subject, done);",
                "err": {},
                "isRoot": false,
                "uuid": "5df3a3b3-e2ae-4eaa-ae8e-fa6b26e39247",
                "parentUUID": "c185eb1c-0bf4-4a81-b892-c1f8d9a93982",
                "isHook": false,
                "skipped": false
              },
              {
                "title": "Then User uncheck ETFs checkbox",
                "fullTitle": "Verification of Actions functions on Test Automation Example Page Verification of Action Functions  Then User uncheck ETFs checkbox",
                "timedOut": false,
                "duration": 325,
                "state": "passed",
                "speed": "slow",
                "pass": true,
                "fail": false,
                "pending": false,
                "code": "iterator(this, subject, done);",
                "err": {},
                "isRoot": false,
                "uuid": "57326ee1-f8c0-4cc8-a4a9-0f22c9811f03",
                "parentUUID": "c185eb1c-0bf4-4a81-b892-c1f8d9a93982",
                "isHook": false,
                "skipped": false
              },
              {
                "title": "Then User selects Options radio button",
                "fullTitle": "Verification of Actions functions on Test Automation Example Page Verification of Action Functions  Then User selects Options radio button",
                "timedOut": false,
                "duration": 342,
                "state": "passed",
                "speed": "slow",
                "pass": true,
                "fail": false,
                "pending": false,
                "code": "iterator(this, subject, done);",
                "err": {},
                "isRoot": false,
                "uuid": "e7b5dd3a-367a-4b48-b1d2-5973c5c6aaa0",
                "parentUUID": "c185eb1c-0bf4-4a81-b892-c1f8d9a93982",
                "isHook": false,
                "skipped": false
              },
              {
                "title": "Then User performs mouseover on hover text",
                "fullTitle": "Verification of Actions functions on Test Automation Example Page Verification of Action Functions  Then User performs mouseover on hover text",
                "timedOut": false,
                "duration": 319,
                "state": "passed",
                "speed": "slow",
                "pass": true,
                "fail": false,
                "pending": false,
                "code": "iterator(this, subject, done);",
                "err": {},
                "isRoot": false,
                "uuid": "3eb23dd3-6517-40c7-874c-36d669a343ec",
                "parentUUID": "c185eb1c-0bf4-4a81-b892-c1f8d9a93982",
                "isHook": false,
                "skipped": false
              },
              {
                "title": "Then User scrolls the page to bottom",
                "fullTitle": "Verification of Actions functions on Test Automation Example Page Verification of Action Functions  Then User scrolls the page to bottom",
                "timedOut": false,
                "duration": 286,
                "state": "passed",
                "speed": "slow",
                "pass": true,
                "fail": false,
                "pending": false,
                "code": "iterator(this, subject, done);",
                "err": {},
                "isRoot": false,
                "uuid": "2a61798f-153a-40b4-830b-19d866401592",
                "parentUUID": "c185eb1c-0bf4-4a81-b892-c1f8d9a93982",
                "isHook": false,
                "skipped": false
              },
              {
                "title": "Then User enters text in the text box inside iframe",
                "fullTitle": "Verification of Actions functions on Test Automation Example Page Verification of Action Functions  Then User enters text in the text box inside iframe",
                "timedOut": false,
                "duration": 525,
                "state": "passed",
                "speed": "slow",
                "pass": true,
                "fail": false,
                "pending": false,
                "code": "iterator(this, subject, done);",
                "err": {},
                "isRoot": false,
                "uuid": "a14704d6-c40f-4284-b78f-53b86e511d04",
                "parentUUID": "c185eb1c-0bf4-4a81-b892-c1f8d9a93982",
                "isHook": false,
                "skipped": false
              }
            ],
            "failures": [],
            "skipped": [],
            "hasBeforeHooks": false,
            "hasAfterHooks": false,
            "hasTests": true,
            "hasSuites": false,
            "totalTests": 10,
            "totalPasses": 10,
            "totalFailures": 0,
            "totalPending": 0,
            "totalSkipped": 0,
            "hasPasses": true,
            "hasFailures": false,
            "hasPending": false,
            "hasSkipped": false,
            "duration": 27400,
            "rootEmpty": false
          }
        ],
        "tests": [],
        "pending": [],
        "root": false,
        "_timeout": 50000,
        "file": "\\example\\test.js",
        "uuid": "012f6c8e-7903-48f7-82c3-ca124f722f08",
        "beforeHooks": [
          {
            "title": "\"before all\" hook",
            "fullTitle": "Verification of Actions functions on Test Automation Example Page \"before all\" hook",
            "timedOut": false,
            "duration": 424,
            "pass": false,
            "fail": false,
            "pending": false,
            "code": "log.info('Start of the automation test Execution');\n       \n  driver = new webdriver.Builder().usingServer().withCapabilities({'browserName': gBrowser}).build();\n\ndriver.manage().timeouts().implicitlyWait(10000);\ndone();",
            "err": {},
            "isRoot": false,
            "uuid": "f065c678-d63a-4e2a-85de-309b3359b96b",
            "parentUUID": "012f6c8e-7903-48f7-82c3-ca124f722f08",
            "isHook": true,
            "skipped": false
          }
        ],
        "afterHooks": [
          {
            "title": "\"after all\" hook",
            "fullTitle": "Verification of Actions functions on Test Automation Example Page \"after all\" hook",
            "timedOut": false,
            "duration": 316,
            "pass": false,
            "fail": false,
            "pending": false,
            "code": "log.info('End of the automation test Execution');\ndriver.quit().then(done);",
            "err": {},
            "isRoot": false,
            "uuid": "16c8057d-31c9-49d4-a735-9cd5989647a4",
            "parentUUID": "012f6c8e-7903-48f7-82c3-ca124f722f08",
            "isHook": true,
            "skipped": false
          },
          {
            "title": "\"after each\" hook",
            "fullTitle": "Verification of Actions functions on Test Automation Example Page \"after each\" hook",
            "timedOut": false,
            "duration": 0,
            "pass": false,
            "fail": false,
            "pending": false,
            "code": "takeScreenshotOnFailure(this.currentTest);",
            "err": {},
            "isRoot": false,
            "uuid": "f2932aff-ae4c-4134-91c4-181788180e0e",
            "parentUUID": "012f6c8e-7903-48f7-82c3-ca124f722f08",
            "isHook": true,
            "skipped": false
          }
        ],
        "fullFile": "D:\\TAF\\256\\mochaautomation\\example\\test.js",
        "passes": [],
        "failures": [],
        "skipped": [],
        "hasBeforeHooks": true,
        "hasAfterHooks": true,
        "hasTests": false,
        "hasSuites": true,
        "totalTests": 0,
        "totalPasses": 0,
        "totalFailures": 0,
        "totalPending": 0,
        "totalSkipped": 0,
        "hasPasses": false,
        "hasFailures": false,
        "hasPending": false,
        "hasSkipped": false,
        "duration": 0,
        "rootEmpty": false
      }
    ],
    "tests": [],
    "pending": [],
    "root": true,
    "_timeout": 50000,
    "uuid": "4f3ca70e-0ba1-4a1f-85b1-f1065b487af9",
    "beforeHooks": [],
    "afterHooks": [],
    "fullFile": "",
    "file": "",
    "passes": [],
    "failures": [],
    "skipped": [],
    "hasBeforeHooks": false,
    "hasAfterHooks": false,
    "hasTests": false,
    "hasSuites": true,
    "totalTests": 0,
    "totalPasses": 0,
    "totalFailures": 0,
    "totalPending": 0,
    "totalSkipped": 0,
    "hasPasses": false,
    "hasFailures": false,
    "hasPending": false,
    "hasSkipped": false,
    "duration": 0,
    "rootEmpty": true
  },
  "allTests": [
    {
      "title": "Given User is on TAF Example Page",
      "fullTitle": "Verification of Action Functions  Given User is on TAF Example Page",
      "timedOut": false,
      "duration": 14595,
      "state": "passed",
      "speed": "slow",
      "pass": true,
      "fail": false,
      "pending": false,
      "code": "iterator(this, subject, done);",
      "err": {},
      "isRoot": false,
      "uuid": "658cea51-288c-488a-91f0-29265ba9da23",
      "parentUUID": "c185eb1c-0bf4-4a81-b892-c1f8d9a93982",
      "isHook": false,
      "skipped": false
    },
    {
      "title": "When The hidden text is visible",
      "fullTitle": "Verification of Action Functions  When The hidden text is visible",
      "timedOut": false,
      "duration": 9679,
      "state": "passed",
      "speed": "slow",
      "pass": true,
      "fail": false,
      "pending": false,
      "code": "iterator(this, subject, done);",
      "err": {},
      "isRoot": false,
      "uuid": "c7fa1461-7265-4e5c-bbb6-e60d8fbfe5e6",
      "parentUUID": "c185eb1c-0bf4-4a81-b892-c1f8d9a93982",
      "isHook": false,
      "skipped": false
    },
    {
      "title": "Then User enter text in Text box",
      "fullTitle": "Verification of Action Functions  Then User enter text in Text box",
      "timedOut": false,
      "duration": 415,
      "state": "passed",
      "speed": "slow",
      "pass": true,
      "fail": false,
      "pending": false,
      "code": "iterator(this, subject, done);",
      "err": {},
      "isRoot": false,
      "uuid": "2b39d602-3595-4e5c-9b17-012d0f7cd257",
      "parentUUID": "c185eb1c-0bf4-4a81-b892-c1f8d9a93982",
      "isHook": false,
      "skipped": false
    },
    {
      "title": "Then User selects options from select menu",
      "fullTitle": "Verification of Action Functions  Then User selects options from select menu",
      "timedOut": false,
      "duration": 410,
      "state": "passed",
      "speed": "slow",
      "pass": true,
      "fail": false,
      "pending": false,
      "code": "iterator(this, subject, done);",
      "err": {},
      "isRoot": false,
      "uuid": "f3b6eb36-e77a-4d69-8d0e-bd1e1b2a7865",
      "parentUUID": "c185eb1c-0bf4-4a81-b892-c1f8d9a93982",
      "isHook": false,
      "skipped": false
    },
    {
      "title": "Then User select Mutual Funds and ETFs checkbox",
      "fullTitle": "Verification of Action Functions  Then User select Mutual Funds and ETFs checkbox",
      "timedOut": false,
      "duration": 504,
      "state": "passed",
      "speed": "slow",
      "pass": true,
      "fail": false,
      "pending": false,
      "code": "iterator(this, subject, done);",
      "err": {},
      "isRoot": false,
      "uuid": "5df3a3b3-e2ae-4eaa-ae8e-fa6b26e39247",
      "parentUUID": "c185eb1c-0bf4-4a81-b892-c1f8d9a93982",
      "isHook": false,
      "skipped": false
    },
    {
      "title": "Then User uncheck ETFs checkbox",
      "fullTitle": "Verification of Action Functions  Then User uncheck ETFs checkbox",
      "timedOut": false,
      "duration": 325,
      "state": "passed",
      "speed": "slow",
      "pass": true,
      "fail": false,
      "pending": false,
      "code": "iterator(this, subject, done);",
      "err": {},
      "isRoot": false,
      "uuid": "57326ee1-f8c0-4cc8-a4a9-0f22c9811f03",
      "parentUUID": "c185eb1c-0bf4-4a81-b892-c1f8d9a93982",
      "isHook": false,
      "skipped": false
    },
    {
      "title": "Then User selects Options radio button",
      "fullTitle": "Verification of Action Functions  Then User selects Options radio button",
      "timedOut": false,
      "duration": 342,
      "state": "passed",
      "speed": "slow",
      "pass": true,
      "fail": false,
      "pending": false,
      "code": "iterator(this, subject, done);",
      "err": {},
      "isRoot": false,
      "uuid": "e7b5dd3a-367a-4b48-b1d2-5973c5c6aaa0",
      "parentUUID": "c185eb1c-0bf4-4a81-b892-c1f8d9a93982",
      "isHook": false,
      "skipped": false
    },
    {
      "title": "Then User performs mouseover on hover text",
      "fullTitle": "Verification of Action Functions  Then User performs mouseover on hover text",
      "timedOut": false,
      "duration": 319,
      "state": "passed",
      "speed": "slow",
      "pass": true,
      "fail": false,
      "pending": false,
      "code": "iterator(this, subject, done);",
      "err": {},
      "isRoot": false,
      "uuid": "3eb23dd3-6517-40c7-874c-36d669a343ec",
      "parentUUID": "c185eb1c-0bf4-4a81-b892-c1f8d9a93982",
      "isHook": false,
      "skipped": false
    },
    {
      "title": "Then User scrolls the page to bottom",
      "fullTitle": "Verification of Action Functions  Then User scrolls the page to bottom",
      "timedOut": false,
      "duration": 286,
      "state": "passed",
      "speed": "slow",
      "pass": true,
      "fail": false,
      "pending": false,
      "code": "iterator(this, subject, done);",
      "err": {},
      "isRoot": false,
      "uuid": "2a61798f-153a-40b4-830b-19d866401592",
      "parentUUID": "c185eb1c-0bf4-4a81-b892-c1f8d9a93982",
      "isHook": false,
      "skipped": false
    },
    {
      "title": "Then User enters text in the text box inside iframe",
      "fullTitle": "Verification of Action Functions  Then User enters text in the text box inside iframe",
      "timedOut": false,
      "duration": 525,
      "state": "passed",
      "speed": "slow",
      "pass": true,
      "fail": false,
      "pending": false,
      "code": "iterator(this, subject, done);",
      "err": {},
      "isRoot": false,
      "uuid": "a14704d6-c40f-4284-b78f-53b86e511d04",
      "parentUUID": "c185eb1c-0bf4-4a81-b892-c1f8d9a93982",
      "isHook": false,
      "skipped": false
    }
  ],
  "allPending": [],
  "allPasses": [
    {
      "title": "Given User is on TAF Example Page",
      "fullTitle": "Verification of Action Functions  Given User is on TAF Example Page",
      "timedOut": false,
      "duration": 14595,
      "state": "passed",
      "speed": "slow",
      "pass": true,
      "fail": false,
      "pending": false,
      "code": "iterator(this, subject, done);",
      "err": {},
      "isRoot": false,
      "uuid": "658cea51-288c-488a-91f0-29265ba9da23",
      "parentUUID": "c185eb1c-0bf4-4a81-b892-c1f8d9a93982",
      "isHook": false,
      "skipped": false
    },
    {
      "title": "When The hidden text is visible",
      "fullTitle": "Verification of Action Functions  When The hidden text is visible",
      "timedOut": false,
      "duration": 9679,
      "state": "passed",
      "speed": "slow",
      "pass": true,
      "fail": false,
      "pending": false,
      "code": "iterator(this, subject, done);",
      "err": {},
      "isRoot": false,
      "uuid": "c7fa1461-7265-4e5c-bbb6-e60d8fbfe5e6",
      "parentUUID": "c185eb1c-0bf4-4a81-b892-c1f8d9a93982",
      "isHook": false,
      "skipped": false
    },
    {
      "title": "Then User enter text in Text box",
      "fullTitle": "Verification of Action Functions  Then User enter text in Text box",
      "timedOut": false,
      "duration": 415,
      "state": "passed",
      "speed": "slow",
      "pass": true,
      "fail": false,
      "pending": false,
      "code": "iterator(this, subject, done);",
      "err": {},
      "isRoot": false,
      "uuid": "2b39d602-3595-4e5c-9b17-012d0f7cd257",
      "parentUUID": "c185eb1c-0bf4-4a81-b892-c1f8d9a93982",
      "isHook": false,
      "skipped": false
    },
    {
      "title": "Then User selects options from select menu",
      "fullTitle": "Verification of Action Functions  Then User selects options from select menu",
      "timedOut": false,
      "duration": 410,
      "state": "passed",
      "speed": "slow",
      "pass": true,
      "fail": false,
      "pending": false,
      "code": "iterator(this, subject, done);",
      "err": {},
      "isRoot": false,
      "uuid": "f3b6eb36-e77a-4d69-8d0e-bd1e1b2a7865",
      "parentUUID": "c185eb1c-0bf4-4a81-b892-c1f8d9a93982",
      "isHook": false,
      "skipped": false
    },
    {
      "title": "Then User select Mutual Funds and ETFs checkbox",
      "fullTitle": "Verification of Action Functions  Then User select Mutual Funds and ETFs checkbox",
      "timedOut": false,
      "duration": 504,
      "state": "passed",
      "speed": "slow",
      "pass": true,
      "fail": false,
      "pending": false,
      "code": "iterator(this, subject, done);",
      "err": {},
      "isRoot": false,
      "uuid": "5df3a3b3-e2ae-4eaa-ae8e-fa6b26e39247",
      "parentUUID": "c185eb1c-0bf4-4a81-b892-c1f8d9a93982",
      "isHook": false,
      "skipped": false
    },
    {
      "title": "Then User uncheck ETFs checkbox",
      "fullTitle": "Verification of Action Functions  Then User uncheck ETFs checkbox",
      "timedOut": false,
      "duration": 325,
      "state": "passed",
      "speed": "slow",
      "pass": true,
      "fail": false,
      "pending": false,
      "code": "iterator(this, subject, done);",
      "err": {},
      "isRoot": false,
      "uuid": "57326ee1-f8c0-4cc8-a4a9-0f22c9811f03",
      "parentUUID": "c185eb1c-0bf4-4a81-b892-c1f8d9a93982",
      "isHook": false,
      "skipped": false
    },
    {
      "title": "Then User selects Options radio button",
      "fullTitle": "Verification of Action Functions  Then User selects Options radio button",
      "timedOut": false,
      "duration": 342,
      "state": "passed",
      "speed": "slow",
      "pass": true,
      "fail": false,
      "pending": false,
      "code": "iterator(this, subject, done);",
      "err": {},
      "isRoot": false,
      "uuid": "e7b5dd3a-367a-4b48-b1d2-5973c5c6aaa0",
      "parentUUID": "c185eb1c-0bf4-4a81-b892-c1f8d9a93982",
      "isHook": false,
      "skipped": false
    },
    {
      "title": "Then User performs mouseover on hover text",
      "fullTitle": "Verification of Action Functions  Then User performs mouseover on hover text",
      "timedOut": false,
      "duration": 319,
      "state": "passed",
      "speed": "slow",
      "pass": true,
      "fail": false,
      "pending": false,
      "code": "iterator(this, subject, done);",
      "err": {},
      "isRoot": false,
      "uuid": "3eb23dd3-6517-40c7-874c-36d669a343ec",
      "parentUUID": "c185eb1c-0bf4-4a81-b892-c1f8d9a93982",
      "isHook": false,
      "skipped": false
    },
    {
      "title": "Then User scrolls the page to bottom",
      "fullTitle": "Verification of Action Functions  Then User scrolls the page to bottom",
      "timedOut": false,
      "duration": 286,
      "state": "passed",
      "speed": "slow",
      "pass": true,
      "fail": false,
      "pending": false,
      "code": "iterator(this, subject, done);",
      "err": {},
      "isRoot": false,
      "uuid": "2a61798f-153a-40b4-830b-19d866401592",
      "parentUUID": "c185eb1c-0bf4-4a81-b892-c1f8d9a93982",
      "isHook": false,
      "skipped": false
    },
    {
      "title": "Then User enters text in the text box inside iframe",
      "fullTitle": "Verification of Action Functions  Then User enters text in the text box inside iframe",
      "timedOut": false,
      "duration": 525,
      "state": "passed",
      "speed": "slow",
      "pass": true,
      "fail": false,
      "pending": false,
      "code": "iterator(this, subject, done);",
      "err": {},
      "isRoot": false,
      "uuid": "a14704d6-c40f-4284-b78f-53b86e511d04",
      "parentUUID": "c185eb1c-0bf4-4a81-b892-c1f8d9a93982",
      "isHook": false,
      "skipped": false
    }
  ],
  "allFailures": [],
  "copyrightYear": 2017
}