{
  "stats": {
    "suites": 4,
    "tests": 7,
    "passes": 4,
    "pending": 1,
    "failures": 2,
    "start": "2017-08-23T07:50:25.685Z",
    "end": "2017-08-23T07:51:10.496Z",
    "duration": 44811,
    "testsRegistered": 7,
    "passPercent": 66.7,
    "pendingPercent": 14.3,
    "other": 1,
    "hasOther": true,
    "skipped": 0,
    "hasSkipped": false,
    "passPercentClass": "warning",
    "pendingPercentClass": "danger"
  },
  "suites": {
    "title": "",
    "suites": [
      {
        "title": "Verification of Actions functions on Test Automation Example Page",
        "suites": [
          {
            "title": "Verification of sendkeys ",
            "suites": [],
            "tests": [
              {
                "title": "Given User is on the TAF Example Page",
                "fullTitle": "Verification of Actions functions on Test Automation Example Page Verification of sendkeys  Given User is on the TAF Example Page",
                "timedOut": false,
                "duration": 13514,
                "state": "passed",
                "speed": "slow",
                "pass": true,
                "fail": false,
                "pending": false,
                "code": "iterator(this, subject, done);",
                "err": {},
                "isRoot": false,
                "uuid": "c57b1f79-558b-4150-af01-36bcec22ecf8",
                "parentUUID": "357af2e5-9c25-4b2c-9d7b-e5322576c7ac",
                "isHook": false,
                "skipped": false
              },
              {
                "title": "When User uses send keys method on Text box",
                "fullTitle": "Verification of Actions functions on Test Automation Example Page Verification of sendkeys  When User uses send keys method on Text box",
                "timedOut": false,
                "duration": 474,
                "state": "passed",
                "speed": "slow",
                "pass": true,
                "fail": false,
                "pending": false,
                "code": "iterator(this, subject, done);",
                "err": {},
                "isRoot": false,
                "uuid": "44ccf404-8f88-47ec-965e-76be4a9312da",
                "parentUUID": "357af2e5-9c25-4b2c-9d7b-e5322576c7ac",
                "isHook": false,
                "skipped": false
              },
              {
                "title": "Then the same text is entered in the Text Box on Example Page",
                "fullTitle": "Verification of Actions functions on Test Automation Example Page Verification of sendkeys  Then the same text is entered in the Text Box on Example Page",
                "timedOut": false,
                "duration": 855,
                "state": "passed",
                "speed": "slow",
                "pass": true,
                "fail": false,
                "pending": false,
                "code": "iterator(this, subject, done);",
                "err": {},
                "isRoot": false,
                "uuid": "368fb12d-4a2f-47c5-a70a-e14ed8bb7b37",
                "parentUUID": "357af2e5-9c25-4b2c-9d7b-e5322576c7ac",
                "isHook": false,
                "skipped": false
              },
              {
                "title": "Then User selects options from select menu",
                "fullTitle": "Verification of Actions functions on Test Automation Example Page Verification of sendkeys  Then User selects options from select menu",
                "timedOut": false,
                "duration": 20400,
                "state": "failed",
                "pass": false,
                "fail": true,
                "pending": false,
                "code": "iterator(this, subject, done);",
                "err": {
                  "message": "NoSuchElementError: no such element: Unable to locate element: {\"method\":\"css selector\",\"selector\":\"*[id=\"select\"]\"}\n  (Session info: chrome=59.0.3071.104)\n  (Driver info: chromedriver=2.29.461591 (62ebf098771772160f391d75e589dc567915b233),platform=Windows NT 6.1.7601 SP1 x86_64)",
                  "estack": "NoSuchElementError: no such element: Unable to locate element: {\"method\":\"css selector\",\"selector\":\"*[id=\"select\"]\"}\n  (Session info: chrome=59.0.3071.104)\n  (Driver info: chromedriver=2.29.461591 (62ebf098771772160f391d75e589dc567915b233),platform=Windows NT 6.1.7601 SP1 x86_64)\n    at WebDriverError (node_modules\\selenium-webdriver\\lib\\error.js:27:5)\n    at NoSuchElementError (node_modules\\selenium-webdriver\\lib\\error.js:242:5)\n    at Object.checkLegacyResponse (node_modules\\selenium-webdriver\\lib\\error.js:639:15)\n    at parseHttpResponse (node_modules\\selenium-webdriver\\http\\index.js:528:13)\n    at client_.send.then.response (node_modules\\selenium-webdriver\\http\\index.js:466:11)\n    at ManagedPromise.invokeCallback_ (node_modules\\selenium-webdriver\\lib\\promise.js:1343:14)\n    at TaskQueue.execute_ (node_modules\\selenium-webdriver\\lib\\promise.js:2868:14)\n    at TaskQueue.executeNext_ (node_modules\\selenium-webdriver\\lib\\promise.js:2851:21)\n    at asyncRun (node_modules\\selenium-webdriver\\lib\\promise.js:2775:25)\n    at node_modules\\selenium-webdriver\\lib\\promise.js:639:7\n    at process._tickCallback (internal/process/next_tick.js:103:7)\nFrom: Task: WebDriver.findElement(By(css selector, *[id=\"select\"]))\n    at Driver.schedule (node_modules\\selenium-webdriver\\lib\\webdriver.js:386:17)\n    at Driver.findElement (node_modules\\selenium-webdriver\\lib\\webdriver.js:866:17)\n    at FunctionLibrary.fnSelectValueFromDropDown (lib\\function-library.js:463:17)\n    at Object.<anonymous> (example\\step-definition\\intranet-step.js:65:29)\n    at Object.invoke (node_modules\\yadda\\lib\\fn.js:15:19)\n    at node_modules\\yadda\\lib\\Macro.js:37:29\n    at node_modules\\yadda\\lib\\Array.js:85:13\n    at each_async (node_modules\\yadda\\lib\\Array.js:55:35)\n    at Array.collect_async (node_modules\\yadda\\lib\\Array.js:77:9)\n    at Array.collect_async (node_modules\\yadda\\lib\\fn.js:10:23)\n    at convert (node_modules\\yadda\\lib\\Macro.js:83:12)\n    at Macro.interpret (node_modules\\yadda\\lib\\Macro.js:32:9)\n    at Interpreter.interpret_step (node_modules\\yadda\\lib\\Interpreter.js:59:15)\n    at iterator (node_modules\\yadda\\lib\\Interpreter.js:49:19)\n    at node_modules\\yadda\\lib\\fn.js:35:16\n    at iterate (node_modules\\yadda\\lib\\Array.js:58:13)\n    at Array.each_async (node_modules\\yadda\\lib\\Array.js:64:9)\n    at Array.each_async (node_modules\\yadda\\lib\\fn.js:10:23)\n    at Interpreter.interpret (node_modules\\yadda\\lib\\Interpreter.js:44:21)\n    at Yadda.yadda (node_modules\\yadda\\lib\\Yadda.js:25:26)\n    at example\\test.js:33:66\n    at TaskQueue.execute_ (node_modules\\selenium-webdriver\\lib\\promise.js:2868:14)\n    at TaskQueue.executeNext_ (node_modules\\selenium-webdriver\\lib\\promise.js:2851:21)\n    at asyncRun (node_modules\\selenium-webdriver\\lib\\promise.js:2775:25)\n    at node_modules\\selenium-webdriver\\lib\\promise.js:639:7\nFrom: Task: <anonymous>\n    at executeInFlow (example\\test.js:50:37)\n    at example\\test.js:32:17\n    at node_modules\\yadda\\lib\\plugins\\mocha\\StepLevelPlugin.js:37:17\n    at Context.<anonymous> (node_modules\\yadda\\lib\\plugins\\mocha\\BasePlugin.js:38:13)"
                },
                "isRoot": false,
                "uuid": "def7d66e-937f-4193-a98b-cfcee221510c",
                "parentUUID": "357af2e5-9c25-4b2c-9d7b-e5322576c7ac",
                "isHook": false,
                "skipped": false
              }
            ],
            "pending": [],
            "root": false,
            "_timeout": 50000,
            "file": "\\example\\test.js",
            "uuid": "357af2e5-9c25-4b2c-9d7b-e5322576c7ac",
            "beforeHooks": [],
            "afterHooks": [],
            "fullFile": "D:\\TAF\\256\\mochaautomation\\example\\test.js",
            "passes": [
              {
                "title": "Given User is on the TAF Example Page",
                "fullTitle": "Verification of Actions functions on Test Automation Example Page Verification of sendkeys  Given User is on the TAF Example Page",
                "timedOut": false,
                "duration": 13514,
                "state": "passed",
                "speed": "slow",
                "pass": true,
                "fail": false,
                "pending": false,
                "code": "iterator(this, subject, done);",
                "err": {},
                "isRoot": false,
                "uuid": "c57b1f79-558b-4150-af01-36bcec22ecf8",
                "parentUUID": "357af2e5-9c25-4b2c-9d7b-e5322576c7ac",
                "isHook": false,
                "skipped": false
              },
              {
                "title": "When User uses send keys method on Text box",
                "fullTitle": "Verification of Actions functions on Test Automation Example Page Verification of sendkeys  When User uses send keys method on Text box",
                "timedOut": false,
                "duration": 474,
                "state": "passed",
                "speed": "slow",
                "pass": true,
                "fail": false,
                "pending": false,
                "code": "iterator(this, subject, done);",
                "err": {},
                "isRoot": false,
                "uuid": "44ccf404-8f88-47ec-965e-76be4a9312da",
                "parentUUID": "357af2e5-9c25-4b2c-9d7b-e5322576c7ac",
                "isHook": false,
                "skipped": false
              },
              {
                "title": "Then the same text is entered in the Text Box on Example Page",
                "fullTitle": "Verification of Actions functions on Test Automation Example Page Verification of sendkeys  Then the same text is entered in the Text Box on Example Page",
                "timedOut": false,
                "duration": 855,
                "state": "passed",
                "speed": "slow",
                "pass": true,
                "fail": false,
                "pending": false,
                "code": "iterator(this, subject, done);",
                "err": {},
                "isRoot": false,
                "uuid": "368fb12d-4a2f-47c5-a70a-e14ed8bb7b37",
                "parentUUID": "357af2e5-9c25-4b2c-9d7b-e5322576c7ac",
                "isHook": false,
                "skipped": false
              }
            ],
            "failures": [
              {
                "title": "Then User selects options from select menu",
                "fullTitle": "Verification of Actions functions on Test Automation Example Page Verification of sendkeys  Then User selects options from select menu",
                "timedOut": false,
                "duration": 20400,
                "state": "failed",
                "pass": false,
                "fail": true,
                "pending": false,
                "code": "iterator(this, subject, done);",
                "err": {
                  "message": "NoSuchElementError: no such element: Unable to locate element: {\"method\":\"css selector\",\"selector\":\"*[id=\"select\"]\"}\n  (Session info: chrome=59.0.3071.104)\n  (Driver info: chromedriver=2.29.461591 (62ebf098771772160f391d75e589dc567915b233),platform=Windows NT 6.1.7601 SP1 x86_64)",
                  "estack": "NoSuchElementError: no such element: Unable to locate element: {\"method\":\"css selector\",\"selector\":\"*[id=\"select\"]\"}\n  (Session info: chrome=59.0.3071.104)\n  (Driver info: chromedriver=2.29.461591 (62ebf098771772160f391d75e589dc567915b233),platform=Windows NT 6.1.7601 SP1 x86_64)\n    at WebDriverError (node_modules\\selenium-webdriver\\lib\\error.js:27:5)\n    at NoSuchElementError (node_modules\\selenium-webdriver\\lib\\error.js:242:5)\n    at Object.checkLegacyResponse (node_modules\\selenium-webdriver\\lib\\error.js:639:15)\n    at parseHttpResponse (node_modules\\selenium-webdriver\\http\\index.js:528:13)\n    at client_.send.then.response (node_modules\\selenium-webdriver\\http\\index.js:466:11)\n    at ManagedPromise.invokeCallback_ (node_modules\\selenium-webdriver\\lib\\promise.js:1343:14)\n    at TaskQueue.execute_ (node_modules\\selenium-webdriver\\lib\\promise.js:2868:14)\n    at TaskQueue.executeNext_ (node_modules\\selenium-webdriver\\lib\\promise.js:2851:21)\n    at asyncRun (node_modules\\selenium-webdriver\\lib\\promise.js:2775:25)\n    at node_modules\\selenium-webdriver\\lib\\promise.js:639:7\n    at process._tickCallback (internal/process/next_tick.js:103:7)\nFrom: Task: WebDriver.findElement(By(css selector, *[id=\"select\"]))\n    at Driver.schedule (node_modules\\selenium-webdriver\\lib\\webdriver.js:386:17)\n    at Driver.findElement (node_modules\\selenium-webdriver\\lib\\webdriver.js:866:17)\n    at FunctionLibrary.fnSelectValueFromDropDown (lib\\function-library.js:463:17)\n    at Object.<anonymous> (example\\step-definition\\intranet-step.js:65:29)\n    at Object.invoke (node_modules\\yadda\\lib\\fn.js:15:19)\n    at node_modules\\yadda\\lib\\Macro.js:37:29\n    at node_modules\\yadda\\lib\\Array.js:85:13\n    at each_async (node_modules\\yadda\\lib\\Array.js:55:35)\n    at Array.collect_async (node_modules\\yadda\\lib\\Array.js:77:9)\n    at Array.collect_async (node_modules\\yadda\\lib\\fn.js:10:23)\n    at convert (node_modules\\yadda\\lib\\Macro.js:83:12)\n    at Macro.interpret (node_modules\\yadda\\lib\\Macro.js:32:9)\n    at Interpreter.interpret_step (node_modules\\yadda\\lib\\Interpreter.js:59:15)\n    at iterator (node_modules\\yadda\\lib\\Interpreter.js:49:19)\n    at node_modules\\yadda\\lib\\fn.js:35:16\n    at iterate (node_modules\\yadda\\lib\\Array.js:58:13)\n    at Array.each_async (node_modules\\yadda\\lib\\Array.js:64:9)\n    at Array.each_async (node_modules\\yadda\\lib\\fn.js:10:23)\n    at Interpreter.interpret (node_modules\\yadda\\lib\\Interpreter.js:44:21)\n    at Yadda.yadda (node_modules\\yadda\\lib\\Yadda.js:25:26)\n    at example\\test.js:33:66\n    at TaskQueue.execute_ (node_modules\\selenium-webdriver\\lib\\promise.js:2868:14)\n    at TaskQueue.executeNext_ (node_modules\\selenium-webdriver\\lib\\promise.js:2851:21)\n    at asyncRun (node_modules\\selenium-webdriver\\lib\\promise.js:2775:25)\n    at node_modules\\selenium-webdriver\\lib\\promise.js:639:7\nFrom: Task: <anonymous>\n    at executeInFlow (example\\test.js:50:37)\n    at example\\test.js:32:17\n    at node_modules\\yadda\\lib\\plugins\\mocha\\StepLevelPlugin.js:37:17\n    at Context.<anonymous> (node_modules\\yadda\\lib\\plugins\\mocha\\BasePlugin.js:38:13)"
                },
                "isRoot": false,
                "uuid": "def7d66e-937f-4193-a98b-cfcee221510c",
                "parentUUID": "357af2e5-9c25-4b2c-9d7b-e5322576c7ac",
                "isHook": false,
                "skipped": false
              }
            ],
            "skipped": [],
            "hasBeforeHooks": false,
            "hasAfterHooks": false,
            "hasTests": true,
            "hasSuites": false,
            "totalTests": 4,
            "totalPasses": 3,
            "totalFailures": 1,
            "totalPending": 0,
            "totalSkipped": 0,
            "hasPasses": true,
            "hasFailures": true,
            "hasPending": false,
            "hasSkipped": false,
            "duration": 35243,
            "rootEmpty": false
          }
        ],
        "tests": [],
        "pending": [],
        "root": false,
        "_timeout": 50000,
        "file": "\\example\\test.js",
        "uuid": "5f63681f-1c8a-40f5-a16e-c1867b3fb6a0",
        "beforeHooks": [
          {
            "title": "\"before all\" hook",
            "fullTitle": "Verification of Actions functions on Test Automation Example Page \"before all\" hook",
            "timedOut": false,
            "duration": 430,
            "pass": false,
            "fail": false,
            "pending": false,
            "code": "log.info('Start of the automation test Execution');\n       \n  driver = new webdriver.Builder().usingServer().withCapabilities({'browserName': gBrowser}).build();\n\ndriver.manage().timeouts().implicitlyWait(10000);\ndone();",
            "err": {},
            "isRoot": false,
            "uuid": "d0fd260c-3b68-4809-a53f-ebd35e9b446a",
            "parentUUID": "5f63681f-1c8a-40f5-a16e-c1867b3fb6a0",
            "isHook": true,
            "skipped": false
          }
        ],
        "afterHooks": [
          {
            "title": "\"after all\" hook",
            "fullTitle": "Verification of Actions functions on Test Automation Example Page \"after all\" hook",
            "timedOut": false,
            "duration": 302,
            "pass": false,
            "fail": false,
            "pending": false,
            "code": "log.info('End of the automation test Execution');\ndriver.quit().then(done);",
            "err": {},
            "isRoot": false,
            "uuid": "ddd7214c-2c05-4539-af63-ee6774d6837e",
            "parentUUID": "5f63681f-1c8a-40f5-a16e-c1867b3fb6a0",
            "isHook": true,
            "skipped": false
          },
          {
            "title": "\"after each\" hook",
            "fullTitle": "Verification of Actions functions on Test Automation Example Page \"after each\" hook",
            "timedOut": false,
            "duration": 1,
            "pass": false,
            "fail": false,
            "pending": false,
            "code": "takeScreenshotOnFailure(this.currentTest);",
            "err": {},
            "isRoot": false,
            "uuid": "626b3dca-fdc6-4cc6-9d9f-60d89d458abe",
            "parentUUID": "5f63681f-1c8a-40f5-a16e-c1867b3fb6a0",
            "isHook": true,
            "skipped": false
          }
        ],
        "fullFile": "D:\\TAF\\256\\mochaautomation\\example\\test.js",
        "passes": [],
        "failures": [],
        "skipped": [],
        "hasBeforeHooks": true,
        "hasAfterHooks": true,
        "hasTests": false,
        "hasSuites": true,
        "totalTests": 0,
        "totalPasses": 0,
        "totalFailures": 0,
        "totalPending": 0,
        "totalSkipped": 0,
        "hasPasses": false,
        "hasFailures": false,
        "hasPending": false,
        "hasSkipped": false,
        "duration": 0,
        "rootEmpty": false
      },
      {
        "title": "Verification of Intranet application",
        "suites": [
          {
            "title": "Verification of Client Page",
            "suites": [],
            "tests": [
              {
                "title": "Given User is on the Home Page",
                "fullTitle": "Verification of Intranet application Verification of Client Page Given User is on the Home Page",
                "timedOut": false,
                "duration": 8750,
                "state": "passed",
                "speed": "slow",
                "pass": true,
                "fail": false,
                "pending": false,
                "code": "iterator(this, subject, done);",
                "err": {},
                "isRoot": false,
                "uuid": "f7faff8f-8d57-489d-97e2-0d1c469499ad",
                "parentUUID": "02c67507-1f76-4181-aaa1-b26933ac9202",
                "isHook": false,
                "skipped": false
              },
              {
                "title": "When User clicks Adhesion Link",
                "fullTitle": "Verification of Intranet application Verification of Client Page When User clicks Adhesion Link",
                "timedOut": false,
                "duration": 0,
                "state": "failed",
                "pass": false,
                "fail": true,
                "pending": false,
                "code": "iterator(this, subject, done);",
                "err": {
                  "message": "NoSuchWindowError: no such window: target window already closed\nfrom unknown error: web view not found\n  (Session info: chrome=59.0.3071.104)\n  (Driver info: chromedriver=2.29.461591 (62ebf098771772160f391d75e589dc567915b233),platform=Windows NT 6.1.7601 SP1 x86_64)",
                  "estack": "NoSuchWindowError: no such window: target window already closed\nfrom unknown error: web view not found\n  (Session info: chrome=59.0.3071.104)\n  (Driver info: chromedriver=2.29.461591 (62ebf098771772160f391d75e589dc567915b233),platform=Windows NT 6.1.7601 SP1 x86_64)\n    at WebDriverError (node_modules\\selenium-webdriver\\lib\\error.js:27:5)\n    at NoSuchWindowError (node_modules\\selenium-webdriver\\lib\\error.js:276:5)\n    at Object.checkLegacyResponse (node_modules\\selenium-webdriver\\lib\\error.js:639:15)\n    at parseHttpResponse (node_modules\\selenium-webdriver\\http\\index.js:528:13)\n    at client_.send.then.response (node_modules\\selenium-webdriver\\http\\index.js:466:11)\n    at ManagedPromise.invokeCallback_ (node_modules\\selenium-webdriver\\lib\\promise.js:1343:14)\n    at TaskQueue.execute_ (node_modules\\selenium-webdriver\\lib\\promise.js:2868:14)\n    at TaskQueue.executeNext_ (node_modules\\selenium-webdriver\\lib\\promise.js:2851:21)\n    at asyncRun (node_modules\\selenium-webdriver\\lib\\promise.js:2775:25)\n    at node_modules\\selenium-webdriver\\lib\\promise.js:639:7\n    at process._tickCallback (internal/process/next_tick.js:103:7)\nFrom: Task: WebDriver.takeScreenshot()\n    at Driver.schedule (node_modules\\selenium-webdriver\\lib\\webdriver.js:386:17)\n    at Driver.takeScreenshot (node_modules\\selenium-webdriver\\lib\\webdriver.js:974:17)\n    at takeScreenshotOnFailure (example\\test.js:58:16)\n    at Context.<anonymous> (example\\test.js:39:13)"
                },
                "isRoot": false,
                "uuid": "76c63d75-99de-49f3-8c66-ea498b35dc20",
                "parentUUID": "02c67507-1f76-4181-aaa1-b26933ac9202",
                "isHook": false,
                "skipped": false
              },
              {
                "title": "Then User verifies Adhesion client page and goes back",
                "fullTitle": "Verification of Intranet application Verification of Client Page Then User verifies Adhesion client page and goes back",
                "timedOut": false,
                "duration": 0,
                "pass": false,
                "fail": false,
                "pending": true,
                "code": "iterator(this, subject, done);",
                "err": {},
                "isRoot": false,
                "uuid": "243af69c-592f-4fe0-afd9-1427aa132dbd",
                "parentUUID": "02c67507-1f76-4181-aaa1-b26933ac9202",
                "isHook": false,
                "skipped": false
              }
            ],
            "pending": [
              {
                "title": "Then User verifies Adhesion client page and goes back",
                "fullTitle": "Verification of Intranet application Verification of Client Page Then User verifies Adhesion client page and goes back",
                "timedOut": false,
                "duration": 0,
                "pass": false,
                "fail": false,
                "pending": true,
                "code": "iterator(this, subject, done);",
                "err": {},
                "isRoot": false,
                "uuid": "243af69c-592f-4fe0-afd9-1427aa132dbd",
                "parentUUID": "02c67507-1f76-4181-aaa1-b26933ac9202",
                "isHook": false,
                "skipped": false
              }
            ],
            "root": false,
            "_timeout": 50000,
            "file": "\\example\\test.js",
            "uuid": "02c67507-1f76-4181-aaa1-b26933ac9202",
            "beforeHooks": [],
            "afterHooks": [],
            "fullFile": "D:\\TAF\\256\\mochaautomation\\example\\test.js",
            "passes": [
              {
                "title": "Given User is on the Home Page",
                "fullTitle": "Verification of Intranet application Verification of Client Page Given User is on the Home Page",
                "timedOut": false,
                "duration": 8750,
                "state": "passed",
                "speed": "slow",
                "pass": true,
                "fail": false,
                "pending": false,
                "code": "iterator(this, subject, done);",
                "err": {},
                "isRoot": false,
                "uuid": "f7faff8f-8d57-489d-97e2-0d1c469499ad",
                "parentUUID": "02c67507-1f76-4181-aaa1-b26933ac9202",
                "isHook": false,
                "skipped": false
              }
            ],
            "failures": [
              {
                "title": "When User clicks Adhesion Link",
                "fullTitle": "Verification of Intranet application Verification of Client Page When User clicks Adhesion Link",
                "timedOut": false,
                "duration": 0,
                "state": "failed",
                "pass": false,
                "fail": true,
                "pending": false,
                "code": "iterator(this, subject, done);",
                "err": {
                  "message": "NoSuchWindowError: no such window: target window already closed\nfrom unknown error: web view not found\n  (Session info: chrome=59.0.3071.104)\n  (Driver info: chromedriver=2.29.461591 (62ebf098771772160f391d75e589dc567915b233),platform=Windows NT 6.1.7601 SP1 x86_64)",
                  "estack": "NoSuchWindowError: no such window: target window already closed\nfrom unknown error: web view not found\n  (Session info: chrome=59.0.3071.104)\n  (Driver info: chromedriver=2.29.461591 (62ebf098771772160f391d75e589dc567915b233),platform=Windows NT 6.1.7601 SP1 x86_64)\n    at WebDriverError (node_modules\\selenium-webdriver\\lib\\error.js:27:5)\n    at NoSuchWindowError (node_modules\\selenium-webdriver\\lib\\error.js:276:5)\n    at Object.checkLegacyResponse (node_modules\\selenium-webdriver\\lib\\error.js:639:15)\n    at parseHttpResponse (node_modules\\selenium-webdriver\\http\\index.js:528:13)\n    at client_.send.then.response (node_modules\\selenium-webdriver\\http\\index.js:466:11)\n    at ManagedPromise.invokeCallback_ (node_modules\\selenium-webdriver\\lib\\promise.js:1343:14)\n    at TaskQueue.execute_ (node_modules\\selenium-webdriver\\lib\\promise.js:2868:14)\n    at TaskQueue.executeNext_ (node_modules\\selenium-webdriver\\lib\\promise.js:2851:21)\n    at asyncRun (node_modules\\selenium-webdriver\\lib\\promise.js:2775:25)\n    at node_modules\\selenium-webdriver\\lib\\promise.js:639:7\n    at process._tickCallback (internal/process/next_tick.js:103:7)\nFrom: Task: WebDriver.takeScreenshot()\n    at Driver.schedule (node_modules\\selenium-webdriver\\lib\\webdriver.js:386:17)\n    at Driver.takeScreenshot (node_modules\\selenium-webdriver\\lib\\webdriver.js:974:17)\n    at takeScreenshotOnFailure (example\\test.js:58:16)\n    at Context.<anonymous> (example\\test.js:39:13)"
                },
                "isRoot": false,
                "uuid": "76c63d75-99de-49f3-8c66-ea498b35dc20",
                "parentUUID": "02c67507-1f76-4181-aaa1-b26933ac9202",
                "isHook": false,
                "skipped": false
              }
            ],
            "skipped": [],
            "hasBeforeHooks": false,
            "hasAfterHooks": false,
            "hasTests": true,
            "hasSuites": false,
            "totalTests": 3,
            "totalPasses": 1,
            "totalFailures": 1,
            "totalPending": 1,
            "totalSkipped": 0,
            "hasPasses": true,
            "hasFailures": true,
            "hasPending": true,
            "hasSkipped": false,
            "duration": 8750,
            "rootEmpty": false
          }
        ],
        "tests": [],
        "pending": [],
        "root": false,
        "_timeout": 50000,
        "file": "\\example\\test.js",
        "uuid": "aa1f0623-d1a9-4f64-9371-ef513374f06d",
        "beforeHooks": [
          {
            "title": "\"before all\" hook",
            "fullTitle": "Verification of Intranet application \"before all\" hook",
            "timedOut": false,
            "duration": 1,
            "pass": false,
            "fail": false,
            "pending": false,
            "code": "log.info('Start of the automation test Execution');\n       \n  driver = new webdriver.Builder().usingServer().withCapabilities({'browserName': gBrowser}).build();\n\ndriver.manage().timeouts().implicitlyWait(10000);\ndone();",
            "err": {},
            "isRoot": false,
            "uuid": "78709a4d-9fd1-4cbd-9eec-f9c96591f60b",
            "parentUUID": "aa1f0623-d1a9-4f64-9371-ef513374f06d",
            "isHook": true,
            "skipped": false
          }
        ],
        "afterHooks": [
          {
            "title": "\"after all\" hook",
            "fullTitle": "Verification of Intranet application \"after all\" hook",
            "timedOut": false,
            "duration": 0,
            "state": "failed",
            "pass": false,
            "fail": true,
            "pending": false,
            "code": "log.info('End of the automation test Execution');\ndriver.quit().then(done);",
            "err": {
              "message": "NoSuchWindowError: no such window: target window already closed\nfrom unknown error: web view not found\n  (Session info: chrome=59.0.3071.104)\n  (Driver info: chromedriver=2.29.461591 (62ebf098771772160f391d75e589dc567915b233),platform=Windows NT 6.1.7601 SP1 x86_64)",
              "estack": "NoSuchWindowError: no such window: target window already closed\nfrom unknown error: web view not found\n  (Session info: chrome=59.0.3071.104)\n  (Driver info: chromedriver=2.29.461591 (62ebf098771772160f391d75e589dc567915b233),platform=Windows NT 6.1.7601 SP1 x86_64)\n    at WebDriverError (node_modules\\selenium-webdriver\\lib\\error.js:27:5)\n    at NoSuchWindowError (node_modules\\selenium-webdriver\\lib\\error.js:276:5)\n    at Object.checkLegacyResponse (node_modules\\selenium-webdriver\\lib\\error.js:639:15)\n    at parseHttpResponse (node_modules\\selenium-webdriver\\http\\index.js:528:13)\n    at client_.send.then.response (node_modules\\selenium-webdriver\\http\\index.js:466:11)\n    at ManagedPromise.invokeCallback_ (node_modules\\selenium-webdriver\\lib\\promise.js:1343:14)\n    at TaskQueue.execute_ (node_modules\\selenium-webdriver\\lib\\promise.js:2868:14)\n    at TaskQueue.executeNext_ (node_modules\\selenium-webdriver\\lib\\promise.js:2851:21)\n    at asyncRun (node_modules\\selenium-webdriver\\lib\\promise.js:2775:25)\n    at node_modules\\selenium-webdriver\\lib\\promise.js:639:7\n    at process._tickCallback (internal/process/next_tick.js:103:7)\nFrom: Task: WebDriver.takeScreenshot()\n    at Driver.schedule (node_modules\\selenium-webdriver\\lib\\webdriver.js:386:17)\n    at Driver.takeScreenshot (node_modules\\selenium-webdriver\\lib\\webdriver.js:974:17)\n    at takeScreenshotOnFailure (example\\test.js:58:16)\n    at Context.<anonymous> (example\\test.js:39:13)"
            },
            "isRoot": false,
            "uuid": "f1a0419d-3020-4fd8-aa6d-56d076b5ae7c",
            "parentUUID": "aa1f0623-d1a9-4f64-9371-ef513374f06d",
            "isHook": true,
            "skipped": false
          },
          {
            "title": "\"after each\" hook",
            "fullTitle": "Verification of Intranet application \"after each\" hook",
            "timedOut": false,
            "duration": 1,
            "pass": false,
            "fail": false,
            "pending": false,
            "code": "takeScreenshotOnFailure(this.currentTest);",
            "err": {},
            "isRoot": false,
            "uuid": "4b1103e7-6f16-4bf5-a778-c83a40aa271b",
            "parentUUID": "aa1f0623-d1a9-4f64-9371-ef513374f06d",
            "isHook": true,
            "skipped": false
          }
        ],
        "fullFile": "D:\\TAF\\256\\mochaautomation\\example\\test.js",
        "passes": [],
        "failures": [],
        "skipped": [],
        "hasBeforeHooks": true,
        "hasAfterHooks": true,
        "hasTests": false,
        "hasSuites": true,
        "totalTests": 0,
        "totalPasses": 0,
        "totalFailures": 0,
        "totalPending": 0,
        "totalSkipped": 0,
        "hasPasses": false,
        "hasFailures": false,
        "hasPending": false,
        "hasSkipped": false,
        "duration": 0,
        "rootEmpty": false
      }
    ],
    "tests": [],
    "pending": [],
    "root": true,
    "_timeout": 50000,
    "uuid": "463b05e4-377d-4402-add1-fcad62f27c33",
    "beforeHooks": [],
    "afterHooks": [],
    "fullFile": "",
    "file": "",
    "passes": [],
    "failures": [],
    "skipped": [],
    "hasBeforeHooks": false,
    "hasAfterHooks": false,
    "hasTests": false,
    "hasSuites": true,
    "totalTests": 0,
    "totalPasses": 0,
    "totalFailures": 0,
    "totalPending": 0,
    "totalSkipped": 0,
    "hasPasses": false,
    "hasFailures": false,
    "hasPending": false,
    "hasSkipped": false,
    "duration": 0,
    "rootEmpty": true
  },
  "allTests": [
    {
      "title": "Given User is on the TAF Example Page",
      "fullTitle": "Verification of sendkeys  Given User is on the TAF Example Page",
      "timedOut": false,
      "duration": 13514,
      "state": "passed",
      "speed": "slow",
      "pass": true,
      "fail": false,
      "pending": false,
      "code": "iterator(this, subject, done);",
      "err": {},
      "isRoot": false,
      "uuid": "c57b1f79-558b-4150-af01-36bcec22ecf8",
      "parentUUID": "357af2e5-9c25-4b2c-9d7b-e5322576c7ac",
      "isHook": false,
      "skipped": false
    },
    {
      "title": "When User uses send keys method on Text box",
      "fullTitle": "Verification of sendkeys  When User uses send keys method on Text box",
      "timedOut": false,
      "duration": 474,
      "state": "passed",
      "speed": "slow",
      "pass": true,
      "fail": false,
      "pending": false,
      "code": "iterator(this, subject, done);",
      "err": {},
      "isRoot": false,
      "uuid": "44ccf404-8f88-47ec-965e-76be4a9312da",
      "parentUUID": "357af2e5-9c25-4b2c-9d7b-e5322576c7ac",
      "isHook": false,
      "skipped": false
    },
    {
      "title": "Then the same text is entered in the Text Box on Example Page",
      "fullTitle": "Verification of sendkeys  Then the same text is entered in the Text Box on Example Page",
      "timedOut": false,
      "duration": 855,
      "state": "passed",
      "speed": "slow",
      "pass": true,
      "fail": false,
      "pending": false,
      "code": "iterator(this, subject, done);",
      "err": {},
      "isRoot": false,
      "uuid": "368fb12d-4a2f-47c5-a70a-e14ed8bb7b37",
      "parentUUID": "357af2e5-9c25-4b2c-9d7b-e5322576c7ac",
      "isHook": false,
      "skipped": false
    },
    {
      "title": "Then User selects options from select menu",
      "fullTitle": "Verification of sendkeys  Then User selects options from select menu",
      "timedOut": false,
      "duration": 20400,
      "state": "failed",
      "pass": false,
      "fail": true,
      "pending": false,
      "code": "iterator(this, subject, done);",
      "err": {
        "message": "NoSuchElementError: no such element: Unable to locate element: {\"method\":\"css selector\",\"selector\":\"*[id=\"select\"]\"}\n  (Session info: chrome=59.0.3071.104)\n  (Driver info: chromedriver=2.29.461591 (62ebf098771772160f391d75e589dc567915b233),platform=Windows NT 6.1.7601 SP1 x86_64)",
        "estack": "NoSuchElementError: no such element: Unable to locate element: {\"method\":\"css selector\",\"selector\":\"*[id=\"select\"]\"}\n  (Session info: chrome=59.0.3071.104)\n  (Driver info: chromedriver=2.29.461591 (62ebf098771772160f391d75e589dc567915b233),platform=Windows NT 6.1.7601 SP1 x86_64)\n    at WebDriverError (node_modules\\selenium-webdriver\\lib\\error.js:27:5)\n    at NoSuchElementError (node_modules\\selenium-webdriver\\lib\\error.js:242:5)\n    at Object.checkLegacyResponse (node_modules\\selenium-webdriver\\lib\\error.js:639:15)\n    at parseHttpResponse (node_modules\\selenium-webdriver\\http\\index.js:528:13)\n    at client_.send.then.response (node_modules\\selenium-webdriver\\http\\index.js:466:11)\n    at ManagedPromise.invokeCallback_ (node_modules\\selenium-webdriver\\lib\\promise.js:1343:14)\n    at TaskQueue.execute_ (node_modules\\selenium-webdriver\\lib\\promise.js:2868:14)\n    at TaskQueue.executeNext_ (node_modules\\selenium-webdriver\\lib\\promise.js:2851:21)\n    at asyncRun (node_modules\\selenium-webdriver\\lib\\promise.js:2775:25)\n    at node_modules\\selenium-webdriver\\lib\\promise.js:639:7\n    at process._tickCallback (internal/process/next_tick.js:103:7)\nFrom: Task: WebDriver.findElement(By(css selector, *[id=\"select\"]))\n    at Driver.schedule (node_modules\\selenium-webdriver\\lib\\webdriver.js:386:17)\n    at Driver.findElement (node_modules\\selenium-webdriver\\lib\\webdriver.js:866:17)\n    at FunctionLibrary.fnSelectValueFromDropDown (lib\\function-library.js:463:17)\n    at Object.<anonymous> (example\\step-definition\\intranet-step.js:65:29)\n    at Object.invoke (node_modules\\yadda\\lib\\fn.js:15:19)\n    at node_modules\\yadda\\lib\\Macro.js:37:29\n    at node_modules\\yadda\\lib\\Array.js:85:13\n    at each_async (node_modules\\yadda\\lib\\Array.js:55:35)\n    at Array.collect_async (node_modules\\yadda\\lib\\Array.js:77:9)\n    at Array.collect_async (node_modules\\yadda\\lib\\fn.js:10:23)\n    at convert (node_modules\\yadda\\lib\\Macro.js:83:12)\n    at Macro.interpret (node_modules\\yadda\\lib\\Macro.js:32:9)\n    at Interpreter.interpret_step (node_modules\\yadda\\lib\\Interpreter.js:59:15)\n    at iterator (node_modules\\yadda\\lib\\Interpreter.js:49:19)\n    at node_modules\\yadda\\lib\\fn.js:35:16\n    at iterate (node_modules\\yadda\\lib\\Array.js:58:13)\n    at Array.each_async (node_modules\\yadda\\lib\\Array.js:64:9)\n    at Array.each_async (node_modules\\yadda\\lib\\fn.js:10:23)\n    at Interpreter.interpret (node_modules\\yadda\\lib\\Interpreter.js:44:21)\n    at Yadda.yadda (node_modules\\yadda\\lib\\Yadda.js:25:26)\n    at example\\test.js:33:66\n    at TaskQueue.execute_ (node_modules\\selenium-webdriver\\lib\\promise.js:2868:14)\n    at TaskQueue.executeNext_ (node_modules\\selenium-webdriver\\lib\\promise.js:2851:21)\n    at asyncRun (node_modules\\selenium-webdriver\\lib\\promise.js:2775:25)\n    at node_modules\\selenium-webdriver\\lib\\promise.js:639:7\nFrom: Task: <anonymous>\n    at executeInFlow (example\\test.js:50:37)\n    at example\\test.js:32:17\n    at node_modules\\yadda\\lib\\plugins\\mocha\\StepLevelPlugin.js:37:17\n    at Context.<anonymous> (node_modules\\yadda\\lib\\plugins\\mocha\\BasePlugin.js:38:13)"
      },
      "isRoot": false,
      "uuid": "def7d66e-937f-4193-a98b-cfcee221510c",
      "parentUUID": "357af2e5-9c25-4b2c-9d7b-e5322576c7ac",
      "isHook": false,
      "skipped": false
    },
    {
      "title": "Given User is on the Home Page",
      "fullTitle": "Verification of Client Page Given User is on the Home Page",
      "timedOut": false,
      "duration": 8750,
      "state": "passed",
      "speed": "slow",
      "pass": true,
      "fail": false,
      "pending": false,
      "code": "iterator(this, subject, done);",
      "err": {},
      "isRoot": false,
      "uuid": "f7faff8f-8d57-489d-97e2-0d1c469499ad",
      "parentUUID": "02c67507-1f76-4181-aaa1-b26933ac9202",
      "isHook": false,
      "skipped": false
    },
    {
      "title": "When User clicks Adhesion Link",
      "fullTitle": "Verification of Client Page When User clicks Adhesion Link",
      "timedOut": false,
      "duration": 0,
      "state": "failed",
      "pass": false,
      "fail": true,
      "pending": false,
      "code": "iterator(this, subject, done);",
      "err": {
        "message": "NoSuchWindowError: no such window: target window already closed\nfrom unknown error: web view not found\n  (Session info: chrome=59.0.3071.104)\n  (Driver info: chromedriver=2.29.461591 (62ebf098771772160f391d75e589dc567915b233),platform=Windows NT 6.1.7601 SP1 x86_64)",
        "estack": "NoSuchWindowError: no such window: target window already closed\nfrom unknown error: web view not found\n  (Session info: chrome=59.0.3071.104)\n  (Driver info: chromedriver=2.29.461591 (62ebf098771772160f391d75e589dc567915b233),platform=Windows NT 6.1.7601 SP1 x86_64)\n    at WebDriverError (node_modules\\selenium-webdriver\\lib\\error.js:27:5)\n    at NoSuchWindowError (node_modules\\selenium-webdriver\\lib\\error.js:276:5)\n    at Object.checkLegacyResponse (node_modules\\selenium-webdriver\\lib\\error.js:639:15)\n    at parseHttpResponse (node_modules\\selenium-webdriver\\http\\index.js:528:13)\n    at client_.send.then.response (node_modules\\selenium-webdriver\\http\\index.js:466:11)\n    at ManagedPromise.invokeCallback_ (node_modules\\selenium-webdriver\\lib\\promise.js:1343:14)\n    at TaskQueue.execute_ (node_modules\\selenium-webdriver\\lib\\promise.js:2868:14)\n    at TaskQueue.executeNext_ (node_modules\\selenium-webdriver\\lib\\promise.js:2851:21)\n    at asyncRun (node_modules\\selenium-webdriver\\lib\\promise.js:2775:25)\n    at node_modules\\selenium-webdriver\\lib\\promise.js:639:7\n    at process._tickCallback (internal/process/next_tick.js:103:7)\nFrom: Task: WebDriver.takeScreenshot()\n    at Driver.schedule (node_modules\\selenium-webdriver\\lib\\webdriver.js:386:17)\n    at Driver.takeScreenshot (node_modules\\selenium-webdriver\\lib\\webdriver.js:974:17)\n    at takeScreenshotOnFailure (example\\test.js:58:16)\n    at Context.<anonymous> (example\\test.js:39:13)"
      },
      "isRoot": false,
      "uuid": "76c63d75-99de-49f3-8c66-ea498b35dc20",
      "parentUUID": "02c67507-1f76-4181-aaa1-b26933ac9202",
      "isHook": false,
      "skipped": false
    },
    {
      "title": "Then User verifies Adhesion client page and goes back",
      "fullTitle": "Verification of Client Page Then User verifies Adhesion client page and goes back",
      "timedOut": false,
      "duration": 0,
      "pass": false,
      "fail": false,
      "pending": true,
      "code": "iterator(this, subject, done);",
      "err": {},
      "isRoot": false,
      "uuid": "243af69c-592f-4fe0-afd9-1427aa132dbd",
      "parentUUID": "02c67507-1f76-4181-aaa1-b26933ac9202",
      "isHook": false,
      "skipped": false
    }
  ],
  "allPending": [
    {
      "title": "Then User verifies Adhesion client page and goes back",
      "fullTitle": "Verification of Client Page Then User verifies Adhesion client page and goes back",
      "timedOut": false,
      "duration": 0,
      "pass": false,
      "fail": false,
      "pending": true,
      "code": "iterator(this, subject, done);",
      "err": {},
      "isRoot": false,
      "uuid": "243af69c-592f-4fe0-afd9-1427aa132dbd",
      "parentUUID": "02c67507-1f76-4181-aaa1-b26933ac9202",
      "isHook": false,
      "skipped": false
    }
  ],
  "allPasses": [
    {
      "title": "Given User is on the TAF Example Page",
      "fullTitle": "Verification of sendkeys  Given User is on the TAF Example Page",
      "timedOut": false,
      "duration": 13514,
      "state": "passed",
      "speed": "slow",
      "pass": true,
      "fail": false,
      "pending": false,
      "code": "iterator(this, subject, done);",
      "err": {},
      "isRoot": false,
      "uuid": "c57b1f79-558b-4150-af01-36bcec22ecf8",
      "parentUUID": "357af2e5-9c25-4b2c-9d7b-e5322576c7ac",
      "isHook": false,
      "skipped": false
    },
    {
      "title": "When User uses send keys method on Text box",
      "fullTitle": "Verification of sendkeys  When User uses send keys method on Text box",
      "timedOut": false,
      "duration": 474,
      "state": "passed",
      "speed": "slow",
      "pass": true,
      "fail": false,
      "pending": false,
      "code": "iterator(this, subject, done);",
      "err": {},
      "isRoot": false,
      "uuid": "44ccf404-8f88-47ec-965e-76be4a9312da",
      "parentUUID": "357af2e5-9c25-4b2c-9d7b-e5322576c7ac",
      "isHook": false,
      "skipped": false
    },
    {
      "title": "Then the same text is entered in the Text Box on Example Page",
      "fullTitle": "Verification of sendkeys  Then the same text is entered in the Text Box on Example Page",
      "timedOut": false,
      "duration": 855,
      "state": "passed",
      "speed": "slow",
      "pass": true,
      "fail": false,
      "pending": false,
      "code": "iterator(this, subject, done);",
      "err": {},
      "isRoot": false,
      "uuid": "368fb12d-4a2f-47c5-a70a-e14ed8bb7b37",
      "parentUUID": "357af2e5-9c25-4b2c-9d7b-e5322576c7ac",
      "isHook": false,
      "skipped": false
    },
    {
      "title": "Given User is on the Home Page",
      "fullTitle": "Verification of Client Page Given User is on the Home Page",
      "timedOut": false,
      "duration": 8750,
      "state": "passed",
      "speed": "slow",
      "pass": true,
      "fail": false,
      "pending": false,
      "code": "iterator(this, subject, done);",
      "err": {},
      "isRoot": false,
      "uuid": "f7faff8f-8d57-489d-97e2-0d1c469499ad",
      "parentUUID": "02c67507-1f76-4181-aaa1-b26933ac9202",
      "isHook": false,
      "skipped": false
    }
  ],
  "allFailures": [
    {
      "title": "Then User selects options from select menu",
      "fullTitle": "Verification of sendkeys  Then User selects options from select menu",
      "timedOut": false,
      "duration": 20400,
      "state": "failed",
      "pass": false,
      "fail": true,
      "pending": false,
      "code": "iterator(this, subject, done);",
      "err": {
        "message": "NoSuchElementError: no such element: Unable to locate element: {\"method\":\"css selector\",\"selector\":\"*[id=\"select\"]\"}\n  (Session info: chrome=59.0.3071.104)\n  (Driver info: chromedriver=2.29.461591 (62ebf098771772160f391d75e589dc567915b233),platform=Windows NT 6.1.7601 SP1 x86_64)",
        "estack": "NoSuchElementError: no such element: Unable to locate element: {\"method\":\"css selector\",\"selector\":\"*[id=\"select\"]\"}\n  (Session info: chrome=59.0.3071.104)\n  (Driver info: chromedriver=2.29.461591 (62ebf098771772160f391d75e589dc567915b233),platform=Windows NT 6.1.7601 SP1 x86_64)\n    at WebDriverError (node_modules\\selenium-webdriver\\lib\\error.js:27:5)\n    at NoSuchElementError (node_modules\\selenium-webdriver\\lib\\error.js:242:5)\n    at Object.checkLegacyResponse (node_modules\\selenium-webdriver\\lib\\error.js:639:15)\n    at parseHttpResponse (node_modules\\selenium-webdriver\\http\\index.js:528:13)\n    at client_.send.then.response (node_modules\\selenium-webdriver\\http\\index.js:466:11)\n    at ManagedPromise.invokeCallback_ (node_modules\\selenium-webdriver\\lib\\promise.js:1343:14)\n    at TaskQueue.execute_ (node_modules\\selenium-webdriver\\lib\\promise.js:2868:14)\n    at TaskQueue.executeNext_ (node_modules\\selenium-webdriver\\lib\\promise.js:2851:21)\n    at asyncRun (node_modules\\selenium-webdriver\\lib\\promise.js:2775:25)\n    at node_modules\\selenium-webdriver\\lib\\promise.js:639:7\n    at process._tickCallback (internal/process/next_tick.js:103:7)\nFrom: Task: WebDriver.findElement(By(css selector, *[id=\"select\"]))\n    at Driver.schedule (node_modules\\selenium-webdriver\\lib\\webdriver.js:386:17)\n    at Driver.findElement (node_modules\\selenium-webdriver\\lib\\webdriver.js:866:17)\n    at FunctionLibrary.fnSelectValueFromDropDown (lib\\function-library.js:463:17)\n    at Object.<anonymous> (example\\step-definition\\intranet-step.js:65:29)\n    at Object.invoke (node_modules\\yadda\\lib\\fn.js:15:19)\n    at node_modules\\yadda\\lib\\Macro.js:37:29\n    at node_modules\\yadda\\lib\\Array.js:85:13\n    at each_async (node_modules\\yadda\\lib\\Array.js:55:35)\n    at Array.collect_async (node_modules\\yadda\\lib\\Array.js:77:9)\n    at Array.collect_async (node_modules\\yadda\\lib\\fn.js:10:23)\n    at convert (node_modules\\yadda\\lib\\Macro.js:83:12)\n    at Macro.interpret (node_modules\\yadda\\lib\\Macro.js:32:9)\n    at Interpreter.interpret_step (node_modules\\yadda\\lib\\Interpreter.js:59:15)\n    at iterator (node_modules\\yadda\\lib\\Interpreter.js:49:19)\n    at node_modules\\yadda\\lib\\fn.js:35:16\n    at iterate (node_modules\\yadda\\lib\\Array.js:58:13)\n    at Array.each_async (node_modules\\yadda\\lib\\Array.js:64:9)\n    at Array.each_async (node_modules\\yadda\\lib\\fn.js:10:23)\n    at Interpreter.interpret (node_modules\\yadda\\lib\\Interpreter.js:44:21)\n    at Yadda.yadda (node_modules\\yadda\\lib\\Yadda.js:25:26)\n    at example\\test.js:33:66\n    at TaskQueue.execute_ (node_modules\\selenium-webdriver\\lib\\promise.js:2868:14)\n    at TaskQueue.executeNext_ (node_modules\\selenium-webdriver\\lib\\promise.js:2851:21)\n    at asyncRun (node_modules\\selenium-webdriver\\lib\\promise.js:2775:25)\n    at node_modules\\selenium-webdriver\\lib\\promise.js:639:7\nFrom: Task: <anonymous>\n    at executeInFlow (example\\test.js:50:37)\n    at example\\test.js:32:17\n    at node_modules\\yadda\\lib\\plugins\\mocha\\StepLevelPlugin.js:37:17\n    at Context.<anonymous> (node_modules\\yadda\\lib\\plugins\\mocha\\BasePlugin.js:38:13)"
      },
      "isRoot": false,
      "uuid": "def7d66e-937f-4193-a98b-cfcee221510c",
      "parentUUID": "357af2e5-9c25-4b2c-9d7b-e5322576c7ac",
      "isHook": false,
      "skipped": false
    },
    {
      "title": "When User clicks Adhesion Link",
      "fullTitle": "Verification of Client Page When User clicks Adhesion Link",
      "timedOut": false,
      "duration": 0,
      "state": "failed",
      "pass": false,
      "fail": true,
      "pending": false,
      "code": "iterator(this, subject, done);",
      "err": {
        "message": "NoSuchWindowError: no such window: target window already closed\nfrom unknown error: web view not found\n  (Session info: chrome=59.0.3071.104)\n  (Driver info: chromedriver=2.29.461591 (62ebf098771772160f391d75e589dc567915b233),platform=Windows NT 6.1.7601 SP1 x86_64)",
        "estack": "NoSuchWindowError: no such window: target window already closed\nfrom unknown error: web view not found\n  (Session info: chrome=59.0.3071.104)\n  (Driver info: chromedriver=2.29.461591 (62ebf098771772160f391d75e589dc567915b233),platform=Windows NT 6.1.7601 SP1 x86_64)\n    at WebDriverError (node_modules\\selenium-webdriver\\lib\\error.js:27:5)\n    at NoSuchWindowError (node_modules\\selenium-webdriver\\lib\\error.js:276:5)\n    at Object.checkLegacyResponse (node_modules\\selenium-webdriver\\lib\\error.js:639:15)\n    at parseHttpResponse (node_modules\\selenium-webdriver\\http\\index.js:528:13)\n    at client_.send.then.response (node_modules\\selenium-webdriver\\http\\index.js:466:11)\n    at ManagedPromise.invokeCallback_ (node_modules\\selenium-webdriver\\lib\\promise.js:1343:14)\n    at TaskQueue.execute_ (node_modules\\selenium-webdriver\\lib\\promise.js:2868:14)\n    at TaskQueue.executeNext_ (node_modules\\selenium-webdriver\\lib\\promise.js:2851:21)\n    at asyncRun (node_modules\\selenium-webdriver\\lib\\promise.js:2775:25)\n    at node_modules\\selenium-webdriver\\lib\\promise.js:639:7\n    at process._tickCallback (internal/process/next_tick.js:103:7)\nFrom: Task: WebDriver.takeScreenshot()\n    at Driver.schedule (node_modules\\selenium-webdriver\\lib\\webdriver.js:386:17)\n    at Driver.takeScreenshot (node_modules\\selenium-webdriver\\lib\\webdriver.js:974:17)\n    at takeScreenshotOnFailure (example\\test.js:58:16)\n    at Context.<anonymous> (example\\test.js:39:13)"
      },
      "isRoot": false,
      "uuid": "76c63d75-99de-49f3-8c66-ea498b35dc20",
      "parentUUID": "02c67507-1f76-4181-aaa1-b26933ac9202",
      "isHook": false,
      "skipped": false
    },
    {
      "title": "\"after all\" hook",
      "fullTitle": "Verification of Intranet application \"after all\" hook",
      "timedOut": false,
      "duration": 0,
      "state": "failed",
      "pass": false,
      "fail": true,
      "pending": false,
      "code": "log.info('End of the automation test Execution');\ndriver.quit().then(done);",
      "err": {
        "message": "NoSuchWindowError: no such window: target window already closed\nfrom unknown error: web view not found\n  (Session info: chrome=59.0.3071.104)\n  (Driver info: chromedriver=2.29.461591 (62ebf098771772160f391d75e589dc567915b233),platform=Windows NT 6.1.7601 SP1 x86_64)",
        "estack": "NoSuchWindowError: no such window: target window already closed\nfrom unknown error: web view not found\n  (Session info: chrome=59.0.3071.104)\n  (Driver info: chromedriver=2.29.461591 (62ebf098771772160f391d75e589dc567915b233),platform=Windows NT 6.1.7601 SP1 x86_64)\n    at WebDriverError (node_modules\\selenium-webdriver\\lib\\error.js:27:5)\n    at NoSuchWindowError (node_modules\\selenium-webdriver\\lib\\error.js:276:5)\n    at Object.checkLegacyResponse (node_modules\\selenium-webdriver\\lib\\error.js:639:15)\n    at parseHttpResponse (node_modules\\selenium-webdriver\\http\\index.js:528:13)\n    at client_.send.then.response (node_modules\\selenium-webdriver\\http\\index.js:466:11)\n    at ManagedPromise.invokeCallback_ (node_modules\\selenium-webdriver\\lib\\promise.js:1343:14)\n    at TaskQueue.execute_ (node_modules\\selenium-webdriver\\lib\\promise.js:2868:14)\n    at TaskQueue.executeNext_ (node_modules\\selenium-webdriver\\lib\\promise.js:2851:21)\n    at asyncRun (node_modules\\selenium-webdriver\\lib\\promise.js:2775:25)\n    at node_modules\\selenium-webdriver\\lib\\promise.js:639:7\n    at process._tickCallback (internal/process/next_tick.js:103:7)\nFrom: Task: WebDriver.takeScreenshot()\n    at Driver.schedule (node_modules\\selenium-webdriver\\lib\\webdriver.js:386:17)\n    at Driver.takeScreenshot (node_modules\\selenium-webdriver\\lib\\webdriver.js:974:17)\n    at takeScreenshotOnFailure (example\\test.js:58:16)\n    at Context.<anonymous> (example\\test.js:39:13)"
      },
      "isRoot": false,
      "uuid": "f1a0419d-3020-4fd8-aa6d-56d076b5ae7c",
      "parentUUID": "aa1f0623-d1a9-4f64-9371-ef513374f06d",
      "isHook": true,
      "skipped": false
    }
  ],
  "copyrightYear": 2017
}