{
  "stats": {
    "suites": 2,
    "tests": 3,
    "passes": 2,
    "pending": 0,
    "failures": 1,
    "start": "2017-08-22T13:55:25.548Z",
    "end": "2017-08-22T13:55:40.748Z",
    "duration": 15200,
    "testsRegistered": 3,
    "passPercent": 66.7,
    "pendingPercent": 0,
    "other": 1,
    "hasOther": true,
    "skipped": 0,
    "hasSkipped": false,
    "passPercentClass": "warning",
    "pendingPercentClass": "danger"
  },
  "suites": {
    "title": "",
    "suites": [
      {
        "title": "Verification of Intranet application",
        "suites": [
          {
            "title": "Verification of Client Page",
            "suites": [],
            "tests": [
              {
                "title": "Given User is on the Home Page",
                "fullTitle": "Verification of Intranet application Verification of Client Page Given User is on the Home Page",
                "timedOut": false,
                "duration": 13148,
                "state": "passed",
                "speed": "slow",
                "pass": true,
                "fail": false,
                "pending": false,
                "code": "iterator(this, subject, done);",
                "err": {},
                "isRoot": false,
                "uuid": "1a86f869-b687-4ae1-9eeb-4be18a4a1c08",
                "parentUUID": "d57eb75b-c5ee-4391-a758-c4f3dd053cbc",
                "isHook": false,
                "skipped": false
              },
              {
                "title": "When User clicks Adhesion Link",
                "fullTitle": "Verification of Intranet application Verification of Client Page When User clicks Adhesion Link",
                "timedOut": false,
                "duration": 1606,
                "state": "passed",
                "speed": "slow",
                "pass": true,
                "fail": false,
                "pending": false,
                "code": "iterator(this, subject, done);",
                "err": {},
                "isRoot": false,
                "uuid": "a1813e03-9cb1-4790-975b-4883ddaff247",
                "parentUUID": "d57eb75b-c5ee-4391-a758-c4f3dd053cbc",
                "isHook": false,
                "skipped": false
              },
              {
                "title": "Then User verifies Adhesion client page and goes back",
                "fullTitle": "Verification of Intranet application Verification of Client Page Then User verifies Adhesion client page and goes back",
                "timedOut": false,
                "duration": 0,
                "state": "failed",
                "pass": false,
                "fail": true,
                "pending": false,
                "code": "iterator(this, subject, done);",
                "err": {
                  "message": "NoSuchWindowError: no such window: target window already closed\nfrom unknown error: web view not found\n  (Session info: chrome=59.0.3071.104)\n  (Driver info: chromedriver=2.29.461591 (62ebf098771772160f391d75e589dc567915b233),platform=Windows NT 6.1.7601 SP1 x86_64)",
                  "estack": "NoSuchWindowError: no such window: target window already closed\nfrom unknown error: web view not found\n  (Session info: chrome=59.0.3071.104)\n  (Driver info: chromedriver=2.29.461591 (62ebf098771772160f391d75e589dc567915b233),platform=Windows NT 6.1.7601 SP1 x86_64)\n    at WebDriverError (node_modules\\selenium-webdriver\\lib\\error.js:27:5)\n    at NoSuchWindowError (node_modules\\selenium-webdriver\\lib\\error.js:276:5)\n    at Object.checkLegacyResponse (node_modules\\selenium-webdriver\\lib\\error.js:639:15)\n    at parseHttpResponse (node_modules\\selenium-webdriver\\http\\index.js:528:13)\n    at client_.send.then.response (node_modules\\selenium-webdriver\\http\\index.js:466:11)\n    at ManagedPromise.invokeCallback_ (node_modules\\selenium-webdriver\\lib\\promise.js:1343:14)\n    at TaskQueue.execute_ (node_modules\\selenium-webdriver\\lib\\promise.js:2868:14)\n    at TaskQueue.executeNext_ (node_modules\\selenium-webdriver\\lib\\promise.js:2851:21)\n    at asyncRun (node_modules\\selenium-webdriver\\lib\\promise.js:2775:25)\n    at node_modules\\selenium-webdriver\\lib\\promise.js:639:7\n    at process._tickCallback (internal/process/next_tick.js:103:7)\nFrom: Task: WebDriver.takeScreenshot()\n    at Driver.schedule (node_modules\\selenium-webdriver\\lib\\webdriver.js:386:17)\n    at Driver.takeScreenshot (node_modules\\selenium-webdriver\\lib\\webdriver.js:974:17)\n    at takeScreenshotOnFailure (example\\test.js:58:16)\n    at Context.<anonymous> (example\\test.js:39:13)"
                },
                "isRoot": false,
                "uuid": "39286112-0d08-43ff-b567-fbbbc3987faf",
                "parentUUID": "d57eb75b-c5ee-4391-a758-c4f3dd053cbc",
                "isHook": false,
                "skipped": false
              }
            ],
            "pending": [],
            "root": false,
            "_timeout": 50000,
            "file": "\\example\\test.js",
            "uuid": "d57eb75b-c5ee-4391-a758-c4f3dd053cbc",
            "beforeHooks": [],
            "afterHooks": [],
            "fullFile": "D:\\TAF\\256\\mochaautomation\\example\\test.js",
            "passes": [
              {
                "title": "Given User is on the Home Page",
                "fullTitle": "Verification of Intranet application Verification of Client Page Given User is on the Home Page",
                "timedOut": false,
                "duration": 13148,
                "state": "passed",
                "speed": "slow",
                "pass": true,
                "fail": false,
                "pending": false,
                "code": "iterator(this, subject, done);",
                "err": {},
                "isRoot": false,
                "uuid": "1a86f869-b687-4ae1-9eeb-4be18a4a1c08",
                "parentUUID": "d57eb75b-c5ee-4391-a758-c4f3dd053cbc",
                "isHook": false,
                "skipped": false
              },
              {
                "title": "When User clicks Adhesion Link",
                "fullTitle": "Verification of Intranet application Verification of Client Page When User clicks Adhesion Link",
                "timedOut": false,
                "duration": 1606,
                "state": "passed",
                "speed": "slow",
                "pass": true,
                "fail": false,
                "pending": false,
                "code": "iterator(this, subject, done);",
                "err": {},
                "isRoot": false,
                "uuid": "a1813e03-9cb1-4790-975b-4883ddaff247",
                "parentUUID": "d57eb75b-c5ee-4391-a758-c4f3dd053cbc",
                "isHook": false,
                "skipped": false
              }
            ],
            "failures": [
              {
                "title": "Then User verifies Adhesion client page and goes back",
                "fullTitle": "Verification of Intranet application Verification of Client Page Then User verifies Adhesion client page and goes back",
                "timedOut": false,
                "duration": 0,
                "state": "failed",
                "pass": false,
                "fail": true,
                "pending": false,
                "code": "iterator(this, subject, done);",
                "err": {
                  "message": "NoSuchWindowError: no such window: target window already closed\nfrom unknown error: web view not found\n  (Session info: chrome=59.0.3071.104)\n  (Driver info: chromedriver=2.29.461591 (62ebf098771772160f391d75e589dc567915b233),platform=Windows NT 6.1.7601 SP1 x86_64)",
                  "estack": "NoSuchWindowError: no such window: target window already closed\nfrom unknown error: web view not found\n  (Session info: chrome=59.0.3071.104)\n  (Driver info: chromedriver=2.29.461591 (62ebf098771772160f391d75e589dc567915b233),platform=Windows NT 6.1.7601 SP1 x86_64)\n    at WebDriverError (node_modules\\selenium-webdriver\\lib\\error.js:27:5)\n    at NoSuchWindowError (node_modules\\selenium-webdriver\\lib\\error.js:276:5)\n    at Object.checkLegacyResponse (node_modules\\selenium-webdriver\\lib\\error.js:639:15)\n    at parseHttpResponse (node_modules\\selenium-webdriver\\http\\index.js:528:13)\n    at client_.send.then.response (node_modules\\selenium-webdriver\\http\\index.js:466:11)\n    at ManagedPromise.invokeCallback_ (node_modules\\selenium-webdriver\\lib\\promise.js:1343:14)\n    at TaskQueue.execute_ (node_modules\\selenium-webdriver\\lib\\promise.js:2868:14)\n    at TaskQueue.executeNext_ (node_modules\\selenium-webdriver\\lib\\promise.js:2851:21)\n    at asyncRun (node_modules\\selenium-webdriver\\lib\\promise.js:2775:25)\n    at node_modules\\selenium-webdriver\\lib\\promise.js:639:7\n    at process._tickCallback (internal/process/next_tick.js:103:7)\nFrom: Task: WebDriver.takeScreenshot()\n    at Driver.schedule (node_modules\\selenium-webdriver\\lib\\webdriver.js:386:17)\n    at Driver.takeScreenshot (node_modules\\selenium-webdriver\\lib\\webdriver.js:974:17)\n    at takeScreenshotOnFailure (example\\test.js:58:16)\n    at Context.<anonymous> (example\\test.js:39:13)"
                },
                "isRoot": false,
                "uuid": "39286112-0d08-43ff-b567-fbbbc3987faf",
                "parentUUID": "d57eb75b-c5ee-4391-a758-c4f3dd053cbc",
                "isHook": false,
                "skipped": false
              }
            ],
            "skipped": [],
            "hasBeforeHooks": false,
            "hasAfterHooks": false,
            "hasTests": true,
            "hasSuites": false,
            "totalTests": 3,
            "totalPasses": 2,
            "totalFailures": 1,
            "totalPending": 0,
            "totalSkipped": 0,
            "hasPasses": true,
            "hasFailures": true,
            "hasPending": false,
            "hasSkipped": false,
            "duration": 14754,
            "rootEmpty": false
          }
        ],
        "tests": [],
        "pending": [],
        "root": false,
        "_timeout": 50000,
        "file": "\\example\\test.js",
        "uuid": "cf674ac7-7dbb-4212-8ecd-1a9404806570",
        "beforeHooks": [
          {
            "title": "\"before all\" hook",
            "fullTitle": "Verification of Intranet application \"before all\" hook",
            "timedOut": false,
            "duration": 398,
            "pass": false,
            "fail": false,
            "pending": false,
            "code": "log.info('Start of the automation test Execution');\n       \n  driver = new webdriver.Builder().usingServer().withCapabilities({'browserName': gBrowser}).build();\n\ndriver.manage().timeouts().implicitlyWait(10000);\ndone();",
            "err": {},
            "isRoot": false,
            "uuid": "84b4dc94-c76d-4138-b48a-d40de32a5817",
            "parentUUID": "cf674ac7-7dbb-4212-8ecd-1a9404806570",
            "isHook": true,
            "skipped": false
          }
        ],
        "afterHooks": [
          {
            "title": "\"after all\" hook",
            "fullTitle": "Verification of Intranet application \"after all\" hook",
            "timedOut": false,
            "duration": 0,
            "state": "failed",
            "pass": false,
            "fail": true,
            "pending": false,
            "code": "log.info('End of the automation test Execution');\ndriver.quit().then(done);",
            "err": {
              "message": "NoSuchWindowError: no such window: target window already closed\nfrom unknown error: web view not found\n  (Session info: chrome=59.0.3071.104)\n  (Driver info: chromedriver=2.29.461591 (62ebf098771772160f391d75e589dc567915b233),platform=Windows NT 6.1.7601 SP1 x86_64)",
              "estack": "NoSuchWindowError: no such window: target window already closed\nfrom unknown error: web view not found\n  (Session info: chrome=59.0.3071.104)\n  (Driver info: chromedriver=2.29.461591 (62ebf098771772160f391d75e589dc567915b233),platform=Windows NT 6.1.7601 SP1 x86_64)\n    at WebDriverError (node_modules\\selenium-webdriver\\lib\\error.js:27:5)\n    at NoSuchWindowError (node_modules\\selenium-webdriver\\lib\\error.js:276:5)\n    at Object.checkLegacyResponse (node_modules\\selenium-webdriver\\lib\\error.js:639:15)\n    at parseHttpResponse (node_modules\\selenium-webdriver\\http\\index.js:528:13)\n    at client_.send.then.response (node_modules\\selenium-webdriver\\http\\index.js:466:11)\n    at ManagedPromise.invokeCallback_ (node_modules\\selenium-webdriver\\lib\\promise.js:1343:14)\n    at TaskQueue.execute_ (node_modules\\selenium-webdriver\\lib\\promise.js:2868:14)\n    at TaskQueue.executeNext_ (node_modules\\selenium-webdriver\\lib\\promise.js:2851:21)\n    at asyncRun (node_modules\\selenium-webdriver\\lib\\promise.js:2775:25)\n    at node_modules\\selenium-webdriver\\lib\\promise.js:639:7\n    at process._tickCallback (internal/process/next_tick.js:103:7)\nFrom: Task: WebDriver.takeScreenshot()\n    at Driver.schedule (node_modules\\selenium-webdriver\\lib\\webdriver.js:386:17)\n    at Driver.takeScreenshot (node_modules\\selenium-webdriver\\lib\\webdriver.js:974:17)\n    at takeScreenshotOnFailure (example\\test.js:58:16)\n    at Context.<anonymous> (example\\test.js:39:13)"
            },
            "isRoot": false,
            "uuid": "3efc1242-021d-4824-a11f-001d39a7255c",
            "parentUUID": "cf674ac7-7dbb-4212-8ecd-1a9404806570",
            "isHook": true,
            "skipped": false
          },
          {
            "title": "\"after each\" hook",
            "fullTitle": "Verification of Intranet application \"after each\" hook",
            "timedOut": false,
            "duration": 1,
            "pass": false,
            "fail": false,
            "pending": false,
            "code": "takeScreenshotOnFailure(this.currentTest);",
            "err": {},
            "isRoot": false,
            "uuid": "fa59d777-d106-444e-a8a4-b63c12f511e4",
            "parentUUID": "cf674ac7-7dbb-4212-8ecd-1a9404806570",
            "isHook": true,
            "skipped": false
          }
        ],
        "fullFile": "D:\\TAF\\256\\mochaautomation\\example\\test.js",
        "passes": [],
        "failures": [],
        "skipped": [],
        "hasBeforeHooks": true,
        "hasAfterHooks": true,
        "hasTests": false,
        "hasSuites": true,
        "totalTests": 0,
        "totalPasses": 0,
        "totalFailures": 0,
        "totalPending": 0,
        "totalSkipped": 0,
        "hasPasses": false,
        "hasFailures": false,
        "hasPending": false,
        "hasSkipped": false,
        "duration": 0,
        "rootEmpty": false
      }
    ],
    "tests": [],
    "pending": [],
    "root": true,
    "_timeout": 50000,
    "uuid": "ceb46049-1bf7-430e-929a-6632b7a3a81c",
    "beforeHooks": [],
    "afterHooks": [],
    "fullFile": "",
    "file": "",
    "passes": [],
    "failures": [],
    "skipped": [],
    "hasBeforeHooks": false,
    "hasAfterHooks": false,
    "hasTests": false,
    "hasSuites": true,
    "totalTests": 0,
    "totalPasses": 0,
    "totalFailures": 0,
    "totalPending": 0,
    "totalSkipped": 0,
    "hasPasses": false,
    "hasFailures": false,
    "hasPending": false,
    "hasSkipped": false,
    "duration": 0,
    "rootEmpty": true
  },
  "allTests": [
    {
      "title": "Given User is on the Home Page",
      "fullTitle": "Verification of Client Page Given User is on the Home Page",
      "timedOut": false,
      "duration": 13148,
      "state": "passed",
      "speed": "slow",
      "pass": true,
      "fail": false,
      "pending": false,
      "code": "iterator(this, subject, done);",
      "err": {},
      "isRoot": false,
      "uuid": "1a86f869-b687-4ae1-9eeb-4be18a4a1c08",
      "parentUUID": "d57eb75b-c5ee-4391-a758-c4f3dd053cbc",
      "isHook": false,
      "skipped": false
    },
    {
      "title": "When User clicks Adhesion Link",
      "fullTitle": "Verification of Client Page When User clicks Adhesion Link",
      "timedOut": false,
      "duration": 1606,
      "state": "passed",
      "speed": "slow",
      "pass": true,
      "fail": false,
      "pending": false,
      "code": "iterator(this, subject, done);",
      "err": {},
      "isRoot": false,
      "uuid": "a1813e03-9cb1-4790-975b-4883ddaff247",
      "parentUUID": "d57eb75b-c5ee-4391-a758-c4f3dd053cbc",
      "isHook": false,
      "skipped": false
    },
    {
      "title": "Then User verifies Adhesion client page and goes back",
      "fullTitle": "Verification of Client Page Then User verifies Adhesion client page and goes back",
      "timedOut": false,
      "duration": 0,
      "state": "failed",
      "pass": false,
      "fail": true,
      "pending": false,
      "code": "iterator(this, subject, done);",
      "err": {
        "message": "NoSuchWindowError: no such window: target window already closed\nfrom unknown error: web view not found\n  (Session info: chrome=59.0.3071.104)\n  (Driver info: chromedriver=2.29.461591 (62ebf098771772160f391d75e589dc567915b233),platform=Windows NT 6.1.7601 SP1 x86_64)",
        "estack": "NoSuchWindowError: no such window: target window already closed\nfrom unknown error: web view not found\n  (Session info: chrome=59.0.3071.104)\n  (Driver info: chromedriver=2.29.461591 (62ebf098771772160f391d75e589dc567915b233),platform=Windows NT 6.1.7601 SP1 x86_64)\n    at WebDriverError (node_modules\\selenium-webdriver\\lib\\error.js:27:5)\n    at NoSuchWindowError (node_modules\\selenium-webdriver\\lib\\error.js:276:5)\n    at Object.checkLegacyResponse (node_modules\\selenium-webdriver\\lib\\error.js:639:15)\n    at parseHttpResponse (node_modules\\selenium-webdriver\\http\\index.js:528:13)\n    at client_.send.then.response (node_modules\\selenium-webdriver\\http\\index.js:466:11)\n    at ManagedPromise.invokeCallback_ (node_modules\\selenium-webdriver\\lib\\promise.js:1343:14)\n    at TaskQueue.execute_ (node_modules\\selenium-webdriver\\lib\\promise.js:2868:14)\n    at TaskQueue.executeNext_ (node_modules\\selenium-webdriver\\lib\\promise.js:2851:21)\n    at asyncRun (node_modules\\selenium-webdriver\\lib\\promise.js:2775:25)\n    at node_modules\\selenium-webdriver\\lib\\promise.js:639:7\n    at process._tickCallback (internal/process/next_tick.js:103:7)\nFrom: Task: WebDriver.takeScreenshot()\n    at Driver.schedule (node_modules\\selenium-webdriver\\lib\\webdriver.js:386:17)\n    at Driver.takeScreenshot (node_modules\\selenium-webdriver\\lib\\webdriver.js:974:17)\n    at takeScreenshotOnFailure (example\\test.js:58:16)\n    at Context.<anonymous> (example\\test.js:39:13)"
      },
      "isRoot": false,
      "uuid": "39286112-0d08-43ff-b567-fbbbc3987faf",
      "parentUUID": "d57eb75b-c5ee-4391-a758-c4f3dd053cbc",
      "isHook": false,
      "skipped": false
    }
  ],
  "allPending": [],
  "allPasses": [
    {
      "title": "Given User is on the Home Page",
      "fullTitle": "Verification of Client Page Given User is on the Home Page",
      "timedOut": false,
      "duration": 13148,
      "state": "passed",
      "speed": "slow",
      "pass": true,
      "fail": false,
      "pending": false,
      "code": "iterator(this, subject, done);",
      "err": {},
      "isRoot": false,
      "uuid": "1a86f869-b687-4ae1-9eeb-4be18a4a1c08",
      "parentUUID": "d57eb75b-c5ee-4391-a758-c4f3dd053cbc",
      "isHook": false,
      "skipped": false
    },
    {
      "title": "When User clicks Adhesion Link",
      "fullTitle": "Verification of Client Page When User clicks Adhesion Link",
      "timedOut": false,
      "duration": 1606,
      "state": "passed",
      "speed": "slow",
      "pass": true,
      "fail": false,
      "pending": false,
      "code": "iterator(this, subject, done);",
      "err": {},
      "isRoot": false,
      "uuid": "a1813e03-9cb1-4790-975b-4883ddaff247",
      "parentUUID": "d57eb75b-c5ee-4391-a758-c4f3dd053cbc",
      "isHook": false,
      "skipped": false
    }
  ],
  "allFailures": [
    {
      "title": "Then User verifies Adhesion client page and goes back",
      "fullTitle": "Verification of Client Page Then User verifies Adhesion client page and goes back",
      "timedOut": false,
      "duration": 0,
      "state": "failed",
      "pass": false,
      "fail": true,
      "pending": false,
      "code": "iterator(this, subject, done);",
      "err": {
        "message": "NoSuchWindowError: no such window: target window already closed\nfrom unknown error: web view not found\n  (Session info: chrome=59.0.3071.104)\n  (Driver info: chromedriver=2.29.461591 (62ebf098771772160f391d75e589dc567915b233),platform=Windows NT 6.1.7601 SP1 x86_64)",
        "estack": "NoSuchWindowError: no such window: target window already closed\nfrom unknown error: web view not found\n  (Session info: chrome=59.0.3071.104)\n  (Driver info: chromedriver=2.29.461591 (62ebf098771772160f391d75e589dc567915b233),platform=Windows NT 6.1.7601 SP1 x86_64)\n    at WebDriverError (node_modules\\selenium-webdriver\\lib\\error.js:27:5)\n    at NoSuchWindowError (node_modules\\selenium-webdriver\\lib\\error.js:276:5)\n    at Object.checkLegacyResponse (node_modules\\selenium-webdriver\\lib\\error.js:639:15)\n    at parseHttpResponse (node_modules\\selenium-webdriver\\http\\index.js:528:13)\n    at client_.send.then.response (node_modules\\selenium-webdriver\\http\\index.js:466:11)\n    at ManagedPromise.invokeCallback_ (node_modules\\selenium-webdriver\\lib\\promise.js:1343:14)\n    at TaskQueue.execute_ (node_modules\\selenium-webdriver\\lib\\promise.js:2868:14)\n    at TaskQueue.executeNext_ (node_modules\\selenium-webdriver\\lib\\promise.js:2851:21)\n    at asyncRun (node_modules\\selenium-webdriver\\lib\\promise.js:2775:25)\n    at node_modules\\selenium-webdriver\\lib\\promise.js:639:7\n    at process._tickCallback (internal/process/next_tick.js:103:7)\nFrom: Task: WebDriver.takeScreenshot()\n    at Driver.schedule (node_modules\\selenium-webdriver\\lib\\webdriver.js:386:17)\n    at Driver.takeScreenshot (node_modules\\selenium-webdriver\\lib\\webdriver.js:974:17)\n    at takeScreenshotOnFailure (example\\test.js:58:16)\n    at Context.<anonymous> (example\\test.js:39:13)"
      },
      "isRoot": false,
      "uuid": "39286112-0d08-43ff-b567-fbbbc3987faf",
      "parentUUID": "d57eb75b-c5ee-4391-a758-c4f3dd053cbc",
      "isHook": false,
      "skipped": false
    },
    {
      "title": "\"after all\" hook",
      "fullTitle": "Verification of Intranet application \"after all\" hook",
      "timedOut": false,
      "duration": 0,
      "state": "failed",
      "pass": false,
      "fail": true,
      "pending": false,
      "code": "log.info('End of the automation test Execution');\ndriver.quit().then(done);",
      "err": {
        "message": "NoSuchWindowError: no such window: target window already closed\nfrom unknown error: web view not found\n  (Session info: chrome=59.0.3071.104)\n  (Driver info: chromedriver=2.29.461591 (62ebf098771772160f391d75e589dc567915b233),platform=Windows NT 6.1.7601 SP1 x86_64)",
        "estack": "NoSuchWindowError: no such window: target window already closed\nfrom unknown error: web view not found\n  (Session info: chrome=59.0.3071.104)\n  (Driver info: chromedriver=2.29.461591 (62ebf098771772160f391d75e589dc567915b233),platform=Windows NT 6.1.7601 SP1 x86_64)\n    at WebDriverError (node_modules\\selenium-webdriver\\lib\\error.js:27:5)\n    at NoSuchWindowError (node_modules\\selenium-webdriver\\lib\\error.js:276:5)\n    at Object.checkLegacyResponse (node_modules\\selenium-webdriver\\lib\\error.js:639:15)\n    at parseHttpResponse (node_modules\\selenium-webdriver\\http\\index.js:528:13)\n    at client_.send.then.response (node_modules\\selenium-webdriver\\http\\index.js:466:11)\n    at ManagedPromise.invokeCallback_ (node_modules\\selenium-webdriver\\lib\\promise.js:1343:14)\n    at TaskQueue.execute_ (node_modules\\selenium-webdriver\\lib\\promise.js:2868:14)\n    at TaskQueue.executeNext_ (node_modules\\selenium-webdriver\\lib\\promise.js:2851:21)\n    at asyncRun (node_modules\\selenium-webdriver\\lib\\promise.js:2775:25)\n    at node_modules\\selenium-webdriver\\lib\\promise.js:639:7\n    at process._tickCallback (internal/process/next_tick.js:103:7)\nFrom: Task: WebDriver.takeScreenshot()\n    at Driver.schedule (node_modules\\selenium-webdriver\\lib\\webdriver.js:386:17)\n    at Driver.takeScreenshot (node_modules\\selenium-webdriver\\lib\\webdriver.js:974:17)\n    at takeScreenshotOnFailure (example\\test.js:58:16)\n    at Context.<anonymous> (example\\test.js:39:13)"
      },
      "isRoot": false,
      "uuid": "3efc1242-021d-4824-a11f-001d39a7255c",
      "parentUUID": "cf674ac7-7dbb-4212-8ecd-1a9404806570",
      "isHook": true,
      "skipped": false
    }
  ],
  "copyrightYear": 2017
}