{
  "stats": {
    "suites": 2,
    "tests": 10,
    "passes": 10,
    "pending": 0,
    "failures": 0,
    "start": "2017-08-24T11:04:07.745Z",
    "end": "2017-08-24T11:04:34.391Z",
    "duration": 26646,
    "testsRegistered": 10,
    "passPercent": 100,
    "pendingPercent": 0,
    "other": 0,
    "hasOther": false,
    "skipped": 0,
    "hasSkipped": false,
    "passPercentClass": "success",
    "pendingPercentClass": "danger"
  },
  "suites": {
    "title": "",
    "suites": [
      {
        "title": "Verification of Actions functions on Test Automation Example Page",
        "suites": [
          {
            "title": "Verification of Action Functions ",
            "suites": [],
            "tests": [
              {
                "title": "Given User is on TAF Example Page",
                "fullTitle": "Verification of Actions functions on Test Automation Example Page Verification of Action Functions  Given User is on TAF Example Page",
                "timedOut": false,
                "duration": 12707,
                "state": "passed",
                "speed": "slow",
                "pass": true,
                "fail": false,
                "pending": false,
                "code": "iterator(this, subject, done);",
                "err": {},
                "isRoot": false,
                "uuid": "d4c73df3-4c8c-4ec2-b52a-b5e53fef642b",
                "parentUUID": "d154b889-cd53-4087-8bb6-14a9faae1e94",
                "isHook": false,
                "skipped": false
              },
              {
                "title": "When The hidden text is visible",
                "fullTitle": "Verification of Actions functions on Test Automation Example Page Verification of Action Functions  When The hidden text is visible",
                "timedOut": false,
                "duration": 10012,
                "state": "passed",
                "speed": "slow",
                "pass": true,
                "fail": false,
                "pending": false,
                "code": "iterator(this, subject, done);",
                "err": {},
                "isRoot": false,
                "uuid": "3fc33426-b135-4344-99d4-9899f9644bf9",
                "parentUUID": "d154b889-cd53-4087-8bb6-14a9faae1e94",
                "isHook": false,
                "skipped": false
              },
              {
                "title": "Then User enter text in Text box",
                "fullTitle": "Verification of Actions functions on Test Automation Example Page Verification of Action Functions  Then User enter text in Text box",
                "timedOut": false,
                "duration": 391,
                "state": "passed",
                "speed": "slow",
                "pass": true,
                "fail": false,
                "pending": false,
                "code": "iterator(this, subject, done);",
                "err": {},
                "isRoot": false,
                "uuid": "f4a7276c-8133-4d67-8821-938e6454c853",
                "parentUUID": "d154b889-cd53-4087-8bb6-14a9faae1e94",
                "isHook": false,
                "skipped": false
              },
              {
                "title": "Then User selects options from select menu",
                "fullTitle": "Verification of Actions functions on Test Automation Example Page Verification of Action Functions  Then User selects options from select menu",
                "timedOut": false,
                "duration": 401,
                "state": "passed",
                "speed": "slow",
                "pass": true,
                "fail": false,
                "pending": false,
                "code": "iterator(this, subject, done);",
                "err": {},
                "isRoot": false,
                "uuid": "e7f592ae-ad11-4d6a-9522-0680f70b7bc5",
                "parentUUID": "d154b889-cd53-4087-8bb6-14a9faae1e94",
                "isHook": false,
                "skipped": false
              },
              {
                "title": "Then User select Mutual Funds and ETFs checkbox",
                "fullTitle": "Verification of Actions functions on Test Automation Example Page Verification of Action Functions  Then User select Mutual Funds and ETFs checkbox",
                "timedOut": false,
                "duration": 482,
                "state": "passed",
                "speed": "slow",
                "pass": true,
                "fail": false,
                "pending": false,
                "code": "iterator(this, subject, done);",
                "err": {},
                "isRoot": false,
                "uuid": "98c03e84-6f9e-4611-90c5-5888ae0e6986",
                "parentUUID": "d154b889-cd53-4087-8bb6-14a9faae1e94",
                "isHook": false,
                "skipped": false
              },
              {
                "title": "Then User uncheck ETFs checkbox",
                "fullTitle": "Verification of Actions functions on Test Automation Example Page Verification of Action Functions  Then User uncheck ETFs checkbox",
                "timedOut": false,
                "duration": 311,
                "state": "passed",
                "speed": "slow",
                "pass": true,
                "fail": false,
                "pending": false,
                "code": "iterator(this, subject, done);",
                "err": {},
                "isRoot": false,
                "uuid": "de63a09b-dbc1-48d9-8492-ec7922f8ee77",
                "parentUUID": "d154b889-cd53-4087-8bb6-14a9faae1e94",
                "isHook": false,
                "skipped": false
              },
              {
                "title": "Then User selects Options radio button",
                "fullTitle": "Verification of Actions functions on Test Automation Example Page Verification of Action Functions  Then User selects Options radio button",
                "timedOut": false,
                "duration": 370,
                "state": "passed",
                "speed": "slow",
                "pass": true,
                "fail": false,
                "pending": false,
                "code": "iterator(this, subject, done);",
                "err": {},
                "isRoot": false,
                "uuid": "4656da66-c78c-450e-a2c3-78245092daa9",
                "parentUUID": "d154b889-cd53-4087-8bb6-14a9faae1e94",
                "isHook": false,
                "skipped": false
              },
              {
                "title": "Then User performs mouseover on hover text",
                "fullTitle": "Verification of Actions functions on Test Automation Example Page Verification of Action Functions  Then User performs mouseover on hover text",
                "timedOut": false,
                "duration": 308,
                "state": "passed",
                "speed": "slow",
                "pass": true,
                "fail": false,
                "pending": false,
                "code": "iterator(this, subject, done);",
                "err": {},
                "isRoot": false,
                "uuid": "2007493f-c9fc-4ea4-8b29-fb5dbd091a90",
                "parentUUID": "d154b889-cd53-4087-8bb6-14a9faae1e94",
                "isHook": false,
                "skipped": false
              },
              {
                "title": "Then User scrolls the page to bottom",
                "fullTitle": "Verification of Actions functions on Test Automation Example Page Verification of Action Functions  Then User scrolls the page to bottom",
                "timedOut": false,
                "duration": 288,
                "state": "passed",
                "speed": "slow",
                "pass": true,
                "fail": false,
                "pending": false,
                "code": "iterator(this, subject, done);",
                "err": {},
                "isRoot": false,
                "uuid": "73862a8a-2c9b-4a41-98a2-01f1dd48338c",
                "parentUUID": "d154b889-cd53-4087-8bb6-14a9faae1e94",
                "isHook": false,
                "skipped": false
              },
              {
                "title": "Then User enters text in the text box inside iframe",
                "fullTitle": "Verification of Actions functions on Test Automation Example Page Verification of Action Functions  Then User enters text in the text box inside iframe",
                "timedOut": false,
                "duration": 593,
                "state": "passed",
                "speed": "slow",
                "pass": true,
                "fail": false,
                "pending": false,
                "code": "iterator(this, subject, done);",
                "err": {},
                "isRoot": false,
                "uuid": "273c2765-00b2-40b6-8968-521f582d467e",
                "parentUUID": "d154b889-cd53-4087-8bb6-14a9faae1e94",
                "isHook": false,
                "skipped": false
              }
            ],
            "pending": [],
            "root": false,
            "_timeout": 50000,
            "file": "\\example\\test.js",
            "uuid": "d154b889-cd53-4087-8bb6-14a9faae1e94",
            "beforeHooks": [],
            "afterHooks": [],
            "fullFile": "D:\\TAF\\256\\mochaautomation\\example\\test.js",
            "passes": [
              {
                "title": "Given User is on TAF Example Page",
                "fullTitle": "Verification of Actions functions on Test Automation Example Page Verification of Action Functions  Given User is on TAF Example Page",
                "timedOut": false,
                "duration": 12707,
                "state": "passed",
                "speed": "slow",
                "pass": true,
                "fail": false,
                "pending": false,
                "code": "iterator(this, subject, done);",
                "err": {},
                "isRoot": false,
                "uuid": "d4c73df3-4c8c-4ec2-b52a-b5e53fef642b",
                "parentUUID": "d154b889-cd53-4087-8bb6-14a9faae1e94",
                "isHook": false,
                "skipped": false
              },
              {
                "title": "When The hidden text is visible",
                "fullTitle": "Verification of Actions functions on Test Automation Example Page Verification of Action Functions  When The hidden text is visible",
                "timedOut": false,
                "duration": 10012,
                "state": "passed",
                "speed": "slow",
                "pass": true,
                "fail": false,
                "pending": false,
                "code": "iterator(this, subject, done);",
                "err": {},
                "isRoot": false,
                "uuid": "3fc33426-b135-4344-99d4-9899f9644bf9",
                "parentUUID": "d154b889-cd53-4087-8bb6-14a9faae1e94",
                "isHook": false,
                "skipped": false
              },
              {
                "title": "Then User enter text in Text box",
                "fullTitle": "Verification of Actions functions on Test Automation Example Page Verification of Action Functions  Then User enter text in Text box",
                "timedOut": false,
                "duration": 391,
                "state": "passed",
                "speed": "slow",
                "pass": true,
                "fail": false,
                "pending": false,
                "code": "iterator(this, subject, done);",
                "err": {},
                "isRoot": false,
                "uuid": "f4a7276c-8133-4d67-8821-938e6454c853",
                "parentUUID": "d154b889-cd53-4087-8bb6-14a9faae1e94",
                "isHook": false,
                "skipped": false
              },
              {
                "title": "Then User selects options from select menu",
                "fullTitle": "Verification of Actions functions on Test Automation Example Page Verification of Action Functions  Then User selects options from select menu",
                "timedOut": false,
                "duration": 401,
                "state": "passed",
                "speed": "slow",
                "pass": true,
                "fail": false,
                "pending": false,
                "code": "iterator(this, subject, done);",
                "err": {},
                "isRoot": false,
                "uuid": "e7f592ae-ad11-4d6a-9522-0680f70b7bc5",
                "parentUUID": "d154b889-cd53-4087-8bb6-14a9faae1e94",
                "isHook": false,
                "skipped": false
              },
              {
                "title": "Then User select Mutual Funds and ETFs checkbox",
                "fullTitle": "Verification of Actions functions on Test Automation Example Page Verification of Action Functions  Then User select Mutual Funds and ETFs checkbox",
                "timedOut": false,
                "duration": 482,
                "state": "passed",
                "speed": "slow",
                "pass": true,
                "fail": false,
                "pending": false,
                "code": "iterator(this, subject, done);",
                "err": {},
                "isRoot": false,
                "uuid": "98c03e84-6f9e-4611-90c5-5888ae0e6986",
                "parentUUID": "d154b889-cd53-4087-8bb6-14a9faae1e94",
                "isHook": false,
                "skipped": false
              },
              {
                "title": "Then User uncheck ETFs checkbox",
                "fullTitle": "Verification of Actions functions on Test Automation Example Page Verification of Action Functions  Then User uncheck ETFs checkbox",
                "timedOut": false,
                "duration": 311,
                "state": "passed",
                "speed": "slow",
                "pass": true,
                "fail": false,
                "pending": false,
                "code": "iterator(this, subject, done);",
                "err": {},
                "isRoot": false,
                "uuid": "de63a09b-dbc1-48d9-8492-ec7922f8ee77",
                "parentUUID": "d154b889-cd53-4087-8bb6-14a9faae1e94",
                "isHook": false,
                "skipped": false
              },
              {
                "title": "Then User selects Options radio button",
                "fullTitle": "Verification of Actions functions on Test Automation Example Page Verification of Action Functions  Then User selects Options radio button",
                "timedOut": false,
                "duration": 370,
                "state": "passed",
                "speed": "slow",
                "pass": true,
                "fail": false,
                "pending": false,
                "code": "iterator(this, subject, done);",
                "err": {},
                "isRoot": false,
                "uuid": "4656da66-c78c-450e-a2c3-78245092daa9",
                "parentUUID": "d154b889-cd53-4087-8bb6-14a9faae1e94",
                "isHook": false,
                "skipped": false
              },
              {
                "title": "Then User performs mouseover on hover text",
                "fullTitle": "Verification of Actions functions on Test Automation Example Page Verification of Action Functions  Then User performs mouseover on hover text",
                "timedOut": false,
                "duration": 308,
                "state": "passed",
                "speed": "slow",
                "pass": true,
                "fail": false,
                "pending": false,
                "code": "iterator(this, subject, done);",
                "err": {},
                "isRoot": false,
                "uuid": "2007493f-c9fc-4ea4-8b29-fb5dbd091a90",
                "parentUUID": "d154b889-cd53-4087-8bb6-14a9faae1e94",
                "isHook": false,
                "skipped": false
              },
              {
                "title": "Then User scrolls the page to bottom",
                "fullTitle": "Verification of Actions functions on Test Automation Example Page Verification of Action Functions  Then User scrolls the page to bottom",
                "timedOut": false,
                "duration": 288,
                "state": "passed",
                "speed": "slow",
                "pass": true,
                "fail": false,
                "pending": false,
                "code": "iterator(this, subject, done);",
                "err": {},
                "isRoot": false,
                "uuid": "73862a8a-2c9b-4a41-98a2-01f1dd48338c",
                "parentUUID": "d154b889-cd53-4087-8bb6-14a9faae1e94",
                "isHook": false,
                "skipped": false
              },
              {
                "title": "Then User enters text in the text box inside iframe",
                "fullTitle": "Verification of Actions functions on Test Automation Example Page Verification of Action Functions  Then User enters text in the text box inside iframe",
                "timedOut": false,
                "duration": 593,
                "state": "passed",
                "speed": "slow",
                "pass": true,
                "fail": false,
                "pending": false,
                "code": "iterator(this, subject, done);",
                "err": {},
                "isRoot": false,
                "uuid": "273c2765-00b2-40b6-8968-521f582d467e",
                "parentUUID": "d154b889-cd53-4087-8bb6-14a9faae1e94",
                "isHook": false,
                "skipped": false
              }
            ],
            "failures": [],
            "skipped": [],
            "hasBeforeHooks": false,
            "hasAfterHooks": false,
            "hasTests": true,
            "hasSuites": false,
            "totalTests": 10,
            "totalPasses": 10,
            "totalFailures": 0,
            "totalPending": 0,
            "totalSkipped": 0,
            "hasPasses": true,
            "hasFailures": false,
            "hasPending": false,
            "hasSkipped": false,
            "duration": 25863,
            "rootEmpty": false
          }
        ],
        "tests": [],
        "pending": [],
        "root": false,
        "_timeout": 50000,
        "file": "\\example\\test.js",
        "uuid": "813c4a9d-0650-42af-87a5-1acfb1290fe3",
        "beforeHooks": [
          {
            "title": "\"before all\" hook",
            "fullTitle": "Verification of Actions functions on Test Automation Example Page \"before all\" hook",
            "timedOut": false,
            "duration": 405,
            "pass": false,
            "fail": false,
            "pending": false,
            "code": "log.info('Start of the automation test Execution');\n       \n  driver = new webdriver.Builder().usingServer().withCapabilities({'browserName': gBrowser}).build();\n\ndriver.manage().timeouts().implicitlyWait(10000);\ndone();",
            "err": {},
            "isRoot": false,
            "uuid": "febb5cbe-5a11-4b6f-a5b5-e29bde1daead",
            "parentUUID": "813c4a9d-0650-42af-87a5-1acfb1290fe3",
            "isHook": true,
            "skipped": false
          }
        ],
        "afterHooks": [
          {
            "title": "\"after all\" hook",
            "fullTitle": "Verification of Actions functions on Test Automation Example Page \"after all\" hook",
            "timedOut": false,
            "duration": 340,
            "pass": false,
            "fail": false,
            "pending": false,
            "code": "log.info('End of the automation test Execution');\ndriver.quit().then(done);",
            "err": {},
            "isRoot": false,
            "uuid": "4e40ae38-e9d3-40ea-8597-3e3bb51bfaa6",
            "parentUUID": "813c4a9d-0650-42af-87a5-1acfb1290fe3",
            "isHook": true,
            "skipped": false
          },
          {
            "title": "\"after each\" hook",
            "fullTitle": "Verification of Actions functions on Test Automation Example Page \"after each\" hook",
            "timedOut": false,
            "duration": 0,
            "pass": false,
            "fail": false,
            "pending": false,
            "code": "takeScreenshotOnFailure(this.currentTest);",
            "err": {},
            "isRoot": false,
            "uuid": "061be0ef-60c7-4fce-ac82-9ece7c6e5914",
            "parentUUID": "813c4a9d-0650-42af-87a5-1acfb1290fe3",
            "isHook": true,
            "skipped": false
          }
        ],
        "fullFile": "D:\\TAF\\256\\mochaautomation\\example\\test.js",
        "passes": [],
        "failures": [],
        "skipped": [],
        "hasBeforeHooks": true,
        "hasAfterHooks": true,
        "hasTests": false,
        "hasSuites": true,
        "totalTests": 0,
        "totalPasses": 0,
        "totalFailures": 0,
        "totalPending": 0,
        "totalSkipped": 0,
        "hasPasses": false,
        "hasFailures": false,
        "hasPending": false,
        "hasSkipped": false,
        "duration": 0,
        "rootEmpty": false
      }
    ],
    "tests": [],
    "pending": [],
    "root": true,
    "_timeout": 50000,
    "uuid": "d30ba177-5261-4eee-8405-ec5b9571da42",
    "beforeHooks": [],
    "afterHooks": [],
    "fullFile": "",
    "file": "",
    "passes": [],
    "failures": [],
    "skipped": [],
    "hasBeforeHooks": false,
    "hasAfterHooks": false,
    "hasTests": false,
    "hasSuites": true,
    "totalTests": 0,
    "totalPasses": 0,
    "totalFailures": 0,
    "totalPending": 0,
    "totalSkipped": 0,
    "hasPasses": false,
    "hasFailures": false,
    "hasPending": false,
    "hasSkipped": false,
    "duration": 0,
    "rootEmpty": true
  },
  "allTests": [
    {
      "title": "Given User is on TAF Example Page",
      "fullTitle": "Verification of Action Functions  Given User is on TAF Example Page",
      "timedOut": false,
      "duration": 12707,
      "state": "passed",
      "speed": "slow",
      "pass": true,
      "fail": false,
      "pending": false,
      "code": "iterator(this, subject, done);",
      "err": {},
      "isRoot": false,
      "uuid": "d4c73df3-4c8c-4ec2-b52a-b5e53fef642b",
      "parentUUID": "d154b889-cd53-4087-8bb6-14a9faae1e94",
      "isHook": false,
      "skipped": false
    },
    {
      "title": "When The hidden text is visible",
      "fullTitle": "Verification of Action Functions  When The hidden text is visible",
      "timedOut": false,
      "duration": 10012,
      "state": "passed",
      "speed": "slow",
      "pass": true,
      "fail": false,
      "pending": false,
      "code": "iterator(this, subject, done);",
      "err": {},
      "isRoot": false,
      "uuid": "3fc33426-b135-4344-99d4-9899f9644bf9",
      "parentUUID": "d154b889-cd53-4087-8bb6-14a9faae1e94",
      "isHook": false,
      "skipped": false
    },
    {
      "title": "Then User enter text in Text box",
      "fullTitle": "Verification of Action Functions  Then User enter text in Text box",
      "timedOut": false,
      "duration": 391,
      "state": "passed",
      "speed": "slow",
      "pass": true,
      "fail": false,
      "pending": false,
      "code": "iterator(this, subject, done);",
      "err": {},
      "isRoot": false,
      "uuid": "f4a7276c-8133-4d67-8821-938e6454c853",
      "parentUUID": "d154b889-cd53-4087-8bb6-14a9faae1e94",
      "isHook": false,
      "skipped": false
    },
    {
      "title": "Then User selects options from select menu",
      "fullTitle": "Verification of Action Functions  Then User selects options from select menu",
      "timedOut": false,
      "duration": 401,
      "state": "passed",
      "speed": "slow",
      "pass": true,
      "fail": false,
      "pending": false,
      "code": "iterator(this, subject, done);",
      "err": {},
      "isRoot": false,
      "uuid": "e7f592ae-ad11-4d6a-9522-0680f70b7bc5",
      "parentUUID": "d154b889-cd53-4087-8bb6-14a9faae1e94",
      "isHook": false,
      "skipped": false
    },
    {
      "title": "Then User select Mutual Funds and ETFs checkbox",
      "fullTitle": "Verification of Action Functions  Then User select Mutual Funds and ETFs checkbox",
      "timedOut": false,
      "duration": 482,
      "state": "passed",
      "speed": "slow",
      "pass": true,
      "fail": false,
      "pending": false,
      "code": "iterator(this, subject, done);",
      "err": {},
      "isRoot": false,
      "uuid": "98c03e84-6f9e-4611-90c5-5888ae0e6986",
      "parentUUID": "d154b889-cd53-4087-8bb6-14a9faae1e94",
      "isHook": false,
      "skipped": false
    },
    {
      "title": "Then User uncheck ETFs checkbox",
      "fullTitle": "Verification of Action Functions  Then User uncheck ETFs checkbox",
      "timedOut": false,
      "duration": 311,
      "state": "passed",
      "speed": "slow",
      "pass": true,
      "fail": false,
      "pending": false,
      "code": "iterator(this, subject, done);",
      "err": {},
      "isRoot": false,
      "uuid": "de63a09b-dbc1-48d9-8492-ec7922f8ee77",
      "parentUUID": "d154b889-cd53-4087-8bb6-14a9faae1e94",
      "isHook": false,
      "skipped": false
    },
    {
      "title": "Then User selects Options radio button",
      "fullTitle": "Verification of Action Functions  Then User selects Options radio button",
      "timedOut": false,
      "duration": 370,
      "state": "passed",
      "speed": "slow",
      "pass": true,
      "fail": false,
      "pending": false,
      "code": "iterator(this, subject, done);",
      "err": {},
      "isRoot": false,
      "uuid": "4656da66-c78c-450e-a2c3-78245092daa9",
      "parentUUID": "d154b889-cd53-4087-8bb6-14a9faae1e94",
      "isHook": false,
      "skipped": false
    },
    {
      "title": "Then User performs mouseover on hover text",
      "fullTitle": "Verification of Action Functions  Then User performs mouseover on hover text",
      "timedOut": false,
      "duration": 308,
      "state": "passed",
      "speed": "slow",
      "pass": true,
      "fail": false,
      "pending": false,
      "code": "iterator(this, subject, done);",
      "err": {},
      "isRoot": false,
      "uuid": "2007493f-c9fc-4ea4-8b29-fb5dbd091a90",
      "parentUUID": "d154b889-cd53-4087-8bb6-14a9faae1e94",
      "isHook": false,
      "skipped": false
    },
    {
      "title": "Then User scrolls the page to bottom",
      "fullTitle": "Verification of Action Functions  Then User scrolls the page to bottom",
      "timedOut": false,
      "duration": 288,
      "state": "passed",
      "speed": "slow",
      "pass": true,
      "fail": false,
      "pending": false,
      "code": "iterator(this, subject, done);",
      "err": {},
      "isRoot": false,
      "uuid": "73862a8a-2c9b-4a41-98a2-01f1dd48338c",
      "parentUUID": "d154b889-cd53-4087-8bb6-14a9faae1e94",
      "isHook": false,
      "skipped": false
    },
    {
      "title": "Then User enters text in the text box inside iframe",
      "fullTitle": "Verification of Action Functions  Then User enters text in the text box inside iframe",
      "timedOut": false,
      "duration": 593,
      "state": "passed",
      "speed": "slow",
      "pass": true,
      "fail": false,
      "pending": false,
      "code": "iterator(this, subject, done);",
      "err": {},
      "isRoot": false,
      "uuid": "273c2765-00b2-40b6-8968-521f582d467e",
      "parentUUID": "d154b889-cd53-4087-8bb6-14a9faae1e94",
      "isHook": false,
      "skipped": false
    }
  ],
  "allPending": [],
  "allPasses": [
    {
      "title": "Given User is on TAF Example Page",
      "fullTitle": "Verification of Action Functions  Given User is on TAF Example Page",
      "timedOut": false,
      "duration": 12707,
      "state": "passed",
      "speed": "slow",
      "pass": true,
      "fail": false,
      "pending": false,
      "code": "iterator(this, subject, done);",
      "err": {},
      "isRoot": false,
      "uuid": "d4c73df3-4c8c-4ec2-b52a-b5e53fef642b",
      "parentUUID": "d154b889-cd53-4087-8bb6-14a9faae1e94",
      "isHook": false,
      "skipped": false
    },
    {
      "title": "When The hidden text is visible",
      "fullTitle": "Verification of Action Functions  When The hidden text is visible",
      "timedOut": false,
      "duration": 10012,
      "state": "passed",
      "speed": "slow",
      "pass": true,
      "fail": false,
      "pending": false,
      "code": "iterator(this, subject, done);",
      "err": {},
      "isRoot": false,
      "uuid": "3fc33426-b135-4344-99d4-9899f9644bf9",
      "parentUUID": "d154b889-cd53-4087-8bb6-14a9faae1e94",
      "isHook": false,
      "skipped": false
    },
    {
      "title": "Then User enter text in Text box",
      "fullTitle": "Verification of Action Functions  Then User enter text in Text box",
      "timedOut": false,
      "duration": 391,
      "state": "passed",
      "speed": "slow",
      "pass": true,
      "fail": false,
      "pending": false,
      "code": "iterator(this, subject, done);",
      "err": {},
      "isRoot": false,
      "uuid": "f4a7276c-8133-4d67-8821-938e6454c853",
      "parentUUID": "d154b889-cd53-4087-8bb6-14a9faae1e94",
      "isHook": false,
      "skipped": false
    },
    {
      "title": "Then User selects options from select menu",
      "fullTitle": "Verification of Action Functions  Then User selects options from select menu",
      "timedOut": false,
      "duration": 401,
      "state": "passed",
      "speed": "slow",
      "pass": true,
      "fail": false,
      "pending": false,
      "code": "iterator(this, subject, done);",
      "err": {},
      "isRoot": false,
      "uuid": "e7f592ae-ad11-4d6a-9522-0680f70b7bc5",
      "parentUUID": "d154b889-cd53-4087-8bb6-14a9faae1e94",
      "isHook": false,
      "skipped": false
    },
    {
      "title": "Then User select Mutual Funds and ETFs checkbox",
      "fullTitle": "Verification of Action Functions  Then User select Mutual Funds and ETFs checkbox",
      "timedOut": false,
      "duration": 482,
      "state": "passed",
      "speed": "slow",
      "pass": true,
      "fail": false,
      "pending": false,
      "code": "iterator(this, subject, done);",
      "err": {},
      "isRoot": false,
      "uuid": "98c03e84-6f9e-4611-90c5-5888ae0e6986",
      "parentUUID": "d154b889-cd53-4087-8bb6-14a9faae1e94",
      "isHook": false,
      "skipped": false
    },
    {
      "title": "Then User uncheck ETFs checkbox",
      "fullTitle": "Verification of Action Functions  Then User uncheck ETFs checkbox",
      "timedOut": false,
      "duration": 311,
      "state": "passed",
      "speed": "slow",
      "pass": true,
      "fail": false,
      "pending": false,
      "code": "iterator(this, subject, done);",
      "err": {},
      "isRoot": false,
      "uuid": "de63a09b-dbc1-48d9-8492-ec7922f8ee77",
      "parentUUID": "d154b889-cd53-4087-8bb6-14a9faae1e94",
      "isHook": false,
      "skipped": false
    },
    {
      "title": "Then User selects Options radio button",
      "fullTitle": "Verification of Action Functions  Then User selects Options radio button",
      "timedOut": false,
      "duration": 370,
      "state": "passed",
      "speed": "slow",
      "pass": true,
      "fail": false,
      "pending": false,
      "code": "iterator(this, subject, done);",
      "err": {},
      "isRoot": false,
      "uuid": "4656da66-c78c-450e-a2c3-78245092daa9",
      "parentUUID": "d154b889-cd53-4087-8bb6-14a9faae1e94",
      "isHook": false,
      "skipped": false
    },
    {
      "title": "Then User performs mouseover on hover text",
      "fullTitle": "Verification of Action Functions  Then User performs mouseover on hover text",
      "timedOut": false,
      "duration": 308,
      "state": "passed",
      "speed": "slow",
      "pass": true,
      "fail": false,
      "pending": false,
      "code": "iterator(this, subject, done);",
      "err": {},
      "isRoot": false,
      "uuid": "2007493f-c9fc-4ea4-8b29-fb5dbd091a90",
      "parentUUID": "d154b889-cd53-4087-8bb6-14a9faae1e94",
      "isHook": false,
      "skipped": false
    },
    {
      "title": "Then User scrolls the page to bottom",
      "fullTitle": "Verification of Action Functions  Then User scrolls the page to bottom",
      "timedOut": false,
      "duration": 288,
      "state": "passed",
      "speed": "slow",
      "pass": true,
      "fail": false,
      "pending": false,
      "code": "iterator(this, subject, done);",
      "err": {},
      "isRoot": false,
      "uuid": "73862a8a-2c9b-4a41-98a2-01f1dd48338c",
      "parentUUID": "d154b889-cd53-4087-8bb6-14a9faae1e94",
      "isHook": false,
      "skipped": false
    },
    {
      "title": "Then User enters text in the text box inside iframe",
      "fullTitle": "Verification of Action Functions  Then User enters text in the text box inside iframe",
      "timedOut": false,
      "duration": 593,
      "state": "passed",
      "speed": "slow",
      "pass": true,
      "fail": false,
      "pending": false,
      "code": "iterator(this, subject, done);",
      "err": {},
      "isRoot": false,
      "uuid": "273c2765-00b2-40b6-8968-521f582d467e",
      "parentUUID": "d154b889-cd53-4087-8bb6-14a9faae1e94",
      "isHook": false,
      "skipped": false
    }
  ],
  "allFailures": [],
  "copyrightYear": 2017
}