{
  "stats": {
    "suites": 2,
    "tests": 6,
    "passes": 6,
    "pending": 0,
    "failures": 0,
    "start": "2017-08-23T10:50:45.902Z",
    "end": "2017-08-23T10:51:02.765Z",
    "duration": 16863,
    "testsRegistered": 6,
    "passPercent": 100,
    "pendingPercent": 0,
    "other": 0,
    "hasOther": false,
    "skipped": 0,
    "hasSkipped": false,
    "passPercentClass": "success",
    "pendingPercentClass": "danger"
  },
  "suites": {
    "title": "",
    "suites": [
      {
        "title": "Verification of Actions functions on Test Automation Example Page",
        "suites": [
          {
            "title": "Verification of sendkeys ",
            "suites": [],
            "tests": [
              {
                "title": "Given User opens TAF Example Page",
                "fullTitle": "Verification of Actions functions on Test Automation Example Page Verification of sendkeys  Given User opens TAF Example Page",
                "timedOut": false,
                "duration": 13804,
                "state": "passed",
                "speed": "slow",
                "pass": true,
                "fail": false,
                "pending": false,
                "code": "iterator(this, subject, done);",
                "err": {},
                "isRoot": false,
                "uuid": "d6f3cbee-f25e-4be7-a9d8-12220dbf2593",
                "parentUUID": "405ba800-73a9-4de9-b959-59ca0aab90f8",
                "isHook": false,
                "skipped": false
              },
              {
                "title": "Then  User uses send keys method on Text box",
                "fullTitle": "Verification of Actions functions on Test Automation Example Page Verification of sendkeys  Then  User uses send keys method on Text box",
                "timedOut": false,
                "duration": 515,
                "state": "passed",
                "speed": "slow",
                "pass": true,
                "fail": false,
                "pending": false,
                "code": "iterator(this, subject, done);",
                "err": {},
                "isRoot": false,
                "uuid": "108d9c26-2bdf-4004-8c6a-8faca303e64a",
                "parentUUID": "405ba800-73a9-4de9-b959-59ca0aab90f8",
                "isHook": false,
                "skipped": false
              },
              {
                "title": "Then  User selects options from select menu",
                "fullTitle": "Verification of Actions functions on Test Automation Example Page Verification of sendkeys  Then  User selects options from select menu",
                "timedOut": false,
                "duration": 518,
                "state": "passed",
                "speed": "slow",
                "pass": true,
                "fail": false,
                "pending": false,
                "code": "iterator(this, subject, done);",
                "err": {},
                "isRoot": false,
                "uuid": "6e89ce19-8a9e-4e7d-8bbd-4032bbe47be9",
                "parentUUID": "405ba800-73a9-4de9-b959-59ca0aab90f8",
                "isHook": false,
                "skipped": false
              },
              {
                "title": "Then  User select Mutual Funds and ETFs checkbox",
                "fullTitle": "Verification of Actions functions on Test Automation Example Page Verification of sendkeys  Then  User select Mutual Funds and ETFs checkbox",
                "timedOut": false,
                "duration": 564,
                "state": "passed",
                "speed": "slow",
                "pass": true,
                "fail": false,
                "pending": false,
                "code": "iterator(this, subject, done);",
                "err": {},
                "isRoot": false,
                "uuid": "7bb03eed-d281-40a6-8cfd-3004f0358410",
                "parentUUID": "405ba800-73a9-4de9-b959-59ca0aab90f8",
                "isHook": false,
                "skipped": false
              },
              {
                "title": "Then  User selects Options radio button",
                "fullTitle": "Verification of Actions functions on Test Automation Example Page Verification of sendkeys  Then  User selects Options radio button",
                "timedOut": false,
                "duration": 315,
                "state": "passed",
                "speed": "slow",
                "pass": true,
                "fail": false,
                "pending": false,
                "code": "iterator(this, subject, done);",
                "err": {},
                "isRoot": false,
                "uuid": "ef6b5e7c-f863-46dc-a68b-997370a58517",
                "parentUUID": "405ba800-73a9-4de9-b959-59ca0aab90f8",
                "isHook": false,
                "skipped": false
              },
              {
                "title": "Then  User uncheck ETFs checkbox",
                "fullTitle": "Verification of Actions functions on Test Automation Example Page Verification of sendkeys  Then  User uncheck ETFs checkbox",
                "timedOut": false,
                "duration": 352,
                "state": "passed",
                "speed": "slow",
                "pass": true,
                "fail": false,
                "pending": false,
                "code": "iterator(this, subject, done);",
                "err": {},
                "isRoot": false,
                "uuid": "1c13cd0d-6f52-49ce-a2eb-7295cded70e2",
                "parentUUID": "405ba800-73a9-4de9-b959-59ca0aab90f8",
                "isHook": false,
                "skipped": false
              }
            ],
            "pending": [],
            "root": false,
            "_timeout": 50000,
            "file": "\\example\\test.js",
            "uuid": "405ba800-73a9-4de9-b959-59ca0aab90f8",
            "beforeHooks": [],
            "afterHooks": [],
            "fullFile": "D:\\TAF\\256\\mochaautomation\\example\\test.js",
            "passes": [
              {
                "title": "Given User opens TAF Example Page",
                "fullTitle": "Verification of Actions functions on Test Automation Example Page Verification of sendkeys  Given User opens TAF Example Page",
                "timedOut": false,
                "duration": 13804,
                "state": "passed",
                "speed": "slow",
                "pass": true,
                "fail": false,
                "pending": false,
                "code": "iterator(this, subject, done);",
                "err": {},
                "isRoot": false,
                "uuid": "d6f3cbee-f25e-4be7-a9d8-12220dbf2593",
                "parentUUID": "405ba800-73a9-4de9-b959-59ca0aab90f8",
                "isHook": false,
                "skipped": false
              },
              {
                "title": "Then  User uses send keys method on Text box",
                "fullTitle": "Verification of Actions functions on Test Automation Example Page Verification of sendkeys  Then  User uses send keys method on Text box",
                "timedOut": false,
                "duration": 515,
                "state": "passed",
                "speed": "slow",
                "pass": true,
                "fail": false,
                "pending": false,
                "code": "iterator(this, subject, done);",
                "err": {},
                "isRoot": false,
                "uuid": "108d9c26-2bdf-4004-8c6a-8faca303e64a",
                "parentUUID": "405ba800-73a9-4de9-b959-59ca0aab90f8",
                "isHook": false,
                "skipped": false
              },
              {
                "title": "Then  User selects options from select menu",
                "fullTitle": "Verification of Actions functions on Test Automation Example Page Verification of sendkeys  Then  User selects options from select menu",
                "timedOut": false,
                "duration": 518,
                "state": "passed",
                "speed": "slow",
                "pass": true,
                "fail": false,
                "pending": false,
                "code": "iterator(this, subject, done);",
                "err": {},
                "isRoot": false,
                "uuid": "6e89ce19-8a9e-4e7d-8bbd-4032bbe47be9",
                "parentUUID": "405ba800-73a9-4de9-b959-59ca0aab90f8",
                "isHook": false,
                "skipped": false
              },
              {
                "title": "Then  User select Mutual Funds and ETFs checkbox",
                "fullTitle": "Verification of Actions functions on Test Automation Example Page Verification of sendkeys  Then  User select Mutual Funds and ETFs checkbox",
                "timedOut": false,
                "duration": 564,
                "state": "passed",
                "speed": "slow",
                "pass": true,
                "fail": false,
                "pending": false,
                "code": "iterator(this, subject, done);",
                "err": {},
                "isRoot": false,
                "uuid": "7bb03eed-d281-40a6-8cfd-3004f0358410",
                "parentUUID": "405ba800-73a9-4de9-b959-59ca0aab90f8",
                "isHook": false,
                "skipped": false
              },
              {
                "title": "Then  User selects Options radio button",
                "fullTitle": "Verification of Actions functions on Test Automation Example Page Verification of sendkeys  Then  User selects Options radio button",
                "timedOut": false,
                "duration": 315,
                "state": "passed",
                "speed": "slow",
                "pass": true,
                "fail": false,
                "pending": false,
                "code": "iterator(this, subject, done);",
                "err": {},
                "isRoot": false,
                "uuid": "ef6b5e7c-f863-46dc-a68b-997370a58517",
                "parentUUID": "405ba800-73a9-4de9-b959-59ca0aab90f8",
                "isHook": false,
                "skipped": false
              },
              {
                "title": "Then  User uncheck ETFs checkbox",
                "fullTitle": "Verification of Actions functions on Test Automation Example Page Verification of sendkeys  Then  User uncheck ETFs checkbox",
                "timedOut": false,
                "duration": 352,
                "state": "passed",
                "speed": "slow",
                "pass": true,
                "fail": false,
                "pending": false,
                "code": "iterator(this, subject, done);",
                "err": {},
                "isRoot": false,
                "uuid": "1c13cd0d-6f52-49ce-a2eb-7295cded70e2",
                "parentUUID": "405ba800-73a9-4de9-b959-59ca0aab90f8",
                "isHook": false,
                "skipped": false
              }
            ],
            "failures": [],
            "skipped": [],
            "hasBeforeHooks": false,
            "hasAfterHooks": false,
            "hasTests": true,
            "hasSuites": false,
            "totalTests": 6,
            "totalPasses": 6,
            "totalFailures": 0,
            "totalPending": 0,
            "totalSkipped": 0,
            "hasPasses": true,
            "hasFailures": false,
            "hasPending": false,
            "hasSkipped": false,
            "duration": 16068,
            "rootEmpty": false
          }
        ],
        "tests": [],
        "pending": [],
        "root": false,
        "_timeout": 50000,
        "file": "\\example\\test.js",
        "uuid": "48c7845b-ac97-421c-a513-578921bae062",
        "beforeHooks": [
          {
            "title": "\"before all\" hook",
            "fullTitle": "Verification of Actions functions on Test Automation Example Page \"before all\" hook",
            "timedOut": false,
            "duration": 423,
            "pass": false,
            "fail": false,
            "pending": false,
            "code": "log.info('Start of the automation test Execution');\n       \n  driver = new webdriver.Builder().usingServer().withCapabilities({'browserName': gBrowser}).build();\n\ndriver.manage().timeouts().implicitlyWait(10000);\ndone();",
            "err": {},
            "isRoot": false,
            "uuid": "edaf6a85-00ca-44a9-953b-68a453e56e1c",
            "parentUUID": "48c7845b-ac97-421c-a513-578921bae062",
            "isHook": true,
            "skipped": false
          }
        ],
        "afterHooks": [
          {
            "title": "\"after all\" hook",
            "fullTitle": "Verification of Actions functions on Test Automation Example Page \"after all\" hook",
            "timedOut": false,
            "duration": 339,
            "pass": false,
            "fail": false,
            "pending": false,
            "code": "log.info('End of the automation test Execution');\ndriver.quit().then(done);",
            "err": {},
            "isRoot": false,
            "uuid": "2919659e-75af-4449-952f-2e75ef108594",
            "parentUUID": "48c7845b-ac97-421c-a513-578921bae062",
            "isHook": true,
            "skipped": false
          },
          {
            "title": "\"after each\" hook",
            "fullTitle": "Verification of Actions functions on Test Automation Example Page \"after each\" hook",
            "timedOut": false,
            "duration": 1,
            "pass": false,
            "fail": false,
            "pending": false,
            "code": "takeScreenshotOnFailure(this.currentTest);",
            "err": {},
            "isRoot": false,
            "uuid": "93128bb7-94d6-4fe9-b25c-1e8a03b6befd",
            "parentUUID": "48c7845b-ac97-421c-a513-578921bae062",
            "isHook": true,
            "skipped": false
          }
        ],
        "fullFile": "D:\\TAF\\256\\mochaautomation\\example\\test.js",
        "passes": [],
        "failures": [],
        "skipped": [],
        "hasBeforeHooks": true,
        "hasAfterHooks": true,
        "hasTests": false,
        "hasSuites": true,
        "totalTests": 0,
        "totalPasses": 0,
        "totalFailures": 0,
        "totalPending": 0,
        "totalSkipped": 0,
        "hasPasses": false,
        "hasFailures": false,
        "hasPending": false,
        "hasSkipped": false,
        "duration": 0,
        "rootEmpty": false
      }
    ],
    "tests": [],
    "pending": [],
    "root": true,
    "_timeout": 50000,
    "uuid": "1103656a-b0d0-4ce5-aff0-9aa074c8b123",
    "beforeHooks": [],
    "afterHooks": [],
    "fullFile": "",
    "file": "",
    "passes": [],
    "failures": [],
    "skipped": [],
    "hasBeforeHooks": false,
    "hasAfterHooks": false,
    "hasTests": false,
    "hasSuites": true,
    "totalTests": 0,
    "totalPasses": 0,
    "totalFailures": 0,
    "totalPending": 0,
    "totalSkipped": 0,
    "hasPasses": false,
    "hasFailures": false,
    "hasPending": false,
    "hasSkipped": false,
    "duration": 0,
    "rootEmpty": true
  },
  "allTests": [
    {
      "title": "Given User opens TAF Example Page",
      "fullTitle": "Verification of sendkeys  Given User opens TAF Example Page",
      "timedOut": false,
      "duration": 13804,
      "state": "passed",
      "speed": "slow",
      "pass": true,
      "fail": false,
      "pending": false,
      "code": "iterator(this, subject, done);",
      "err": {},
      "isRoot": false,
      "uuid": "d6f3cbee-f25e-4be7-a9d8-12220dbf2593",
      "parentUUID": "405ba800-73a9-4de9-b959-59ca0aab90f8",
      "isHook": false,
      "skipped": false
    },
    {
      "title": "Then  User uses send keys method on Text box",
      "fullTitle": "Verification of sendkeys  Then  User uses send keys method on Text box",
      "timedOut": false,
      "duration": 515,
      "state": "passed",
      "speed": "slow",
      "pass": true,
      "fail": false,
      "pending": false,
      "code": "iterator(this, subject, done);",
      "err": {},
      "isRoot": false,
      "uuid": "108d9c26-2bdf-4004-8c6a-8faca303e64a",
      "parentUUID": "405ba800-73a9-4de9-b959-59ca0aab90f8",
      "isHook": false,
      "skipped": false
    },
    {
      "title": "Then  User selects options from select menu",
      "fullTitle": "Verification of sendkeys  Then  User selects options from select menu",
      "timedOut": false,
      "duration": 518,
      "state": "passed",
      "speed": "slow",
      "pass": true,
      "fail": false,
      "pending": false,
      "code": "iterator(this, subject, done);",
      "err": {},
      "isRoot": false,
      "uuid": "6e89ce19-8a9e-4e7d-8bbd-4032bbe47be9",
      "parentUUID": "405ba800-73a9-4de9-b959-59ca0aab90f8",
      "isHook": false,
      "skipped": false
    },
    {
      "title": "Then  User select Mutual Funds and ETFs checkbox",
      "fullTitle": "Verification of sendkeys  Then  User select Mutual Funds and ETFs checkbox",
      "timedOut": false,
      "duration": 564,
      "state": "passed",
      "speed": "slow",
      "pass": true,
      "fail": false,
      "pending": false,
      "code": "iterator(this, subject, done);",
      "err": {},
      "isRoot": false,
      "uuid": "7bb03eed-d281-40a6-8cfd-3004f0358410",
      "parentUUID": "405ba800-73a9-4de9-b959-59ca0aab90f8",
      "isHook": false,
      "skipped": false
    },
    {
      "title": "Then  User selects Options radio button",
      "fullTitle": "Verification of sendkeys  Then  User selects Options radio button",
      "timedOut": false,
      "duration": 315,
      "state": "passed",
      "speed": "slow",
      "pass": true,
      "fail": false,
      "pending": false,
      "code": "iterator(this, subject, done);",
      "err": {},
      "isRoot": false,
      "uuid": "ef6b5e7c-f863-46dc-a68b-997370a58517",
      "parentUUID": "405ba800-73a9-4de9-b959-59ca0aab90f8",
      "isHook": false,
      "skipped": false
    },
    {
      "title": "Then  User uncheck ETFs checkbox",
      "fullTitle": "Verification of sendkeys  Then  User uncheck ETFs checkbox",
      "timedOut": false,
      "duration": 352,
      "state": "passed",
      "speed": "slow",
      "pass": true,
      "fail": false,
      "pending": false,
      "code": "iterator(this, subject, done);",
      "err": {},
      "isRoot": false,
      "uuid": "1c13cd0d-6f52-49ce-a2eb-7295cded70e2",
      "parentUUID": "405ba800-73a9-4de9-b959-59ca0aab90f8",
      "isHook": false,
      "skipped": false
    }
  ],
  "allPending": [],
  "allPasses": [
    {
      "title": "Given User opens TAF Example Page",
      "fullTitle": "Verification of sendkeys  Given User opens TAF Example Page",
      "timedOut": false,
      "duration": 13804,
      "state": "passed",
      "speed": "slow",
      "pass": true,
      "fail": false,
      "pending": false,
      "code": "iterator(this, subject, done);",
      "err": {},
      "isRoot": false,
      "uuid": "d6f3cbee-f25e-4be7-a9d8-12220dbf2593",
      "parentUUID": "405ba800-73a9-4de9-b959-59ca0aab90f8",
      "isHook": false,
      "skipped": false
    },
    {
      "title": "Then  User uses send keys method on Text box",
      "fullTitle": "Verification of sendkeys  Then  User uses send keys method on Text box",
      "timedOut": false,
      "duration": 515,
      "state": "passed",
      "speed": "slow",
      "pass": true,
      "fail": false,
      "pending": false,
      "code": "iterator(this, subject, done);",
      "err": {},
      "isRoot": false,
      "uuid": "108d9c26-2bdf-4004-8c6a-8faca303e64a",
      "parentUUID": "405ba800-73a9-4de9-b959-59ca0aab90f8",
      "isHook": false,
      "skipped": false
    },
    {
      "title": "Then  User selects options from select menu",
      "fullTitle": "Verification of sendkeys  Then  User selects options from select menu",
      "timedOut": false,
      "duration": 518,
      "state": "passed",
      "speed": "slow",
      "pass": true,
      "fail": false,
      "pending": false,
      "code": "iterator(this, subject, done);",
      "err": {},
      "isRoot": false,
      "uuid": "6e89ce19-8a9e-4e7d-8bbd-4032bbe47be9",
      "parentUUID": "405ba800-73a9-4de9-b959-59ca0aab90f8",
      "isHook": false,
      "skipped": false
    },
    {
      "title": "Then  User select Mutual Funds and ETFs checkbox",
      "fullTitle": "Verification of sendkeys  Then  User select Mutual Funds and ETFs checkbox",
      "timedOut": false,
      "duration": 564,
      "state": "passed",
      "speed": "slow",
      "pass": true,
      "fail": false,
      "pending": false,
      "code": "iterator(this, subject, done);",
      "err": {},
      "isRoot": false,
      "uuid": "7bb03eed-d281-40a6-8cfd-3004f0358410",
      "parentUUID": "405ba800-73a9-4de9-b959-59ca0aab90f8",
      "isHook": false,
      "skipped": false
    },
    {
      "title": "Then  User selects Options radio button",
      "fullTitle": "Verification of sendkeys  Then  User selects Options radio button",
      "timedOut": false,
      "duration": 315,
      "state": "passed",
      "speed": "slow",
      "pass": true,
      "fail": false,
      "pending": false,
      "code": "iterator(this, subject, done);",
      "err": {},
      "isRoot": false,
      "uuid": "ef6b5e7c-f863-46dc-a68b-997370a58517",
      "parentUUID": "405ba800-73a9-4de9-b959-59ca0aab90f8",
      "isHook": false,
      "skipped": false
    },
    {
      "title": "Then  User uncheck ETFs checkbox",
      "fullTitle": "Verification of sendkeys  Then  User uncheck ETFs checkbox",
      "timedOut": false,
      "duration": 352,
      "state": "passed",
      "speed": "slow",
      "pass": true,
      "fail": false,
      "pending": false,
      "code": "iterator(this, subject, done);",
      "err": {},
      "isRoot": false,
      "uuid": "1c13cd0d-6f52-49ce-a2eb-7295cded70e2",
      "parentUUID": "405ba800-73a9-4de9-b959-59ca0aab90f8",
      "isHook": false,
      "skipped": false
    }
  ],
  "allFailures": [],
  "copyrightYear": 2017
}