{
  "stats": {
    "suites": 2,
    "tests": 10,
    "passes": 9,
    "pending": 0,
    "failures": 1,
    "start": "2017-08-24T10:48:57.879Z",
    "end": "2017-08-24T10:49:22.967Z",
    "duration": 25088,
    "testsRegistered": 10,
    "passPercent": 90,
    "pendingPercent": 0,
    "other": 0,
    "hasOther": false,
    "skipped": 0,
    "hasSkipped": false,
    "passPercentClass": "success",
    "pendingPercentClass": "danger"
  },
  "suites": {
    "title": "",
    "suites": [
      {
        "title": "Verification of Actions functions on Test Automation Example Page",
        "suites": [
          {
            "title": "Verification of Action Functions ",
            "suites": [],
            "tests": [
              {
                "title": "Given User is on TAF Example Page",
                "fullTitle": "Verification of Actions functions on Test Automation Example Page Verification of Action Functions  Given User is on TAF Example Page",
                "timedOut": false,
                "duration": 11547,
                "state": "passed",
                "speed": "slow",
                "pass": true,
                "fail": false,
                "pending": false,
                "code": "iterator(this, subject, done);",
                "err": {},
                "isRoot": false,
                "uuid": "73466ffc-593e-4455-b307-a248096579f1",
                "parentUUID": "635b7d62-ecb0-4ce8-98e5-6648f7b4566d",
                "isHook": false,
                "skipped": false
              },
              {
                "title": "When The hidden text is visible",
                "fullTitle": "Verification of Actions functions on Test Automation Example Page Verification of Action Functions  When The hidden text is visible",
                "timedOut": false,
                "duration": 10035,
                "state": "passed",
                "speed": "slow",
                "pass": true,
                "fail": false,
                "pending": false,
                "code": "iterator(this, subject, done);",
                "err": {},
                "isRoot": false,
                "uuid": "63910520-abb1-474a-a77c-f5128eb1388d",
                "parentUUID": "635b7d62-ecb0-4ce8-98e5-6648f7b4566d",
                "isHook": false,
                "skipped": false
              },
              {
                "title": "Then User enter text in Text box",
                "fullTitle": "Verification of Actions functions on Test Automation Example Page Verification of Action Functions  Then User enter text in Text box",
                "timedOut": false,
                "duration": 382,
                "state": "passed",
                "speed": "slow",
                "pass": true,
                "fail": false,
                "pending": false,
                "code": "iterator(this, subject, done);",
                "err": {},
                "isRoot": false,
                "uuid": "a8b1ca9e-4054-446c-b5f4-6a9ba20313b0",
                "parentUUID": "635b7d62-ecb0-4ce8-98e5-6648f7b4566d",
                "isHook": false,
                "skipped": false
              },
              {
                "title": "Then User selects options from select menu",
                "fullTitle": "Verification of Actions functions on Test Automation Example Page Verification of Action Functions  Then User selects options from select menu",
                "timedOut": false,
                "duration": 399,
                "state": "passed",
                "speed": "slow",
                "pass": true,
                "fail": false,
                "pending": false,
                "code": "iterator(this, subject, done);",
                "err": {},
                "isRoot": false,
                "uuid": "1d0e7f5e-7479-4399-8957-01cfc302bddf",
                "parentUUID": "635b7d62-ecb0-4ce8-98e5-6648f7b4566d",
                "isHook": false,
                "skipped": false
              },
              {
                "title": "Then User select Mutual Funds and ETFs checkbox",
                "fullTitle": "Verification of Actions functions on Test Automation Example Page Verification of Action Functions  Then User select Mutual Funds and ETFs checkbox",
                "timedOut": false,
                "duration": 449,
                "state": "passed",
                "speed": "slow",
                "pass": true,
                "fail": false,
                "pending": false,
                "code": "iterator(this, subject, done);",
                "err": {},
                "isRoot": false,
                "uuid": "5180e9a9-fdb8-4436-83c6-511a3c431857",
                "parentUUID": "635b7d62-ecb0-4ce8-98e5-6648f7b4566d",
                "isHook": false,
                "skipped": false
              },
              {
                "title": "Then User uncheck ETFs checkbox",
                "fullTitle": "Verification of Actions functions on Test Automation Example Page Verification of Action Functions  Then User uncheck ETFs checkbox",
                "timedOut": false,
                "duration": 306,
                "state": "passed",
                "speed": "slow",
                "pass": true,
                "fail": false,
                "pending": false,
                "code": "iterator(this, subject, done);",
                "err": {},
                "isRoot": false,
                "uuid": "b3dee768-f8cd-45aa-922a-31e3cd5d8cd0",
                "parentUUID": "635b7d62-ecb0-4ce8-98e5-6648f7b4566d",
                "isHook": false,
                "skipped": false
              },
              {
                "title": "Then User selects Options radio button",
                "fullTitle": "Verification of Actions functions on Test Automation Example Page Verification of Action Functions  Then User selects Options radio button",
                "timedOut": false,
                "duration": 341,
                "state": "passed",
                "speed": "slow",
                "pass": true,
                "fail": false,
                "pending": false,
                "code": "iterator(this, subject, done);",
                "err": {},
                "isRoot": false,
                "uuid": "0f1c4477-f4f6-45db-be86-5f166dc435b4",
                "parentUUID": "635b7d62-ecb0-4ce8-98e5-6648f7b4566d",
                "isHook": false,
                "skipped": false
              },
              {
                "title": "Then User performs mouseover on hover text",
                "fullTitle": "Verification of Actions functions on Test Automation Example Page Verification of Action Functions  Then User performs mouseover on hover text",
                "timedOut": false,
                "duration": 311,
                "state": "passed",
                "speed": "slow",
                "pass": true,
                "fail": false,
                "pending": false,
                "code": "iterator(this, subject, done);",
                "err": {},
                "isRoot": false,
                "uuid": "ceb7c89e-9b1a-4b11-9482-4fe38e5d8296",
                "parentUUID": "635b7d62-ecb0-4ce8-98e5-6648f7b4566d",
                "isHook": false,
                "skipped": false
              },
              {
                "title": "Then User scrolls the page to bottom",
                "fullTitle": "Verification of Actions functions on Test Automation Example Page Verification of Action Functions  Then User scrolls the page to bottom",
                "timedOut": false,
                "duration": 298,
                "state": "passed",
                "speed": "slow",
                "pass": true,
                "fail": false,
                "pending": false,
                "code": "iterator(this, subject, done);",
                "err": {},
                "isRoot": false,
                "uuid": "94a145aa-dcce-4548-9191-277f2bbcc524",
                "parentUUID": "635b7d62-ecb0-4ce8-98e5-6648f7b4566d",
                "isHook": false,
                "skipped": false
              },
              {
                "title": "Then User enters text in the text box inside iframe",
                "fullTitle": "Verification of Actions functions on Test Automation Example Page Verification of Action Functions  Then User enters text in the text box inside iframe",
                "timedOut": false,
                "duration": 4,
                "state": "failed",
                "pass": false,
                "fail": true,
                "pending": false,
                "code": "iterator(this, subject, done);",
                "err": {
                  "message": "ReferenceError: element is not defined",
                  "estack": "ReferenceError: element is not defined\n    at FunctionLibrary.fnSwitchToFrame (lib\\function-library.js:694:58)\n    at Object.<anonymous> (example\\step-definition\\intranet-step.js:128:28)\n    at Object.invoke (node_modules\\yadda\\lib\\fn.js:15:19)\n    at node_modules\\yadda\\lib\\Macro.js:37:29\n    at node_modules\\yadda\\lib\\Array.js:85:13\n    at each_async (node_modules\\yadda\\lib\\Array.js:55:35)\n    at Array.collect_async (node_modules\\yadda\\lib\\Array.js:77:9)\n    at Array.collect_async (node_modules\\yadda\\lib\\fn.js:10:23)\n    at convert (node_modules\\yadda\\lib\\Macro.js:83:12)\n    at Macro.interpret (node_modules\\yadda\\lib\\Macro.js:32:9)\n    at Interpreter.interpret_step (node_modules\\yadda\\lib\\Interpreter.js:59:15)\n    at iterator (node_modules\\yadda\\lib\\Interpreter.js:49:19)\n    at node_modules\\yadda\\lib\\fn.js:35:16\n    at iterate (node_modules\\yadda\\lib\\Array.js:58:13)\n    at Array.each_async (node_modules\\yadda\\lib\\Array.js:64:9)\n    at Array.each_async (node_modules\\yadda\\lib\\fn.js:10:23)\n    at Interpreter.interpret (node_modules\\yadda\\lib\\Interpreter.js:44:21)\n    at Yadda.yadda (node_modules\\yadda\\lib\\Yadda.js:25:26)\n    at example\\test.js:33:66\n    at TaskQueue.execute_ (node_modules\\selenium-webdriver\\lib\\promise.js:2868:14)\n    at TaskQueue.executeNext_ (node_modules\\selenium-webdriver\\lib\\promise.js:2851:21)\n    at asyncRun (node_modules\\selenium-webdriver\\lib\\promise.js:2775:25)\n    at node_modules\\selenium-webdriver\\lib\\promise.js:639:7\nFrom: Task: <anonymous>\n    at executeInFlow (example\\test.js:50:37)\n    at example\\test.js:32:17\n    at node_modules\\yadda\\lib\\plugins\\mocha\\StepLevelPlugin.js:37:17\n    at Context.<anonymous> (node_modules\\yadda\\lib\\plugins\\mocha\\BasePlugin.js:38:13)"
                },
                "isRoot": false,
                "uuid": "8616f67f-c291-4c96-95a2-162256d95b32",
                "parentUUID": "635b7d62-ecb0-4ce8-98e5-6648f7b4566d",
                "isHook": false,
                "skipped": false
              }
            ],
            "pending": [],
            "root": false,
            "_timeout": 50000,
            "file": "\\example\\test.js",
            "uuid": "635b7d62-ecb0-4ce8-98e5-6648f7b4566d",
            "beforeHooks": [],
            "afterHooks": [],
            "fullFile": "D:\\TAF\\256\\mochaautomation\\example\\test.js",
            "passes": [
              {
                "title": "Given User is on TAF Example Page",
                "fullTitle": "Verification of Actions functions on Test Automation Example Page Verification of Action Functions  Given User is on TAF Example Page",
                "timedOut": false,
                "duration": 11547,
                "state": "passed",
                "speed": "slow",
                "pass": true,
                "fail": false,
                "pending": false,
                "code": "iterator(this, subject, done);",
                "err": {},
                "isRoot": false,
                "uuid": "73466ffc-593e-4455-b307-a248096579f1",
                "parentUUID": "635b7d62-ecb0-4ce8-98e5-6648f7b4566d",
                "isHook": false,
                "skipped": false
              },
              {
                "title": "When The hidden text is visible",
                "fullTitle": "Verification of Actions functions on Test Automation Example Page Verification of Action Functions  When The hidden text is visible",
                "timedOut": false,
                "duration": 10035,
                "state": "passed",
                "speed": "slow",
                "pass": true,
                "fail": false,
                "pending": false,
                "code": "iterator(this, subject, done);",
                "err": {},
                "isRoot": false,
                "uuid": "63910520-abb1-474a-a77c-f5128eb1388d",
                "parentUUID": "635b7d62-ecb0-4ce8-98e5-6648f7b4566d",
                "isHook": false,
                "skipped": false
              },
              {
                "title": "Then User enter text in Text box",
                "fullTitle": "Verification of Actions functions on Test Automation Example Page Verification of Action Functions  Then User enter text in Text box",
                "timedOut": false,
                "duration": 382,
                "state": "passed",
                "speed": "slow",
                "pass": true,
                "fail": false,
                "pending": false,
                "code": "iterator(this, subject, done);",
                "err": {},
                "isRoot": false,
                "uuid": "a8b1ca9e-4054-446c-b5f4-6a9ba20313b0",
                "parentUUID": "635b7d62-ecb0-4ce8-98e5-6648f7b4566d",
                "isHook": false,
                "skipped": false
              },
              {
                "title": "Then User selects options from select menu",
                "fullTitle": "Verification of Actions functions on Test Automation Example Page Verification of Action Functions  Then User selects options from select menu",
                "timedOut": false,
                "duration": 399,
                "state": "passed",
                "speed": "slow",
                "pass": true,
                "fail": false,
                "pending": false,
                "code": "iterator(this, subject, done);",
                "err": {},
                "isRoot": false,
                "uuid": "1d0e7f5e-7479-4399-8957-01cfc302bddf",
                "parentUUID": "635b7d62-ecb0-4ce8-98e5-6648f7b4566d",
                "isHook": false,
                "skipped": false
              },
              {
                "title": "Then User select Mutual Funds and ETFs checkbox",
                "fullTitle": "Verification of Actions functions on Test Automation Example Page Verification of Action Functions  Then User select Mutual Funds and ETFs checkbox",
                "timedOut": false,
                "duration": 449,
                "state": "passed",
                "speed": "slow",
                "pass": true,
                "fail": false,
                "pending": false,
                "code": "iterator(this, subject, done);",
                "err": {},
                "isRoot": false,
                "uuid": "5180e9a9-fdb8-4436-83c6-511a3c431857",
                "parentUUID": "635b7d62-ecb0-4ce8-98e5-6648f7b4566d",
                "isHook": false,
                "skipped": false
              },
              {
                "title": "Then User uncheck ETFs checkbox",
                "fullTitle": "Verification of Actions functions on Test Automation Example Page Verification of Action Functions  Then User uncheck ETFs checkbox",
                "timedOut": false,
                "duration": 306,
                "state": "passed",
                "speed": "slow",
                "pass": true,
                "fail": false,
                "pending": false,
                "code": "iterator(this, subject, done);",
                "err": {},
                "isRoot": false,
                "uuid": "b3dee768-f8cd-45aa-922a-31e3cd5d8cd0",
                "parentUUID": "635b7d62-ecb0-4ce8-98e5-6648f7b4566d",
                "isHook": false,
                "skipped": false
              },
              {
                "title": "Then User selects Options radio button",
                "fullTitle": "Verification of Actions functions on Test Automation Example Page Verification of Action Functions  Then User selects Options radio button",
                "timedOut": false,
                "duration": 341,
                "state": "passed",
                "speed": "slow",
                "pass": true,
                "fail": false,
                "pending": false,
                "code": "iterator(this, subject, done);",
                "err": {},
                "isRoot": false,
                "uuid": "0f1c4477-f4f6-45db-be86-5f166dc435b4",
                "parentUUID": "635b7d62-ecb0-4ce8-98e5-6648f7b4566d",
                "isHook": false,
                "skipped": false
              },
              {
                "title": "Then User performs mouseover on hover text",
                "fullTitle": "Verification of Actions functions on Test Automation Example Page Verification of Action Functions  Then User performs mouseover on hover text",
                "timedOut": false,
                "duration": 311,
                "state": "passed",
                "speed": "slow",
                "pass": true,
                "fail": false,
                "pending": false,
                "code": "iterator(this, subject, done);",
                "err": {},
                "isRoot": false,
                "uuid": "ceb7c89e-9b1a-4b11-9482-4fe38e5d8296",
                "parentUUID": "635b7d62-ecb0-4ce8-98e5-6648f7b4566d",
                "isHook": false,
                "skipped": false
              },
              {
                "title": "Then User scrolls the page to bottom",
                "fullTitle": "Verification of Actions functions on Test Automation Example Page Verification of Action Functions  Then User scrolls the page to bottom",
                "timedOut": false,
                "duration": 298,
                "state": "passed",
                "speed": "slow",
                "pass": true,
                "fail": false,
                "pending": false,
                "code": "iterator(this, subject, done);",
                "err": {},
                "isRoot": false,
                "uuid": "94a145aa-dcce-4548-9191-277f2bbcc524",
                "parentUUID": "635b7d62-ecb0-4ce8-98e5-6648f7b4566d",
                "isHook": false,
                "skipped": false
              }
            ],
            "failures": [
              {
                "title": "Then User enters text in the text box inside iframe",
                "fullTitle": "Verification of Actions functions on Test Automation Example Page Verification of Action Functions  Then User enters text in the text box inside iframe",
                "timedOut": false,
                "duration": 4,
                "state": "failed",
                "pass": false,
                "fail": true,
                "pending": false,
                "code": "iterator(this, subject, done);",
                "err": {
                  "message": "ReferenceError: element is not defined",
                  "estack": "ReferenceError: element is not defined\n    at FunctionLibrary.fnSwitchToFrame (lib\\function-library.js:694:58)\n    at Object.<anonymous> (example\\step-definition\\intranet-step.js:128:28)\n    at Object.invoke (node_modules\\yadda\\lib\\fn.js:15:19)\n    at node_modules\\yadda\\lib\\Macro.js:37:29\n    at node_modules\\yadda\\lib\\Array.js:85:13\n    at each_async (node_modules\\yadda\\lib\\Array.js:55:35)\n    at Array.collect_async (node_modules\\yadda\\lib\\Array.js:77:9)\n    at Array.collect_async (node_modules\\yadda\\lib\\fn.js:10:23)\n    at convert (node_modules\\yadda\\lib\\Macro.js:83:12)\n    at Macro.interpret (node_modules\\yadda\\lib\\Macro.js:32:9)\n    at Interpreter.interpret_step (node_modules\\yadda\\lib\\Interpreter.js:59:15)\n    at iterator (node_modules\\yadda\\lib\\Interpreter.js:49:19)\n    at node_modules\\yadda\\lib\\fn.js:35:16\n    at iterate (node_modules\\yadda\\lib\\Array.js:58:13)\n    at Array.each_async (node_modules\\yadda\\lib\\Array.js:64:9)\n    at Array.each_async (node_modules\\yadda\\lib\\fn.js:10:23)\n    at Interpreter.interpret (node_modules\\yadda\\lib\\Interpreter.js:44:21)\n    at Yadda.yadda (node_modules\\yadda\\lib\\Yadda.js:25:26)\n    at example\\test.js:33:66\n    at TaskQueue.execute_ (node_modules\\selenium-webdriver\\lib\\promise.js:2868:14)\n    at TaskQueue.executeNext_ (node_modules\\selenium-webdriver\\lib\\promise.js:2851:21)\n    at asyncRun (node_modules\\selenium-webdriver\\lib\\promise.js:2775:25)\n    at node_modules\\selenium-webdriver\\lib\\promise.js:639:7\nFrom: Task: <anonymous>\n    at executeInFlow (example\\test.js:50:37)\n    at example\\test.js:32:17\n    at node_modules\\yadda\\lib\\plugins\\mocha\\StepLevelPlugin.js:37:17\n    at Context.<anonymous> (node_modules\\yadda\\lib\\plugins\\mocha\\BasePlugin.js:38:13)"
                },
                "isRoot": false,
                "uuid": "8616f67f-c291-4c96-95a2-162256d95b32",
                "parentUUID": "635b7d62-ecb0-4ce8-98e5-6648f7b4566d",
                "isHook": false,
                "skipped": false
              }
            ],
            "skipped": [],
            "hasBeforeHooks": false,
            "hasAfterHooks": false,
            "hasTests": true,
            "hasSuites": false,
            "totalTests": 10,
            "totalPasses": 9,
            "totalFailures": 1,
            "totalPending": 0,
            "totalSkipped": 0,
            "hasPasses": true,
            "hasFailures": true,
            "hasPending": false,
            "hasSkipped": false,
            "duration": 24072,
            "rootEmpty": false
          }
        ],
        "tests": [],
        "pending": [],
        "root": false,
        "_timeout": 50000,
        "file": "\\example\\test.js",
        "uuid": "f5ff007e-76eb-4ffe-95a3-7a5ec1ab572f",
        "beforeHooks": [
          {
            "title": "\"before all\" hook",
            "fullTitle": "Verification of Actions functions on Test Automation Example Page \"before all\" hook",
            "timedOut": false,
            "duration": 407,
            "pass": false,
            "fail": false,
            "pending": false,
            "code": "log.info('Start of the automation test Execution');\n       \n  driver = new webdriver.Builder().usingServer().withCapabilities({'browserName': gBrowser}).build();\n\ndriver.manage().timeouts().implicitlyWait(10000);\ndone();",
            "err": {},
            "isRoot": false,
            "uuid": "9cfa142b-522a-4f86-89ca-009d106b703d",
            "parentUUID": "f5ff007e-76eb-4ffe-95a3-7a5ec1ab572f",
            "isHook": true,
            "skipped": false
          }
        ],
        "afterHooks": [
          {
            "title": "\"after all\" hook",
            "fullTitle": "Verification of Actions functions on Test Automation Example Page \"after all\" hook",
            "timedOut": false,
            "duration": 573,
            "pass": false,
            "fail": false,
            "pending": false,
            "code": "log.info('End of the automation test Execution');\ndriver.quit().then(done);",
            "err": {},
            "isRoot": false,
            "uuid": "d504cc2b-075e-4caa-bbbf-266d47bf4d9c",
            "parentUUID": "f5ff007e-76eb-4ffe-95a3-7a5ec1ab572f",
            "isHook": true,
            "skipped": false
          },
          {
            "title": "\"after each\" hook",
            "fullTitle": "Verification of Actions functions on Test Automation Example Page \"after each\" hook",
            "timedOut": false,
            "duration": 0,
            "pass": false,
            "fail": false,
            "pending": false,
            "code": "takeScreenshotOnFailure(this.currentTest);",
            "err": {},
            "isRoot": false,
            "uuid": "482669ee-b70d-4e24-9f71-f320c4952a53",
            "parentUUID": "f5ff007e-76eb-4ffe-95a3-7a5ec1ab572f",
            "isHook": true,
            "skipped": false
          }
        ],
        "fullFile": "D:\\TAF\\256\\mochaautomation\\example\\test.js",
        "passes": [],
        "failures": [],
        "skipped": [],
        "hasBeforeHooks": true,
        "hasAfterHooks": true,
        "hasTests": false,
        "hasSuites": true,
        "totalTests": 0,
        "totalPasses": 0,
        "totalFailures": 0,
        "totalPending": 0,
        "totalSkipped": 0,
        "hasPasses": false,
        "hasFailures": false,
        "hasPending": false,
        "hasSkipped": false,
        "duration": 0,
        "rootEmpty": false
      }
    ],
    "tests": [],
    "pending": [],
    "root": true,
    "_timeout": 50000,
    "uuid": "ab1bb8b2-c3cd-4d84-bd8a-61a9c678d19e",
    "beforeHooks": [],
    "afterHooks": [],
    "fullFile": "",
    "file": "",
    "passes": [],
    "failures": [],
    "skipped": [],
    "hasBeforeHooks": false,
    "hasAfterHooks": false,
    "hasTests": false,
    "hasSuites": true,
    "totalTests": 0,
    "totalPasses": 0,
    "totalFailures": 0,
    "totalPending": 0,
    "totalSkipped": 0,
    "hasPasses": false,
    "hasFailures": false,
    "hasPending": false,
    "hasSkipped": false,
    "duration": 0,
    "rootEmpty": true
  },
  "allTests": [
    {
      "title": "Given User is on TAF Example Page",
      "fullTitle": "Verification of Action Functions  Given User is on TAF Example Page",
      "timedOut": false,
      "duration": 11547,
      "state": "passed",
      "speed": "slow",
      "pass": true,
      "fail": false,
      "pending": false,
      "code": "iterator(this, subject, done);",
      "err": {},
      "isRoot": false,
      "uuid": "73466ffc-593e-4455-b307-a248096579f1",
      "parentUUID": "635b7d62-ecb0-4ce8-98e5-6648f7b4566d",
      "isHook": false,
      "skipped": false
    },
    {
      "title": "When The hidden text is visible",
      "fullTitle": "Verification of Action Functions  When The hidden text is visible",
      "timedOut": false,
      "duration": 10035,
      "state": "passed",
      "speed": "slow",
      "pass": true,
      "fail": false,
      "pending": false,
      "code": "iterator(this, subject, done);",
      "err": {},
      "isRoot": false,
      "uuid": "63910520-abb1-474a-a77c-f5128eb1388d",
      "parentUUID": "635b7d62-ecb0-4ce8-98e5-6648f7b4566d",
      "isHook": false,
      "skipped": false
    },
    {
      "title": "Then User enter text in Text box",
      "fullTitle": "Verification of Action Functions  Then User enter text in Text box",
      "timedOut": false,
      "duration": 382,
      "state": "passed",
      "speed": "slow",
      "pass": true,
      "fail": false,
      "pending": false,
      "code": "iterator(this, subject, done);",
      "err": {},
      "isRoot": false,
      "uuid": "a8b1ca9e-4054-446c-b5f4-6a9ba20313b0",
      "parentUUID": "635b7d62-ecb0-4ce8-98e5-6648f7b4566d",
      "isHook": false,
      "skipped": false
    },
    {
      "title": "Then User selects options from select menu",
      "fullTitle": "Verification of Action Functions  Then User selects options from select menu",
      "timedOut": false,
      "duration": 399,
      "state": "passed",
      "speed": "slow",
      "pass": true,
      "fail": false,
      "pending": false,
      "code": "iterator(this, subject, done);",
      "err": {},
      "isRoot": false,
      "uuid": "1d0e7f5e-7479-4399-8957-01cfc302bddf",
      "parentUUID": "635b7d62-ecb0-4ce8-98e5-6648f7b4566d",
      "isHook": false,
      "skipped": false
    },
    {
      "title": "Then User select Mutual Funds and ETFs checkbox",
      "fullTitle": "Verification of Action Functions  Then User select Mutual Funds and ETFs checkbox",
      "timedOut": false,
      "duration": 449,
      "state": "passed",
      "speed": "slow",
      "pass": true,
      "fail": false,
      "pending": false,
      "code": "iterator(this, subject, done);",
      "err": {},
      "isRoot": false,
      "uuid": "5180e9a9-fdb8-4436-83c6-511a3c431857",
      "parentUUID": "635b7d62-ecb0-4ce8-98e5-6648f7b4566d",
      "isHook": false,
      "skipped": false
    },
    {
      "title": "Then User uncheck ETFs checkbox",
      "fullTitle": "Verification of Action Functions  Then User uncheck ETFs checkbox",
      "timedOut": false,
      "duration": 306,
      "state": "passed",
      "speed": "slow",
      "pass": true,
      "fail": false,
      "pending": false,
      "code": "iterator(this, subject, done);",
      "err": {},
      "isRoot": false,
      "uuid": "b3dee768-f8cd-45aa-922a-31e3cd5d8cd0",
      "parentUUID": "635b7d62-ecb0-4ce8-98e5-6648f7b4566d",
      "isHook": false,
      "skipped": false
    },
    {
      "title": "Then User selects Options radio button",
      "fullTitle": "Verification of Action Functions  Then User selects Options radio button",
      "timedOut": false,
      "duration": 341,
      "state": "passed",
      "speed": "slow",
      "pass": true,
      "fail": false,
      "pending": false,
      "code": "iterator(this, subject, done);",
      "err": {},
      "isRoot": false,
      "uuid": "0f1c4477-f4f6-45db-be86-5f166dc435b4",
      "parentUUID": "635b7d62-ecb0-4ce8-98e5-6648f7b4566d",
      "isHook": false,
      "skipped": false
    },
    {
      "title": "Then User performs mouseover on hover text",
      "fullTitle": "Verification of Action Functions  Then User performs mouseover on hover text",
      "timedOut": false,
      "duration": 311,
      "state": "passed",
      "speed": "slow",
      "pass": true,
      "fail": false,
      "pending": false,
      "code": "iterator(this, subject, done);",
      "err": {},
      "isRoot": false,
      "uuid": "ceb7c89e-9b1a-4b11-9482-4fe38e5d8296",
      "parentUUID": "635b7d62-ecb0-4ce8-98e5-6648f7b4566d",
      "isHook": false,
      "skipped": false
    },
    {
      "title": "Then User scrolls the page to bottom",
      "fullTitle": "Verification of Action Functions  Then User scrolls the page to bottom",
      "timedOut": false,
      "duration": 298,
      "state": "passed",
      "speed": "slow",
      "pass": true,
      "fail": false,
      "pending": false,
      "code": "iterator(this, subject, done);",
      "err": {},
      "isRoot": false,
      "uuid": "94a145aa-dcce-4548-9191-277f2bbcc524",
      "parentUUID": "635b7d62-ecb0-4ce8-98e5-6648f7b4566d",
      "isHook": false,
      "skipped": false
    },
    {
      "title": "Then User enters text in the text box inside iframe",
      "fullTitle": "Verification of Action Functions  Then User enters text in the text box inside iframe",
      "timedOut": false,
      "duration": 4,
      "state": "failed",
      "pass": false,
      "fail": true,
      "pending": false,
      "code": "iterator(this, subject, done);",
      "err": {
        "message": "ReferenceError: element is not defined",
        "estack": "ReferenceError: element is not defined\n    at FunctionLibrary.fnSwitchToFrame (lib\\function-library.js:694:58)\n    at Object.<anonymous> (example\\step-definition\\intranet-step.js:128:28)\n    at Object.invoke (node_modules\\yadda\\lib\\fn.js:15:19)\n    at node_modules\\yadda\\lib\\Macro.js:37:29\n    at node_modules\\yadda\\lib\\Array.js:85:13\n    at each_async (node_modules\\yadda\\lib\\Array.js:55:35)\n    at Array.collect_async (node_modules\\yadda\\lib\\Array.js:77:9)\n    at Array.collect_async (node_modules\\yadda\\lib\\fn.js:10:23)\n    at convert (node_modules\\yadda\\lib\\Macro.js:83:12)\n    at Macro.interpret (node_modules\\yadda\\lib\\Macro.js:32:9)\n    at Interpreter.interpret_step (node_modules\\yadda\\lib\\Interpreter.js:59:15)\n    at iterator (node_modules\\yadda\\lib\\Interpreter.js:49:19)\n    at node_modules\\yadda\\lib\\fn.js:35:16\n    at iterate (node_modules\\yadda\\lib\\Array.js:58:13)\n    at Array.each_async (node_modules\\yadda\\lib\\Array.js:64:9)\n    at Array.each_async (node_modules\\yadda\\lib\\fn.js:10:23)\n    at Interpreter.interpret (node_modules\\yadda\\lib\\Interpreter.js:44:21)\n    at Yadda.yadda (node_modules\\yadda\\lib\\Yadda.js:25:26)\n    at example\\test.js:33:66\n    at TaskQueue.execute_ (node_modules\\selenium-webdriver\\lib\\promise.js:2868:14)\n    at TaskQueue.executeNext_ (node_modules\\selenium-webdriver\\lib\\promise.js:2851:21)\n    at asyncRun (node_modules\\selenium-webdriver\\lib\\promise.js:2775:25)\n    at node_modules\\selenium-webdriver\\lib\\promise.js:639:7\nFrom: Task: <anonymous>\n    at executeInFlow (example\\test.js:50:37)\n    at example\\test.js:32:17\n    at node_modules\\yadda\\lib\\plugins\\mocha\\StepLevelPlugin.js:37:17\n    at Context.<anonymous> (node_modules\\yadda\\lib\\plugins\\mocha\\BasePlugin.js:38:13)"
      },
      "isRoot": false,
      "uuid": "8616f67f-c291-4c96-95a2-162256d95b32",
      "parentUUID": "635b7d62-ecb0-4ce8-98e5-6648f7b4566d",
      "isHook": false,
      "skipped": false
    }
  ],
  "allPending": [],
  "allPasses": [
    {
      "title": "Given User is on TAF Example Page",
      "fullTitle": "Verification of Action Functions  Given User is on TAF Example Page",
      "timedOut": false,
      "duration": 11547,
      "state": "passed",
      "speed": "slow",
      "pass": true,
      "fail": false,
      "pending": false,
      "code": "iterator(this, subject, done);",
      "err": {},
      "isRoot": false,
      "uuid": "73466ffc-593e-4455-b307-a248096579f1",
      "parentUUID": "635b7d62-ecb0-4ce8-98e5-6648f7b4566d",
      "isHook": false,
      "skipped": false
    },
    {
      "title": "When The hidden text is visible",
      "fullTitle": "Verification of Action Functions  When The hidden text is visible",
      "timedOut": false,
      "duration": 10035,
      "state": "passed",
      "speed": "slow",
      "pass": true,
      "fail": false,
      "pending": false,
      "code": "iterator(this, subject, done);",
      "err": {},
      "isRoot": false,
      "uuid": "63910520-abb1-474a-a77c-f5128eb1388d",
      "parentUUID": "635b7d62-ecb0-4ce8-98e5-6648f7b4566d",
      "isHook": false,
      "skipped": false
    },
    {
      "title": "Then User enter text in Text box",
      "fullTitle": "Verification of Action Functions  Then User enter text in Text box",
      "timedOut": false,
      "duration": 382,
      "state": "passed",
      "speed": "slow",
      "pass": true,
      "fail": false,
      "pending": false,
      "code": "iterator(this, subject, done);",
      "err": {},
      "isRoot": false,
      "uuid": "a8b1ca9e-4054-446c-b5f4-6a9ba20313b0",
      "parentUUID": "635b7d62-ecb0-4ce8-98e5-6648f7b4566d",
      "isHook": false,
      "skipped": false
    },
    {
      "title": "Then User selects options from select menu",
      "fullTitle": "Verification of Action Functions  Then User selects options from select menu",
      "timedOut": false,
      "duration": 399,
      "state": "passed",
      "speed": "slow",
      "pass": true,
      "fail": false,
      "pending": false,
      "code": "iterator(this, subject, done);",
      "err": {},
      "isRoot": false,
      "uuid": "1d0e7f5e-7479-4399-8957-01cfc302bddf",
      "parentUUID": "635b7d62-ecb0-4ce8-98e5-6648f7b4566d",
      "isHook": false,
      "skipped": false
    },
    {
      "title": "Then User select Mutual Funds and ETFs checkbox",
      "fullTitle": "Verification of Action Functions  Then User select Mutual Funds and ETFs checkbox",
      "timedOut": false,
      "duration": 449,
      "state": "passed",
      "speed": "slow",
      "pass": true,
      "fail": false,
      "pending": false,
      "code": "iterator(this, subject, done);",
      "err": {},
      "isRoot": false,
      "uuid": "5180e9a9-fdb8-4436-83c6-511a3c431857",
      "parentUUID": "635b7d62-ecb0-4ce8-98e5-6648f7b4566d",
      "isHook": false,
      "skipped": false
    },
    {
      "title": "Then User uncheck ETFs checkbox",
      "fullTitle": "Verification of Action Functions  Then User uncheck ETFs checkbox",
      "timedOut": false,
      "duration": 306,
      "state": "passed",
      "speed": "slow",
      "pass": true,
      "fail": false,
      "pending": false,
      "code": "iterator(this, subject, done);",
      "err": {},
      "isRoot": false,
      "uuid": "b3dee768-f8cd-45aa-922a-31e3cd5d8cd0",
      "parentUUID": "635b7d62-ecb0-4ce8-98e5-6648f7b4566d",
      "isHook": false,
      "skipped": false
    },
    {
      "title": "Then User selects Options radio button",
      "fullTitle": "Verification of Action Functions  Then User selects Options radio button",
      "timedOut": false,
      "duration": 341,
      "state": "passed",
      "speed": "slow",
      "pass": true,
      "fail": false,
      "pending": false,
      "code": "iterator(this, subject, done);",
      "err": {},
      "isRoot": false,
      "uuid": "0f1c4477-f4f6-45db-be86-5f166dc435b4",
      "parentUUID": "635b7d62-ecb0-4ce8-98e5-6648f7b4566d",
      "isHook": false,
      "skipped": false
    },
    {
      "title": "Then User performs mouseover on hover text",
      "fullTitle": "Verification of Action Functions  Then User performs mouseover on hover text",
      "timedOut": false,
      "duration": 311,
      "state": "passed",
      "speed": "slow",
      "pass": true,
      "fail": false,
      "pending": false,
      "code": "iterator(this, subject, done);",
      "err": {},
      "isRoot": false,
      "uuid": "ceb7c89e-9b1a-4b11-9482-4fe38e5d8296",
      "parentUUID": "635b7d62-ecb0-4ce8-98e5-6648f7b4566d",
      "isHook": false,
      "skipped": false
    },
    {
      "title": "Then User scrolls the page to bottom",
      "fullTitle": "Verification of Action Functions  Then User scrolls the page to bottom",
      "timedOut": false,
      "duration": 298,
      "state": "passed",
      "speed": "slow",
      "pass": true,
      "fail": false,
      "pending": false,
      "code": "iterator(this, subject, done);",
      "err": {},
      "isRoot": false,
      "uuid": "94a145aa-dcce-4548-9191-277f2bbcc524",
      "parentUUID": "635b7d62-ecb0-4ce8-98e5-6648f7b4566d",
      "isHook": false,
      "skipped": false
    }
  ],
  "allFailures": [
    {
      "title": "Then User enters text in the text box inside iframe",
      "fullTitle": "Verification of Action Functions  Then User enters text in the text box inside iframe",
      "timedOut": false,
      "duration": 4,
      "state": "failed",
      "pass": false,
      "fail": true,
      "pending": false,
      "code": "iterator(this, subject, done);",
      "err": {
        "message": "ReferenceError: element is not defined",
        "estack": "ReferenceError: element is not defined\n    at FunctionLibrary.fnSwitchToFrame (lib\\function-library.js:694:58)\n    at Object.<anonymous> (example\\step-definition\\intranet-step.js:128:28)\n    at Object.invoke (node_modules\\yadda\\lib\\fn.js:15:19)\n    at node_modules\\yadda\\lib\\Macro.js:37:29\n    at node_modules\\yadda\\lib\\Array.js:85:13\n    at each_async (node_modules\\yadda\\lib\\Array.js:55:35)\n    at Array.collect_async (node_modules\\yadda\\lib\\Array.js:77:9)\n    at Array.collect_async (node_modules\\yadda\\lib\\fn.js:10:23)\n    at convert (node_modules\\yadda\\lib\\Macro.js:83:12)\n    at Macro.interpret (node_modules\\yadda\\lib\\Macro.js:32:9)\n    at Interpreter.interpret_step (node_modules\\yadda\\lib\\Interpreter.js:59:15)\n    at iterator (node_modules\\yadda\\lib\\Interpreter.js:49:19)\n    at node_modules\\yadda\\lib\\fn.js:35:16\n    at iterate (node_modules\\yadda\\lib\\Array.js:58:13)\n    at Array.each_async (node_modules\\yadda\\lib\\Array.js:64:9)\n    at Array.each_async (node_modules\\yadda\\lib\\fn.js:10:23)\n    at Interpreter.interpret (node_modules\\yadda\\lib\\Interpreter.js:44:21)\n    at Yadda.yadda (node_modules\\yadda\\lib\\Yadda.js:25:26)\n    at example\\test.js:33:66\n    at TaskQueue.execute_ (node_modules\\selenium-webdriver\\lib\\promise.js:2868:14)\n    at TaskQueue.executeNext_ (node_modules\\selenium-webdriver\\lib\\promise.js:2851:21)\n    at asyncRun (node_modules\\selenium-webdriver\\lib\\promise.js:2775:25)\n    at node_modules\\selenium-webdriver\\lib\\promise.js:639:7\nFrom: Task: <anonymous>\n    at executeInFlow (example\\test.js:50:37)\n    at example\\test.js:32:17\n    at node_modules\\yadda\\lib\\plugins\\mocha\\StepLevelPlugin.js:37:17\n    at Context.<anonymous> (node_modules\\yadda\\lib\\plugins\\mocha\\BasePlugin.js:38:13)"
      },
      "isRoot": false,
      "uuid": "8616f67f-c291-4c96-95a2-162256d95b32",
      "parentUUID": "635b7d62-ecb0-4ce8-98e5-6648f7b4566d",
      "isHook": false,
      "skipped": false
    }
  ],
  "copyrightYear": 2017
}